<?xml version="1.0" encoding="UTF-8"?>
<testng-results ignored="0" total="1000" passed="1000" failed="0" skipped="0">
  <reporter-output>
    <line>
      <![CDATA[Method1]]>
    </line>
    <line>
      <![CDATA[Method1]]>
    </line>
    <line>
      <![CDATA[Method1]]>
    </line>
    <line>
      <![CDATA[Method1]]>
    </line>
    <line>
      <![CDATA[Method1]]>
    </line>
    <line>
      <![CDATA[Method1]]>
    </line>
    <line>
      <![CDATA[Method1]]>
    </line>
    <line>
      <![CDATA[Method1]]>
    </line>
    <line>
      <![CDATA[Method1]]>
    </line>
    <line>
      <![CDATA[Method1]]>
    </line>
    <line>
      <![CDATA[Method1]]>
    </line>
    <line>
      <![CDATA[Method1]]>
    </line>
    <line>
      <![CDATA[Method1]]>
    </line>
    <line>
      <![CDATA[Method1]]>
    </line>
    <line>
      <![CDATA[Method1]]>
    </line>
    <line>
      <![CDATA[Method1]]>
    </line>
    <line>
      <![CDATA[Method1]]>
    </line>
    <line>
      <![CDATA[Method1]]>
    </line>
    <line>
      <![CDATA[Method1]]>
    </line>
    <line>
      <![CDATA[Method1]]>
    </line>
    <line>
      <![CDATA[Method1]]>
    </line>
    <line>
      <![CDATA[Method1]]>
    </line>
    <line>
      <![CDATA[Method1]]>
    </line>
    <line>
      <![CDATA[Method1]]>
    </line>
    <line>
      <![CDATA[Method1]]>
    </line>
    <line>
      <![CDATA[Method1]]>
    </line>
    <line>
      <![CDATA[Method1]]>
    </line>
    <line>
      <![CDATA[Method1]]>
    </line>
    <line>
      <![CDATA[Method1]]>
    </line>
    <line>
      <![CDATA[Method1]]>
    </line>
    <line>
      <![CDATA[Method1]]>
    </line>
    <line>
      <![CDATA[Method1]]>
    </line>
    <line>
      <![CDATA[Method1]]>
    </line>
    <line>
      <![CDATA[Method1]]>
    </line>
    <line>
      <![CDATA[Method1]]>
    </line>
    <line>
      <![CDATA[Method1]]>
    </line>
    <line>
      <![CDATA[Method1]]>
    </line>
    <line>
      <![CDATA[Method1]]>
    </line>
    <line>
      <![CDATA[Method1]]>
    </line>
    <line>
      <![CDATA[Method1]]>
    </line>
    <line>
      <![CDATA[Method1]]>
    </line>
    <line>
      <![CDATA[Method1]]>
    </line>
    <line>
      <![CDATA[Method1]]>
    </line>
    <line>
      <![CDATA[Method1]]>
    </line>
    <line>
      <![CDATA[Method1]]>
    </line>
    <line>
      <![CDATA[Method1]]>
    </line>
    <line>
      <![CDATA[Method1]]>
    </line>
    <line>
      <![CDATA[Method1]]>
    </line>
    <line>
      <![CDATA[Method1]]>
    </line>
    <line>
      <![CDATA[Method1]]>
    </line>
    <line>
      <![CDATA[Method1]]>
    </line>
    <line>
      <![CDATA[Method1]]>
    </line>
    <line>
      <![CDATA[Method1]]>
    </line>
    <line>
      <![CDATA[Method1]]>
    </line>
    <line>
      <![CDATA[Method1]]>
    </line>
    <line>
      <![CDATA[Method1]]>
    </line>
    <line>
      <![CDATA[Method1]]>
    </line>
    <line>
      <![CDATA[Method1]]>
    </line>
    <line>
      <![CDATA[Method1]]>
    </line>
    <line>
      <![CDATA[Method1]]>
    </line>
    <line>
      <![CDATA[Method1]]>
    </line>
    <line>
      <![CDATA[Method1]]>
    </line>
    <line>
      <![CDATA[Method1]]>
    </line>
    <line>
      <![CDATA[Method1]]>
    </line>
    <line>
      <![CDATA[Method1]]>
    </line>
    <line>
      <![CDATA[Method1]]>
    </line>
    <line>
      <![CDATA[Method1]]>
    </line>
    <line>
      <![CDATA[Method1]]>
    </line>
    <line>
      <![CDATA[Method1]]>
    </line>
    <line>
      <![CDATA[Method1]]>
    </line>
    <line>
      <![CDATA[Method1]]>
    </line>
    <line>
      <![CDATA[Method1]]>
    </line>
    <line>
      <![CDATA[Method1]]>
    </line>
    <line>
      <![CDATA[Method1]]>
    </line>
    <line>
      <![CDATA[Method1]]>
    </line>
    <line>
      <![CDATA[Method1]]>
    </line>
    <line>
      <![CDATA[Method1]]>
    </line>
    <line>
      <![CDATA[Method1]]>
    </line>
    <line>
      <![CDATA[Method1]]>
    </line>
    <line>
      <![CDATA[Method1]]>
    </line>
    <line>
      <![CDATA[Method1]]>
    </line>
    <line>
      <![CDATA[Method1]]>
    </line>
    <line>
      <![CDATA[Method1]]>
    </line>
    <line>
      <![CDATA[Method1]]>
    </line>
    <line>
      <![CDATA[Method1]]>
    </line>
    <line>
      <![CDATA[Method1]]>
    </line>
    <line>
      <![CDATA[Method1]]>
    </line>
    <line>
      <![CDATA[Method1]]>
    </line>
    <line>
      <![CDATA[Method1]]>
    </line>
    <line>
      <![CDATA[Method1]]>
    </line>
    <line>
      <![CDATA[Method1]]>
    </line>
    <line>
      <![CDATA[Method1]]>
    </line>
    <line>
      <![CDATA[Method1]]>
    </line>
    <line>
      <![CDATA[Method1]]>
    </line>
    <line>
      <![CDATA[Method1]]>
    </line>
    <line>
      <![CDATA[Method1]]>
    </line>
    <line>
      <![CDATA[Method1]]>
    </line>
    <line>
      <![CDATA[Method1]]>
    </line>
    <line>
      <![CDATA[Method1]]>
    </line>
    <line>
      <![CDATA[Method1]]>
    </line>
    <line>
      <![CDATA[Method1]]>
    </line>
    <line>
      <![CDATA[Method1]]>
    </line>
    <line>
      <![CDATA[Method1]]>
    </line>
    <line>
      <![CDATA[Method1]]>
    </line>
    <line>
      <![CDATA[Method1]]>
    </line>
    <line>
      <![CDATA[Method1]]>
    </line>
    <line>
      <![CDATA[Method1]]>
    </line>
    <line>
      <![CDATA[Method1]]>
    </line>
    <line>
      <![CDATA[Method1]]>
    </line>
    <line>
      <![CDATA[Method1]]>
    </line>
    <line>
      <![CDATA[Method1]]>
    </line>
    <line>
      <![CDATA[Method1]]>
    </line>
    <line>
      <![CDATA[Method1]]>
    </line>
    <line>
      <![CDATA[Method1]]>
    </line>
    <line>
      <![CDATA[Method1]]>
    </line>
    <line>
      <![CDATA[Method1]]>
    </line>
    <line>
      <![CDATA[Method1]]>
    </line>
    <line>
      <![CDATA[Method1]]>
    </line>
    <line>
      <![CDATA[Method1]]>
    </line>
    <line>
      <![CDATA[Method1]]>
    </line>
    <line>
      <![CDATA[Method1]]>
    </line>
    <line>
      <![CDATA[Method1]]>
    </line>
    <line>
      <![CDATA[Method1]]>
    </line>
    <line>
      <![CDATA[Method1]]>
    </line>
    <line>
      <![CDATA[Method1]]>
    </line>
    <line>
      <![CDATA[Method1]]>
    </line>
    <line>
      <![CDATA[Method1]]>
    </line>
    <line>
      <![CDATA[Method1]]>
    </line>
    <line>
      <![CDATA[Method1]]>
    </line>
    <line>
      <![CDATA[Method1]]>
    </line>
    <line>
      <![CDATA[Method1]]>
    </line>
    <line>
      <![CDATA[Method1]]>
    </line>
    <line>
      <![CDATA[Method1]]>
    </line>
    <line>
      <![CDATA[Method1]]>
    </line>
    <line>
      <![CDATA[Method1]]>
    </line>
    <line>
      <![CDATA[Method1]]>
    </line>
    <line>
      <![CDATA[Method1]]>
    </line>
    <line>
      <![CDATA[Method1]]>
    </line>
    <line>
      <![CDATA[Method1]]>
    </line>
    <line>
      <![CDATA[Method1]]>
    </line>
    <line>
      <![CDATA[Method1]]>
    </line>
    <line>
      <![CDATA[Method1]]>
    </line>
    <line>
      <![CDATA[Method1]]>
    </line>
    <line>
      <![CDATA[Method1]]>
    </line>
    <line>
      <![CDATA[Method1]]>
    </line>
    <line>
      <![CDATA[Method1]]>
    </line>
    <line>
      <![CDATA[Method1]]>
    </line>
    <line>
      <![CDATA[Method1]]>
    </line>
    <line>
      <![CDATA[Method1]]>
    </line>
    <line>
      <![CDATA[Method1]]>
    </line>
    <line>
      <![CDATA[Method1]]>
    </line>
    <line>
      <![CDATA[Method1]]>
    </line>
    <line>
      <![CDATA[Method1]]>
    </line>
    <line>
      <![CDATA[Method1]]>
    </line>
    <line>
      <![CDATA[Method1]]>
    </line>
    <line>
      <![CDATA[Method1]]>
    </line>
    <line>
      <![CDATA[Method1]]>
    </line>
    <line>
      <![CDATA[Method1]]>
    </line>
    <line>
      <![CDATA[Method1]]>
    </line>
    <line>
      <![CDATA[Method1]]>
    </line>
    <line>
      <![CDATA[Method1]]>
    </line>
    <line>
      <![CDATA[Method1]]>
    </line>
    <line>
      <![CDATA[Method1]]>
    </line>
    <line>
      <![CDATA[Method1]]>
    </line>
    <line>
      <![CDATA[Method1]]>
    </line>
    <line>
      <![CDATA[Method1]]>
    </line>
    <line>
      <![CDATA[Method1]]>
    </line>
    <line>
      <![CDATA[Method1]]>
    </line>
    <line>
      <![CDATA[Method1]]>
    </line>
    <line>
      <![CDATA[Method1]]>
    </line>
    <line>
      <![CDATA[Method1]]>
    </line>
    <line>
      <![CDATA[Method1]]>
    </line>
    <line>
      <![CDATA[Method1]]>
    </line>
    <line>
      <![CDATA[Method1]]>
    </line>
    <line>
      <![CDATA[Method1]]>
    </line>
    <line>
      <![CDATA[Method1]]>
    </line>
    <line>
      <![CDATA[Method1]]>
    </line>
    <line>
      <![CDATA[Method1]]>
    </line>
    <line>
      <![CDATA[Method1]]>
    </line>
    <line>
      <![CDATA[Method1]]>
    </line>
    <line>
      <![CDATA[Method1]]>
    </line>
    <line>
      <![CDATA[Method1]]>
    </line>
    <line>
      <![CDATA[Method1]]>
    </line>
    <line>
      <![CDATA[Method1]]>
    </line>
    <line>
      <![CDATA[Method1]]>
    </line>
    <line>
      <![CDATA[Method1]]>
    </line>
    <line>
      <![CDATA[Method1]]>
    </line>
    <line>
      <![CDATA[Method1]]>
    </line>
    <line>
      <![CDATA[Method1]]>
    </line>
    <line>
      <![CDATA[Method1]]>
    </line>
    <line>
      <![CDATA[Method1]]>
    </line>
    <line>
      <![CDATA[Method1]]>
    </line>
    <line>
      <![CDATA[Method1]]>
    </line>
    <line>
      <![CDATA[Method1]]>
    </line>
    <line>
      <![CDATA[Method1]]>
    </line>
    <line>
      <![CDATA[Method1]]>
    </line>
    <line>
      <![CDATA[Method1]]>
    </line>
    <line>
      <![CDATA[Method1]]>
    </line>
    <line>
      <![CDATA[Method1]]>
    </line>
    <line>
      <![CDATA[Method1]]>
    </line>
    <line>
      <![CDATA[Method1]]>
    </line>
    <line>
      <![CDATA[Method1]]>
    </line>
    <line>
      <![CDATA[Method1]]>
    </line>
    <line>
      <![CDATA[Method1]]>
    </line>
    <line>
      <![CDATA[Method1]]>
    </line>
    <line>
      <![CDATA[Method1]]>
    </line>
    <line>
      <![CDATA[Method1]]>
    </line>
    <line>
      <![CDATA[Method1]]>
    </line>
    <line>
      <![CDATA[Method1]]>
    </line>
    <line>
      <![CDATA[Method1]]>
    </line>
    <line>
      <![CDATA[Method1]]>
    </line>
    <line>
      <![CDATA[Method1]]>
    </line>
    <line>
      <![CDATA[Method1]]>
    </line>
    <line>
      <![CDATA[Method1]]>
    </line>
    <line>
      <![CDATA[Method1]]>
    </line>
    <line>
      <![CDATA[Method1]]>
    </line>
    <line>
      <![CDATA[Method1]]>
    </line>
    <line>
      <![CDATA[Method1]]>
    </line>
    <line>
      <![CDATA[Method1]]>
    </line>
    <line>
      <![CDATA[Method1]]>
    </line>
    <line>
      <![CDATA[Method1]]>
    </line>
    <line>
      <![CDATA[Method1]]>
    </line>
    <line>
      <![CDATA[Method1]]>
    </line>
    <line>
      <![CDATA[Method1]]>
    </line>
    <line>
      <![CDATA[Method1]]>
    </line>
    <line>
      <![CDATA[Method1]]>
    </line>
    <line>
      <![CDATA[Method1]]>
    </line>
    <line>
      <![CDATA[Method1]]>
    </line>
    <line>
      <![CDATA[Method1]]>
    </line>
    <line>
      <![CDATA[Method1]]>
    </line>
    <line>
      <![CDATA[Method1]]>
    </line>
    <line>
      <![CDATA[Method1]]>
    </line>
    <line>
      <![CDATA[Method1]]>
    </line>
    <line>
      <![CDATA[Method1]]>
    </line>
    <line>
      <![CDATA[Method1]]>
    </line>
    <line>
      <![CDATA[Method1]]>
    </line>
    <line>
      <![CDATA[Method1]]>
    </line>
    <line>
      <![CDATA[Method1]]>
    </line>
    <line>
      <![CDATA[Method1]]>
    </line>
    <line>
      <![CDATA[Method1]]>
    </line>
    <line>
      <![CDATA[Method1]]>
    </line>
    <line>
      <![CDATA[Method1]]>
    </line>
    <line>
      <![CDATA[Method1]]>
    </line>
    <line>
      <![CDATA[Method1]]>
    </line>
    <line>
      <![CDATA[Method1]]>
    </line>
    <line>
      <![CDATA[Method1]]>
    </line>
    <line>
      <![CDATA[Method1]]>
    </line>
    <line>
      <![CDATA[Method1]]>
    </line>
    <line>
      <![CDATA[Method1]]>
    </line>
    <line>
      <![CDATA[Method1]]>
    </line>
    <line>
      <![CDATA[Method1]]>
    </line>
    <line>
      <![CDATA[Method1]]>
    </line>
    <line>
      <![CDATA[Method1]]>
    </line>
    <line>
      <![CDATA[Method1]]>
    </line>
    <line>
      <![CDATA[Method1]]>
    </line>
    <line>
      <![CDATA[Method1]]>
    </line>
    <line>
      <![CDATA[Method1]]>
    </line>
    <line>
      <![CDATA[Method1]]>
    </line>
    <line>
      <![CDATA[Method1]]>
    </line>
    <line>
      <![CDATA[Method1]]>
    </line>
    <line>
      <![CDATA[Method1]]>
    </line>
    <line>
      <![CDATA[Method1]]>
    </line>
    <line>
      <![CDATA[Method1]]>
    </line>
    <line>
      <![CDATA[Method1]]>
    </line>
    <line>
      <![CDATA[Method1]]>
    </line>
    <line>
      <![CDATA[Method1]]>
    </line>
    <line>
      <![CDATA[Method1]]>
    </line>
    <line>
      <![CDATA[Method1]]>
    </line>
    <line>
      <![CDATA[Method1]]>
    </line>
    <line>
      <![CDATA[Method1]]>
    </line>
    <line>
      <![CDATA[Method1]]>
    </line>
    <line>
      <![CDATA[Method1]]>
    </line>
    <line>
      <![CDATA[Method1]]>
    </line>
    <line>
      <![CDATA[Method1]]>
    </line>
    <line>
      <![CDATA[Method1]]>
    </line>
    <line>
      <![CDATA[Method1]]>
    </line>
    <line>
      <![CDATA[Method1]]>
    </line>
    <line>
      <![CDATA[Method1]]>
    </line>
    <line>
      <![CDATA[Method1]]>
    </line>
    <line>
      <![CDATA[Method1]]>
    </line>
    <line>
      <![CDATA[Method1]]>
    </line>
    <line>
      <![CDATA[Method1]]>
    </line>
    <line>
      <![CDATA[Method1]]>
    </line>
    <line>
      <![CDATA[Method1]]>
    </line>
    <line>
      <![CDATA[Method1]]>
    </line>
    <line>
      <![CDATA[Method1]]>
    </line>
    <line>
      <![CDATA[Method1]]>
    </line>
    <line>
      <![CDATA[Method1]]>
    </line>
    <line>
      <![CDATA[Method1]]>
    </line>
    <line>
      <![CDATA[Method1]]>
    </line>
    <line>
      <![CDATA[Method1]]>
    </line>
    <line>
      <![CDATA[Method1]]>
    </line>
    <line>
      <![CDATA[Method1]]>
    </line>
    <line>
      <![CDATA[Method1]]>
    </line>
    <line>
      <![CDATA[Method1]]>
    </line>
    <line>
      <![CDATA[Method1]]>
    </line>
    <line>
      <![CDATA[Method1]]>
    </line>
    <line>
      <![CDATA[Method1]]>
    </line>
    <line>
      <![CDATA[Method1]]>
    </line>
    <line>
      <![CDATA[Method1]]>
    </line>
    <line>
      <![CDATA[Method1]]>
    </line>
    <line>
      <![CDATA[Method1]]>
    </line>
    <line>
      <![CDATA[Method1]]>
    </line>
    <line>
      <![CDATA[Method1]]>
    </line>
    <line>
      <![CDATA[Method1]]>
    </line>
    <line>
      <![CDATA[Method1]]>
    </line>
    <line>
      <![CDATA[Method1]]>
    </line>
    <line>
      <![CDATA[Method1]]>
    </line>
    <line>
      <![CDATA[Method1]]>
    </line>
    <line>
      <![CDATA[Method1]]>
    </line>
    <line>
      <![CDATA[Method1]]>
    </line>
    <line>
      <![CDATA[Method1]]>
    </line>
    <line>
      <![CDATA[Method1]]>
    </line>
    <line>
      <![CDATA[Method1]]>
    </line>
    <line>
      <![CDATA[Method1]]>
    </line>
    <line>
      <![CDATA[Method1]]>
    </line>
    <line>
      <![CDATA[Method1]]>
    </line>
    <line>
      <![CDATA[Method1]]>
    </line>
    <line>
      <![CDATA[Method1]]>
    </line>
    <line>
      <![CDATA[Method1]]>
    </line>
    <line>
      <![CDATA[Method1]]>
    </line>
    <line>
      <![CDATA[Method1]]>
    </line>
    <line>
      <![CDATA[Method1]]>
    </line>
    <line>
      <![CDATA[Method1]]>
    </line>
    <line>
      <![CDATA[Method1]]>
    </line>
    <line>
      <![CDATA[Method1]]>
    </line>
    <line>
      <![CDATA[Method1]]>
    </line>
    <line>
      <![CDATA[Method1]]>
    </line>
    <line>
      <![CDATA[Method1]]>
    </line>
    <line>
      <![CDATA[Method1]]>
    </line>
    <line>
      <![CDATA[Method1]]>
    </line>
    <line>
      <![CDATA[Method1]]>
    </line>
    <line>
      <![CDATA[Method1]]>
    </line>
    <line>
      <![CDATA[Method1]]>
    </line>
    <line>
      <![CDATA[Method1]]>
    </line>
    <line>
      <![CDATA[Method1]]>
    </line>
    <line>
      <![CDATA[Method1]]>
    </line>
    <line>
      <![CDATA[Method1]]>
    </line>
    <line>
      <![CDATA[Method1]]>
    </line>
    <line>
      <![CDATA[Method1]]>
    </line>
    <line>
      <![CDATA[Method1]]>
    </line>
    <line>
      <![CDATA[Method1]]>
    </line>
    <line>
      <![CDATA[Method1]]>
    </line>
    <line>
      <![CDATA[Method1]]>
    </line>
    <line>
      <![CDATA[Method1]]>
    </line>
    <line>
      <![CDATA[Method1]]>
    </line>
    <line>
      <![CDATA[Method1]]>
    </line>
    <line>
      <![CDATA[Method1]]>
    </line>
    <line>
      <![CDATA[Method1]]>
    </line>
    <line>
      <![CDATA[Method1]]>
    </line>
    <line>
      <![CDATA[Method1]]>
    </line>
    <line>
      <![CDATA[Method1]]>
    </line>
    <line>
      <![CDATA[Method1]]>
    </line>
    <line>
      <![CDATA[Method1]]>
    </line>
    <line>
      <![CDATA[Method1]]>
    </line>
    <line>
      <![CDATA[Method1]]>
    </line>
    <line>
      <![CDATA[Method1]]>
    </line>
    <line>
      <![CDATA[Method1]]>
    </line>
    <line>
      <![CDATA[Method1]]>
    </line>
    <line>
      <![CDATA[Method1]]>
    </line>
    <line>
      <![CDATA[Method1]]>
    </line>
    <line>
      <![CDATA[Method1]]>
    </line>
    <line>
      <![CDATA[Method1]]>
    </line>
    <line>
      <![CDATA[Method1]]>
    </line>
    <line>
      <![CDATA[Method1]]>
    </line>
    <line>
      <![CDATA[Method1]]>
    </line>
    <line>
      <![CDATA[Method1]]>
    </line>
    <line>
      <![CDATA[Method1]]>
    </line>
    <line>
      <![CDATA[Method1]]>
    </line>
    <line>
      <![CDATA[Method1]]>
    </line>
    <line>
      <![CDATA[Method1]]>
    </line>
    <line>
      <![CDATA[Method1]]>
    </line>
    <line>
      <![CDATA[Method1]]>
    </line>
    <line>
      <![CDATA[Method1]]>
    </line>
    <line>
      <![CDATA[Method1]]>
    </line>
    <line>
      <![CDATA[Method1]]>
    </line>
    <line>
      <![CDATA[Method1]]>
    </line>
    <line>
      <![CDATA[Method1]]>
    </line>
    <line>
      <![CDATA[Method1]]>
    </line>
    <line>
      <![CDATA[Method1]]>
    </line>
    <line>
      <![CDATA[Method1]]>
    </line>
    <line>
      <![CDATA[Method1]]>
    </line>
    <line>
      <![CDATA[Method1]]>
    </line>
    <line>
      <![CDATA[Method1]]>
    </line>
    <line>
      <![CDATA[Method1]]>
    </line>
    <line>
      <![CDATA[Method1]]>
    </line>
    <line>
      <![CDATA[Method1]]>
    </line>
    <line>
      <![CDATA[Method1]]>
    </line>
    <line>
      <![CDATA[Method1]]>
    </line>
    <line>
      <![CDATA[Method1]]>
    </line>
    <line>
      <![CDATA[Method1]]>
    </line>
    <line>
      <![CDATA[Method1]]>
    </line>
    <line>
      <![CDATA[Method1]]>
    </line>
    <line>
      <![CDATA[Method1]]>
    </line>
    <line>
      <![CDATA[Method1]]>
    </line>
    <line>
      <![CDATA[Method1]]>
    </line>
    <line>
      <![CDATA[Method1]]>
    </line>
    <line>
      <![CDATA[Method1]]>
    </line>
    <line>
      <![CDATA[Method1]]>
    </line>
    <line>
      <![CDATA[Method1]]>
    </line>
    <line>
      <![CDATA[Method1]]>
    </line>
    <line>
      <![CDATA[Method1]]>
    </line>
    <line>
      <![CDATA[Method1]]>
    </line>
    <line>
      <![CDATA[Method1]]>
    </line>
    <line>
      <![CDATA[Method1]]>
    </line>
    <line>
      <![CDATA[Method1]]>
    </line>
    <line>
      <![CDATA[Method1]]>
    </line>
    <line>
      <![CDATA[Method1]]>
    </line>
    <line>
      <![CDATA[Method1]]>
    </line>
    <line>
      <![CDATA[Method1]]>
    </line>
    <line>
      <![CDATA[Method1]]>
    </line>
    <line>
      <![CDATA[Method1]]>
    </line>
    <line>
      <![CDATA[Method1]]>
    </line>
    <line>
      <![CDATA[Method1]]>
    </line>
    <line>
      <![CDATA[Method1]]>
    </line>
    <line>
      <![CDATA[Method1]]>
    </line>
    <line>
      <![CDATA[Method1]]>
    </line>
    <line>
      <![CDATA[Method1]]>
    </line>
    <line>
      <![CDATA[Method1]]>
    </line>
    <line>
      <![CDATA[Method1]]>
    </line>
    <line>
      <![CDATA[Method1]]>
    </line>
    <line>
      <![CDATA[Method1]]>
    </line>
    <line>
      <![CDATA[Method1]]>
    </line>
    <line>
      <![CDATA[Method1]]>
    </line>
    <line>
      <![CDATA[Method1]]>
    </line>
    <line>
      <![CDATA[Method1]]>
    </line>
    <line>
      <![CDATA[Method1]]>
    </line>
    <line>
      <![CDATA[Method1]]>
    </line>
    <line>
      <![CDATA[Method1]]>
    </line>
    <line>
      <![CDATA[Method1]]>
    </line>
    <line>
      <![CDATA[Method1]]>
    </line>
    <line>
      <![CDATA[Method1]]>
    </line>
    <line>
      <![CDATA[Method1]]>
    </line>
    <line>
      <![CDATA[Method1]]>
    </line>
    <line>
      <![CDATA[Method1]]>
    </line>
    <line>
      <![CDATA[Method1]]>
    </line>
    <line>
      <![CDATA[Method1]]>
    </line>
    <line>
      <![CDATA[Method1]]>
    </line>
    <line>
      <![CDATA[Method1]]>
    </line>
    <line>
      <![CDATA[Method1]]>
    </line>
    <line>
      <![CDATA[Method1]]>
    </line>
    <line>
      <![CDATA[Method1]]>
    </line>
    <line>
      <![CDATA[Method1]]>
    </line>
    <line>
      <![CDATA[Method1]]>
    </line>
    <line>
      <![CDATA[Method1]]>
    </line>
    <line>
      <![CDATA[Method1]]>
    </line>
    <line>
      <![CDATA[Method1]]>
    </line>
    <line>
      <![CDATA[Method1]]>
    </line>
    <line>
      <![CDATA[Method1]]>
    </line>
    <line>
      <![CDATA[Method1]]>
    </line>
    <line>
      <![CDATA[Method1]]>
    </line>
    <line>
      <![CDATA[Method1]]>
    </line>
    <line>
      <![CDATA[Method1]]>
    </line>
    <line>
      <![CDATA[Method1]]>
    </line>
    <line>
      <![CDATA[Method1]]>
    </line>
    <line>
      <![CDATA[Method1]]>
    </line>
    <line>
      <![CDATA[Method1]]>
    </line>
    <line>
      <![CDATA[Method1]]>
    </line>
    <line>
      <![CDATA[Method1]]>
    </line>
    <line>
      <![CDATA[Method1]]>
    </line>
    <line>
      <![CDATA[Method1]]>
    </line>
    <line>
      <![CDATA[Method1]]>
    </line>
    <line>
      <![CDATA[Method1]]>
    </line>
    <line>
      <![CDATA[Method1]]>
    </line>
    <line>
      <![CDATA[Method1]]>
    </line>
    <line>
      <![CDATA[Method1]]>
    </line>
    <line>
      <![CDATA[Method1]]>
    </line>
    <line>
      <![CDATA[Method1]]>
    </line>
    <line>
      <![CDATA[Method1]]>
    </line>
    <line>
      <![CDATA[Method1]]>
    </line>
    <line>
      <![CDATA[Method1]]>
    </line>
    <line>
      <![CDATA[Method1]]>
    </line>
    <line>
      <![CDATA[Method1]]>
    </line>
    <line>
      <![CDATA[Method1]]>
    </line>
    <line>
      <![CDATA[Method1]]>
    </line>
    <line>
      <![CDATA[Method1]]>
    </line>
    <line>
      <![CDATA[Method1]]>
    </line>
    <line>
      <![CDATA[Method1]]>
    </line>
    <line>
      <![CDATA[Method1]]>
    </line>
    <line>
      <![CDATA[Method1]]>
    </line>
    <line>
      <![CDATA[Method1]]>
    </line>
    <line>
      <![CDATA[Method1]]>
    </line>
    <line>
      <![CDATA[Method1]]>
    </line>
    <line>
      <![CDATA[Method1]]>
    </line>
    <line>
      <![CDATA[Method1]]>
    </line>
    <line>
      <![CDATA[Method1]]>
    </line>
    <line>
      <![CDATA[Method1]]>
    </line>
    <line>
      <![CDATA[Method1]]>
    </line>
    <line>
      <![CDATA[Method1]]>
    </line>
    <line>
      <![CDATA[Method1]]>
    </line>
    <line>
      <![CDATA[Method1]]>
    </line>
    <line>
      <![CDATA[Method1]]>
    </line>
    <line>
      <![CDATA[Method1]]>
    </line>
    <line>
      <![CDATA[Method1]]>
    </line>
    <line>
      <![CDATA[Method1]]>
    </line>
    <line>
      <![CDATA[Method1]]>
    </line>
    <line>
      <![CDATA[Method1]]>
    </line>
    <line>
      <![CDATA[Method1]]>
    </line>
    <line>
      <![CDATA[Method1]]>
    </line>
    <line>
      <![CDATA[Method1]]>
    </line>
    <line>
      <![CDATA[Method1]]>
    </line>
    <line>
      <![CDATA[Method1]]>
    </line>
    <line>
      <![CDATA[Method1]]>
    </line>
    <line>
      <![CDATA[Method1]]>
    </line>
    <line>
      <![CDATA[Method1]]>
    </line>
    <line>
      <![CDATA[Method1]]>
    </line>
    <line>
      <![CDATA[Method1]]>
    </line>
    <line>
      <![CDATA[Method1]]>
    </line>
    <line>
      <![CDATA[Method1]]>
    </line>
    <line>
      <![CDATA[Method1]]>
    </line>
    <line>
      <![CDATA[Method1]]>
    </line>
    <line>
      <![CDATA[Method1]]>
    </line>
    <line>
      <![CDATA[Method1]]>
    </line>
    <line>
      <![CDATA[Method1]]>
    </line>
    <line>
      <![CDATA[Method1]]>
    </line>
    <line>
      <![CDATA[Method1]]>
    </line>
    <line>
      <![CDATA[Method1]]>
    </line>
    <line>
      <![CDATA[Method1]]>
    </line>
    <line>
      <![CDATA[Method1]]>
    </line>
    <line>
      <![CDATA[Method1]]>
    </line>
    <line>
      <![CDATA[Method1]]>
    </line>
    <line>
      <![CDATA[Method1]]>
    </line>
    <line>
      <![CDATA[Method1]]>
    </line>
    <line>
      <![CDATA[Method1]]>
    </line>
    <line>
      <![CDATA[Method1]]>
    </line>
    <line>
      <![CDATA[Method1]]>
    </line>
    <line>
      <![CDATA[Method1]]>
    </line>
    <line>
      <![CDATA[Method1]]>
    </line>
    <line>
      <![CDATA[Method1]]>
    </line>
    <line>
      <![CDATA[Method1]]>
    </line>
    <line>
      <![CDATA[Method1]]>
    </line>
    <line>
      <![CDATA[Method1]]>
    </line>
    <line>
      <![CDATA[Method1]]>
    </line>
    <line>
      <![CDATA[Method1]]>
    </line>
    <line>
      <![CDATA[Method1]]>
    </line>
    <line>
      <![CDATA[Method1]]>
    </line>
    <line>
      <![CDATA[Method1]]>
    </line>
    <line>
      <![CDATA[Method1]]>
    </line>
    <line>
      <![CDATA[Method1]]>
    </line>
    <line>
      <![CDATA[Method1]]>
    </line>
    <line>
      <![CDATA[Method1]]>
    </line>
    <line>
      <![CDATA[Method1]]>
    </line>
    <line>
      <![CDATA[Method1]]>
    </line>
    <line>
      <![CDATA[Method1]]>
    </line>
    <line>
      <![CDATA[Method1]]>
    </line>
    <line>
      <![CDATA[Method1]]>
    </line>
    <line>
      <![CDATA[Method1]]>
    </line>
    <line>
      <![CDATA[Method1]]>
    </line>
    <line>
      <![CDATA[Method1]]>
    </line>
    <line>
      <![CDATA[Method1]]>
    </line>
    <line>
      <![CDATA[Method1]]>
    </line>
    <line>
      <![CDATA[Method1]]>
    </line>
    <line>
      <![CDATA[Method1]]>
    </line>
    <line>
      <![CDATA[Method1]]>
    </line>
    <line>
      <![CDATA[Method1]]>
    </line>
    <line>
      <![CDATA[Method1]]>
    </line>
    <line>
      <![CDATA[Method1]]>
    </line>
    <line>
      <![CDATA[Method1]]>
    </line>
    <line>
      <![CDATA[Method1]]>
    </line>
    <line>
      <![CDATA[Method1]]>
    </line>
    <line>
      <![CDATA[Method1]]>
    </line>
    <line>
      <![CDATA[Method1]]>
    </line>
    <line>
      <![CDATA[Method1]]>
    </line>
    <line>
      <![CDATA[Method1]]>
    </line>
    <line>
      <![CDATA[Method1]]>
    </line>
    <line>
      <![CDATA[Method1]]>
    </line>
    <line>
      <![CDATA[Method1]]>
    </line>
    <line>
      <![CDATA[Method1]]>
    </line>
    <line>
      <![CDATA[Method1]]>
    </line>
    <line>
      <![CDATA[Method1]]>
    </line>
    <line>
      <![CDATA[Method1]]>
    </line>
    <line>
      <![CDATA[Method1]]>
    </line>
    <line>
      <![CDATA[Method1]]>
    </line>
    <line>
      <![CDATA[Method1]]>
    </line>
    <line>
      <![CDATA[Method1]]>
    </line>
    <line>
      <![CDATA[Method1]]>
    </line>
    <line>
      <![CDATA[Method1]]>
    </line>
    <line>
      <![CDATA[Method1]]>
    </line>
    <line>
      <![CDATA[Method1]]>
    </line>
    <line>
      <![CDATA[Method1]]>
    </line>
    <line>
      <![CDATA[Method1]]>
    </line>
    <line>
      <![CDATA[Method1]]>
    </line>
    <line>
      <![CDATA[Method1]]>
    </line>
    <line>
      <![CDATA[Method1]]>
    </line>
    <line>
      <![CDATA[Method1]]>
    </line>
    <line>
      <![CDATA[Method1]]>
    </line>
    <line>
      <![CDATA[Method1]]>
    </line>
    <line>
      <![CDATA[Method1]]>
    </line>
    <line>
      <![CDATA[Method1]]>
    </line>
    <line>
      <![CDATA[Method1]]>
    </line>
    <line>
      <![CDATA[Method1]]>
    </line>
    <line>
      <![CDATA[Method1]]>
    </line>
    <line>
      <![CDATA[Method1]]>
    </line>
    <line>
      <![CDATA[Method1]]>
    </line>
    <line>
      <![CDATA[Method1]]>
    </line>
    <line>
      <![CDATA[Method1]]>
    </line>
    <line>
      <![CDATA[Method1]]>
    </line>
    <line>
      <![CDATA[Method1]]>
    </line>
    <line>
      <![CDATA[Method1]]>
    </line>
    <line>
      <![CDATA[Method1]]>
    </line>
    <line>
      <![CDATA[Method1]]>
    </line>
    <line>
      <![CDATA[Method1]]>
    </line>
    <line>
      <![CDATA[Method1]]>
    </line>
    <line>
      <![CDATA[Method1]]>
    </line>
    <line>
      <![CDATA[Method1]]>
    </line>
    <line>
      <![CDATA[Method1]]>
    </line>
    <line>
      <![CDATA[Method1]]>
    </line>
    <line>
      <![CDATA[Method1]]>
    </line>
    <line>
      <![CDATA[Method1]]>
    </line>
    <line>
      <![CDATA[Method1]]>
    </line>
    <line>
      <![CDATA[Method1]]>
    </line>
    <line>
      <![CDATA[Method1]]>
    </line>
    <line>
      <![CDATA[Method1]]>
    </line>
    <line>
      <![CDATA[Method1]]>
    </line>
    <line>
      <![CDATA[Method1]]>
    </line>
    <line>
      <![CDATA[Method1]]>
    </line>
    <line>
      <![CDATA[Method1]]>
    </line>
    <line>
      <![CDATA[Method1]]>
    </line>
    <line>
      <![CDATA[Method1]]>
    </line>
    <line>
      <![CDATA[Method1]]>
    </line>
    <line>
      <![CDATA[Method1]]>
    </line>
    <line>
      <![CDATA[Method1]]>
    </line>
    <line>
      <![CDATA[Method1]]>
    </line>
    <line>
      <![CDATA[Method1]]>
    </line>
    <line>
      <![CDATA[Method1]]>
    </line>
    <line>
      <![CDATA[Method1]]>
    </line>
    <line>
      <![CDATA[Method1]]>
    </line>
    <line>
      <![CDATA[Method1]]>
    </line>
    <line>
      <![CDATA[Method1]]>
    </line>
    <line>
      <![CDATA[Method1]]>
    </line>
    <line>
      <![CDATA[Method1]]>
    </line>
    <line>
      <![CDATA[Method1]]>
    </line>
    <line>
      <![CDATA[Method1]]>
    </line>
    <line>
      <![CDATA[Method1]]>
    </line>
    <line>
      <![CDATA[Method1]]>
    </line>
    <line>
      <![CDATA[Method1]]>
    </line>
    <line>
      <![CDATA[Method1]]>
    </line>
    <line>
      <![CDATA[Method1]]>
    </line>
    <line>
      <![CDATA[Method1]]>
    </line>
    <line>
      <![CDATA[Method1]]>
    </line>
    <line>
      <![CDATA[Method1]]>
    </line>
    <line>
      <![CDATA[Method1]]>
    </line>
    <line>
      <![CDATA[Method1]]>
    </line>
    <line>
      <![CDATA[Method1]]>
    </line>
    <line>
      <![CDATA[Method1]]>
    </line>
    <line>
      <![CDATA[Method1]]>
    </line>
    <line>
      <![CDATA[Method1]]>
    </line>
    <line>
      <![CDATA[Method1]]>
    </line>
    <line>
      <![CDATA[Method1]]>
    </line>
    <line>
      <![CDATA[Method1]]>
    </line>
    <line>
      <![CDATA[Method1]]>
    </line>
    <line>
      <![CDATA[Method1]]>
    </line>
    <line>
      <![CDATA[Method1]]>
    </line>
    <line>
      <![CDATA[Method1]]>
    </line>
    <line>
      <![CDATA[Method1]]>
    </line>
    <line>
      <![CDATA[Method1]]>
    </line>
    <line>
      <![CDATA[Method1]]>
    </line>
    <line>
      <![CDATA[Method1]]>
    </line>
    <line>
      <![CDATA[Method1]]>
    </line>
    <line>
      <![CDATA[Method1]]>
    </line>
    <line>
      <![CDATA[Method1]]>
    </line>
    <line>
      <![CDATA[Method1]]>
    </line>
    <line>
      <![CDATA[Method1]]>
    </line>
    <line>
      <![CDATA[Method1]]>
    </line>
    <line>
      <![CDATA[Method1]]>
    </line>
    <line>
      <![CDATA[Method1]]>
    </line>
    <line>
      <![CDATA[Method1]]>
    </line>
    <line>
      <![CDATA[Method1]]>
    </line>
    <line>
      <![CDATA[Method1]]>
    </line>
    <line>
      <![CDATA[Method1]]>
    </line>
    <line>
      <![CDATA[Method1]]>
    </line>
    <line>
      <![CDATA[Method1]]>
    </line>
    <line>
      <![CDATA[Method1]]>
    </line>
    <line>
      <![CDATA[Method1]]>
    </line>
    <line>
      <![CDATA[Method1]]>
    </line>
    <line>
      <![CDATA[Method1]]>
    </line>
    <line>
      <![CDATA[Method1]]>
    </line>
    <line>
      <![CDATA[Method1]]>
    </line>
    <line>
      <![CDATA[Method1]]>
    </line>
    <line>
      <![CDATA[Method1]]>
    </line>
    <line>
      <![CDATA[Method1]]>
    </line>
    <line>
      <![CDATA[Method1]]>
    </line>
    <line>
      <![CDATA[Method1]]>
    </line>
    <line>
      <![CDATA[Method1]]>
    </line>
    <line>
      <![CDATA[Method1]]>
    </line>
    <line>
      <![CDATA[Method1]]>
    </line>
    <line>
      <![CDATA[Method1]]>
    </line>
    <line>
      <![CDATA[Method1]]>
    </line>
    <line>
      <![CDATA[Method1]]>
    </line>
    <line>
      <![CDATA[Method1]]>
    </line>
    <line>
      <![CDATA[Method1]]>
    </line>
    <line>
      <![CDATA[Method1]]>
    </line>
    <line>
      <![CDATA[Method1]]>
    </line>
    <line>
      <![CDATA[Method1]]>
    </line>
    <line>
      <![CDATA[Method1]]>
    </line>
    <line>
      <![CDATA[Method1]]>
    </line>
    <line>
      <![CDATA[Method1]]>
    </line>
    <line>
      <![CDATA[Method1]]>
    </line>
    <line>
      <![CDATA[Method1]]>
    </line>
    <line>
      <![CDATA[Method1]]>
    </line>
    <line>
      <![CDATA[Method1]]>
    </line>
    <line>
      <![CDATA[Method1]]>
    </line>
    <line>
      <![CDATA[Method1]]>
    </line>
    <line>
      <![CDATA[Method1]]>
    </line>
    <line>
      <![CDATA[Method1]]>
    </line>
    <line>
      <![CDATA[Method1]]>
    </line>
    <line>
      <![CDATA[Method1]]>
    </line>
    <line>
      <![CDATA[Method1]]>
    </line>
    <line>
      <![CDATA[Method1]]>
    </line>
    <line>
      <![CDATA[Method1]]>
    </line>
    <line>
      <![CDATA[Method1]]>
    </line>
    <line>
      <![CDATA[Method1]]>
    </line>
    <line>
      <![CDATA[Method1]]>
    </line>
    <line>
      <![CDATA[Method1]]>
    </line>
    <line>
      <![CDATA[Method1]]>
    </line>
    <line>
      <![CDATA[Method1]]>
    </line>
    <line>
      <![CDATA[Method1]]>
    </line>
    <line>
      <![CDATA[Method1]]>
    </line>
    <line>
      <![CDATA[Method1]]>
    </line>
    <line>
      <![CDATA[Method1]]>
    </line>
    <line>
      <![CDATA[Method1]]>
    </line>
    <line>
      <![CDATA[Method1]]>
    </line>
    <line>
      <![CDATA[Method1]]>
    </line>
    <line>
      <![CDATA[Method1]]>
    </line>
    <line>
      <![CDATA[Method1]]>
    </line>
    <line>
      <![CDATA[Method1]]>
    </line>
    <line>
      <![CDATA[Method1]]>
    </line>
    <line>
      <![CDATA[Method1]]>
    </line>
    <line>
      <![CDATA[Method1]]>
    </line>
    <line>
      <![CDATA[Method1]]>
    </line>
    <line>
      <![CDATA[Method1]]>
    </line>
    <line>
      <![CDATA[Method1]]>
    </line>
    <line>
      <![CDATA[Method1]]>
    </line>
    <line>
      <![CDATA[Method1]]>
    </line>
    <line>
      <![CDATA[Method1]]>
    </line>
    <line>
      <![CDATA[Method1]]>
    </line>
    <line>
      <![CDATA[Method1]]>
    </line>
    <line>
      <![CDATA[Method1]]>
    </line>
    <line>
      <![CDATA[Method1]]>
    </line>
    <line>
      <![CDATA[Method1]]>
    </line>
    <line>
      <![CDATA[Method1]]>
    </line>
    <line>
      <![CDATA[Method1]]>
    </line>
    <line>
      <![CDATA[Method1]]>
    </line>
    <line>
      <![CDATA[Method1]]>
    </line>
    <line>
      <![CDATA[Method1]]>
    </line>
    <line>
      <![CDATA[Method1]]>
    </line>
    <line>
      <![CDATA[Method1]]>
    </line>
    <line>
      <![CDATA[Method1]]>
    </line>
    <line>
      <![CDATA[Method1]]>
    </line>
    <line>
      <![CDATA[Method1]]>
    </line>
    <line>
      <![CDATA[Method1]]>
    </line>
    <line>
      <![CDATA[Method1]]>
    </line>
    <line>
      <![CDATA[Method1]]>
    </line>
    <line>
      <![CDATA[Method1]]>
    </line>
    <line>
      <![CDATA[Method1]]>
    </line>
    <line>
      <![CDATA[Method1]]>
    </line>
    <line>
      <![CDATA[Method1]]>
    </line>
    <line>
      <![CDATA[Method1]]>
    </line>
    <line>
      <![CDATA[Method1]]>
    </line>
    <line>
      <![CDATA[Method1]]>
    </line>
    <line>
      <![CDATA[Method1]]>
    </line>
    <line>
      <![CDATA[Method1]]>
    </line>
    <line>
      <![CDATA[Method1]]>
    </line>
    <line>
      <![CDATA[Method1]]>
    </line>
    <line>
      <![CDATA[Method1]]>
    </line>
    <line>
      <![CDATA[Method1]]>
    </line>
    <line>
      <![CDATA[Method1]]>
    </line>
    <line>
      <![CDATA[Method1]]>
    </line>
    <line>
      <![CDATA[Method1]]>
    </line>
    <line>
      <![CDATA[Method1]]>
    </line>
    <line>
      <![CDATA[Method1]]>
    </line>
    <line>
      <![CDATA[Method1]]>
    </line>
    <line>
      <![CDATA[Method1]]>
    </line>
    <line>
      <![CDATA[Method1]]>
    </line>
    <line>
      <![CDATA[Method1]]>
    </line>
    <line>
      <![CDATA[Method1]]>
    </line>
    <line>
      <![CDATA[Method1]]>
    </line>
    <line>
      <![CDATA[Method1]]>
    </line>
    <line>
      <![CDATA[Method1]]>
    </line>
    <line>
      <![CDATA[Method1]]>
    </line>
    <line>
      <![CDATA[Method1]]>
    </line>
    <line>
      <![CDATA[Method1]]>
    </line>
    <line>
      <![CDATA[Method1]]>
    </line>
    <line>
      <![CDATA[Method1]]>
    </line>
    <line>
      <![CDATA[Method1]]>
    </line>
    <line>
      <![CDATA[Method1]]>
    </line>
    <line>
      <![CDATA[Method1]]>
    </line>
    <line>
      <![CDATA[Method1]]>
    </line>
    <line>
      <![CDATA[Method1]]>
    </line>
    <line>
      <![CDATA[Method1]]>
    </line>
    <line>
      <![CDATA[Method1]]>
    </line>
    <line>
      <![CDATA[Method1]]>
    </line>
    <line>
      <![CDATA[Method1]]>
    </line>
    <line>
      <![CDATA[Method1]]>
    </line>
    <line>
      <![CDATA[Method1]]>
    </line>
    <line>
      <![CDATA[Method1]]>
    </line>
    <line>
      <![CDATA[Method1]]>
    </line>
    <line>
      <![CDATA[Method1]]>
    </line>
    <line>
      <![CDATA[Method1]]>
    </line>
    <line>
      <![CDATA[Method1]]>
    </line>
    <line>
      <![CDATA[Method1]]>
    </line>
    <line>
      <![CDATA[Method1]]>
    </line>
    <line>
      <![CDATA[Method1]]>
    </line>
    <line>
      <![CDATA[Method1]]>
    </line>
    <line>
      <![CDATA[Method1]]>
    </line>
    <line>
      <![CDATA[Method1]]>
    </line>
    <line>
      <![CDATA[Method1]]>
    </line>
    <line>
      <![CDATA[Method1]]>
    </line>
    <line>
      <![CDATA[Method1]]>
    </line>
    <line>
      <![CDATA[Method1]]>
    </line>
    <line>
      <![CDATA[Method1]]>
    </line>
    <line>
      <![CDATA[Method1]]>
    </line>
    <line>
      <![CDATA[Method1]]>
    </line>
    <line>
      <![CDATA[Method1]]>
    </line>
    <line>
      <![CDATA[Method1]]>
    </line>
    <line>
      <![CDATA[Method1]]>
    </line>
    <line>
      <![CDATA[Method1]]>
    </line>
    <line>
      <![CDATA[Method1]]>
    </line>
    <line>
      <![CDATA[Method1]]>
    </line>
    <line>
      <![CDATA[Method1]]>
    </line>
    <line>
      <![CDATA[Method1]]>
    </line>
    <line>
      <![CDATA[Method1]]>
    </line>
    <line>
      <![CDATA[Method1]]>
    </line>
    <line>
      <![CDATA[Method1]]>
    </line>
    <line>
      <![CDATA[Method1]]>
    </line>
    <line>
      <![CDATA[Method1]]>
    </line>
    <line>
      <![CDATA[Method1]]>
    </line>
    <line>
      <![CDATA[Method1]]>
    </line>
    <line>
      <![CDATA[Method1]]>
    </line>
    <line>
      <![CDATA[Method1]]>
    </line>
    <line>
      <![CDATA[Method1]]>
    </line>
    <line>
      <![CDATA[Method1]]>
    </line>
    <line>
      <![CDATA[Method1]]>
    </line>
    <line>
      <![CDATA[Method1]]>
    </line>
    <line>
      <![CDATA[Method1]]>
    </line>
    <line>
      <![CDATA[Method1]]>
    </line>
    <line>
      <![CDATA[Method1]]>
    </line>
    <line>
      <![CDATA[Method1]]>
    </line>
    <line>
      <![CDATA[Method1]]>
    </line>
    <line>
      <![CDATA[Method1]]>
    </line>
    <line>
      <![CDATA[Method1]]>
    </line>
    <line>
      <![CDATA[Method1]]>
    </line>
    <line>
      <![CDATA[Method1]]>
    </line>
    <line>
      <![CDATA[Method1]]>
    </line>
    <line>
      <![CDATA[Method1]]>
    </line>
    <line>
      <![CDATA[Method1]]>
    </line>
    <line>
      <![CDATA[Method1]]>
    </line>
    <line>
      <![CDATA[Method1]]>
    </line>
    <line>
      <![CDATA[Method1]]>
    </line>
    <line>
      <![CDATA[Method1]]>
    </line>
    <line>
      <![CDATA[Method1]]>
    </line>
    <line>
      <![CDATA[Method1]]>
    </line>
    <line>
      <![CDATA[Method1]]>
    </line>
    <line>
      <![CDATA[Method1]]>
    </line>
    <line>
      <![CDATA[Method1]]>
    </line>
    <line>
      <![CDATA[Method1]]>
    </line>
    <line>
      <![CDATA[Method1]]>
    </line>
    <line>
      <![CDATA[Method1]]>
    </line>
    <line>
      <![CDATA[Method1]]>
    </line>
    <line>
      <![CDATA[Method1]]>
    </line>
    <line>
      <![CDATA[Method1]]>
    </line>
    <line>
      <![CDATA[Method1]]>
    </line>
    <line>
      <![CDATA[Method1]]>
    </line>
    <line>
      <![CDATA[Method1]]>
    </line>
    <line>
      <![CDATA[Method1]]>
    </line>
    <line>
      <![CDATA[Method1]]>
    </line>
    <line>
      <![CDATA[Method1]]>
    </line>
    <line>
      <![CDATA[Method1]]>
    </line>
    <line>
      <![CDATA[Method1]]>
    </line>
    <line>
      <![CDATA[Method1]]>
    </line>
    <line>
      <![CDATA[Method1]]>
    </line>
    <line>
      <![CDATA[Method1]]>
    </line>
    <line>
      <![CDATA[Method1]]>
    </line>
    <line>
      <![CDATA[Method1]]>
    </line>
    <line>
      <![CDATA[Method1]]>
    </line>
    <line>
      <![CDATA[Method1]]>
    </line>
    <line>
      <![CDATA[Method1]]>
    </line>
    <line>
      <![CDATA[Method1]]>
    </line>
    <line>
      <![CDATA[Method1]]>
    </line>
    <line>
      <![CDATA[Method1]]>
    </line>
    <line>
      <![CDATA[Method1]]>
    </line>
    <line>
      <![CDATA[Method1]]>
    </line>
    <line>
      <![CDATA[Method1]]>
    </line>
    <line>
      <![CDATA[Method1]]>
    </line>
    <line>
      <![CDATA[Method1]]>
    </line>
    <line>
      <![CDATA[Method1]]>
    </line>
    <line>
      <![CDATA[Method1]]>
    </line>
    <line>
      <![CDATA[Method1]]>
    </line>
    <line>
      <![CDATA[Method1]]>
    </line>
    <line>
      <![CDATA[Method1]]>
    </line>
    <line>
      <![CDATA[Method1]]>
    </line>
    <line>
      <![CDATA[Method1]]>
    </line>
    <line>
      <![CDATA[Method1]]>
    </line>
    <line>
      <![CDATA[Method1]]>
    </line>
    <line>
      <![CDATA[Method1]]>
    </line>
    <line>
      <![CDATA[Method1]]>
    </line>
    <line>
      <![CDATA[Method1]]>
    </line>
    <line>
      <![CDATA[Method1]]>
    </line>
    <line>
      <![CDATA[Method1]]>
    </line>
    <line>
      <![CDATA[Method1]]>
    </line>
    <line>
      <![CDATA[Method1]]>
    </line>
    <line>
      <![CDATA[Method1]]>
    </line>
    <line>
      <![CDATA[Method1]]>
    </line>
    <line>
      <![CDATA[Method1]]>
    </line>
    <line>
      <![CDATA[Method1]]>
    </line>
    <line>
      <![CDATA[Method1]]>
    </line>
    <line>
      <![CDATA[Method1]]>
    </line>
    <line>
      <![CDATA[Method1]]>
    </line>
    <line>
      <![CDATA[Method1]]>
    </line>
    <line>
      <![CDATA[Method1]]>
    </line>
    <line>
      <![CDATA[Method1]]>
    </line>
    <line>
      <![CDATA[Method1]]>
    </line>
    <line>
      <![CDATA[Method1]]>
    </line>
    <line>
      <![CDATA[Method1]]>
    </line>
    <line>
      <![CDATA[Method1]]>
    </line>
    <line>
      <![CDATA[Method1]]>
    </line>
    <line>
      <![CDATA[Method1]]>
    </line>
    <line>
      <![CDATA[Method1]]>
    </line>
    <line>
      <![CDATA[Method1]]>
    </line>
    <line>
      <![CDATA[Method1]]>
    </line>
    <line>
      <![CDATA[Method1]]>
    </line>
    <line>
      <![CDATA[Method1]]>
    </line>
    <line>
      <![CDATA[Method1]]>
    </line>
    <line>
      <![CDATA[Method1]]>
    </line>
    <line>
      <![CDATA[Method1]]>
    </line>
    <line>
      <![CDATA[Method1]]>
    </line>
    <line>
      <![CDATA[Method1]]>
    </line>
    <line>
      <![CDATA[Method1]]>
    </line>
    <line>
      <![CDATA[Method1]]>
    </line>
    <line>
      <![CDATA[Method1]]>
    </line>
    <line>
      <![CDATA[Method1]]>
    </line>
    <line>
      <![CDATA[Method1]]>
    </line>
    <line>
      <![CDATA[Method1]]>
    </line>
    <line>
      <![CDATA[Method1]]>
    </line>
    <line>
      <![CDATA[Method1]]>
    </line>
    <line>
      <![CDATA[Method1]]>
    </line>
    <line>
      <![CDATA[Method1]]>
    </line>
    <line>
      <![CDATA[Method1]]>
    </line>
    <line>
      <![CDATA[Method1]]>
    </line>
    <line>
      <![CDATA[Method1]]>
    </line>
    <line>
      <![CDATA[Method1]]>
    </line>
    <line>
      <![CDATA[Method1]]>
    </line>
    <line>
      <![CDATA[Method1]]>
    </line>
    <line>
      <![CDATA[Method1]]>
    </line>
    <line>
      <![CDATA[Method1]]>
    </line>
    <line>
      <![CDATA[Method1]]>
    </line>
    <line>
      <![CDATA[Method1]]>
    </line>
    <line>
      <![CDATA[Method1]]>
    </line>
    <line>
      <![CDATA[Method1]]>
    </line>
    <line>
      <![CDATA[Method1]]>
    </line>
    <line>
      <![CDATA[Method1]]>
    </line>
    <line>
      <![CDATA[Method1]]>
    </line>
    <line>
      <![CDATA[Method1]]>
    </line>
    <line>
      <![CDATA[Method1]]>
    </line>
    <line>
      <![CDATA[Method1]]>
    </line>
    <line>
      <![CDATA[Method1]]>
    </line>
    <line>
      <![CDATA[Method1]]>
    </line>
    <line>
      <![CDATA[Method1]]>
    </line>
    <line>
      <![CDATA[Method1]]>
    </line>
    <line>
      <![CDATA[Method1]]>
    </line>
    <line>
      <![CDATA[Method1]]>
    </line>
    <line>
      <![CDATA[Method1]]>
    </line>
    <line>
      <![CDATA[Method1]]>
    </line>
    <line>
      <![CDATA[Method1]]>
    </line>
    <line>
      <![CDATA[Method1]]>
    </line>
    <line>
      <![CDATA[Method1]]>
    </line>
    <line>
      <![CDATA[Method1]]>
    </line>
    <line>
      <![CDATA[Method1]]>
    </line>
    <line>
      <![CDATA[Method1]]>
    </line>
    <line>
      <![CDATA[Method1]]>
    </line>
    <line>
      <![CDATA[Method1]]>
    </line>
    <line>
      <![CDATA[Method1]]>
    </line>
    <line>
      <![CDATA[Method1]]>
    </line>
    <line>
      <![CDATA[Method1]]>
    </line>
    <line>
      <![CDATA[Method1]]>
    </line>
    <line>
      <![CDATA[Method1]]>
    </line>
    <line>
      <![CDATA[Method1]]>
    </line>
    <line>
      <![CDATA[Method1]]>
    </line>
    <line>
      <![CDATA[Method1]]>
    </line>
    <line>
      <![CDATA[Method1]]>
    </line>
    <line>
      <![CDATA[Method1]]>
    </line>
    <line>
      <![CDATA[Method1]]>
    </line>
    <line>
      <![CDATA[Method1]]>
    </line>
    <line>
      <![CDATA[Method1]]>
    </line>
    <line>
      <![CDATA[Method1]]>
    </line>
    <line>
      <![CDATA[Method1]]>
    </line>
    <line>
      <![CDATA[Method1]]>
    </line>
    <line>
      <![CDATA[Method1]]>
    </line>
    <line>
      <![CDATA[Method1]]>
    </line>
    <line>
      <![CDATA[Method1]]>
    </line>
    <line>
      <![CDATA[Method1]]>
    </line>
    <line>
      <![CDATA[Method1]]>
    </line>
    <line>
      <![CDATA[Method1]]>
    </line>
    <line>
      <![CDATA[Method1]]>
    </line>
    <line>
      <![CDATA[Method1]]>
    </line>
    <line>
      <![CDATA[Method1]]>
    </line>
    <line>
      <![CDATA[Method1]]>
    </line>
    <line>
      <![CDATA[Method1]]>
    </line>
    <line>
      <![CDATA[Method1]]>
    </line>
    <line>
      <![CDATA[Method1]]>
    </line>
  </reporter-output>
  <suite started-at="2023-07-23T12:53:40 IST" name="Default suite" finished-at="2023-07-23T12:53:46 IST" duration-ms="5587">
    <groups>
    </groups>
    <test started-at="2023-07-23T12:53:40 IST" name="Default test" finished-at="2023-07-23T12:53:46 IST" duration-ms="5587">
      <class name="testNGAnnotation_Flags.Flag3">
        <test-method signature="method1()[pri:0, instance:testNGAnnotation_Flags.Flag3@25ce9dc4]" started-at="2023-07-23T12:53:40 IST" name="method1" finished-at="2023-07-23T12:53:40 IST" duration-ms="17" status="PASS">
          <reporter-output>
            <line>
              <![CDATA[Method1]]>
            </line>
          </reporter-output>
        </test-method> <!-- method1 -->
        <test-method signature="method1()[pri:0, instance:testNGAnnotation_Flags.Flag3@25ce9dc4]" started-at="2023-07-23T12:53:40 IST" name="method1" finished-at="2023-07-23T12:53:40 IST" duration-ms="2" status="PASS">
          <reporter-output>
            <line>
              <![CDATA[Method1]]>
            </line>
          </reporter-output>
        </test-method> <!-- method1 -->
        <test-method signature="method1()[pri:0, instance:testNGAnnotation_Flags.Flag3@25ce9dc4]" started-at="2023-07-23T12:53:40 IST" name="method1" finished-at="2023-07-23T12:53:40 IST" duration-ms="3" status="PASS">
          <reporter-output>
            <line>
              <![CDATA[Method1]]>
            </line>
          </reporter-output>
        </test-method> <!-- method1 -->
        <test-method signature="method1()[pri:0, instance:testNGAnnotation_Flags.Flag3@25ce9dc4]" started-at="2023-07-23T12:53:40 IST" name="method1" finished-at="2023-07-23T12:53:40 IST" duration-ms="2" status="PASS">
          <reporter-output>
            <line>
              <![CDATA[Method1]]>
            </line>
          </reporter-output>
        </test-method> <!-- method1 -->
        <test-method signature="method1()[pri:0, instance:testNGAnnotation_Flags.Flag3@25ce9dc4]" started-at="2023-07-23T12:53:40 IST" name="method1" finished-at="2023-07-23T12:53:40 IST" duration-ms="4" status="PASS">
          <reporter-output>
            <line>
              <![CDATA[Method1]]>
            </line>
          </reporter-output>
        </test-method> <!-- method1 -->
        <test-method signature="method1()[pri:0, instance:testNGAnnotation_Flags.Flag3@25ce9dc4]" started-at="2023-07-23T12:53:40 IST" name="method1" finished-at="2023-07-23T12:53:40 IST" duration-ms="8" status="PASS">
          <reporter-output>
            <line>
              <![CDATA[Method1]]>
            </line>
          </reporter-output>
        </test-method> <!-- method1 -->
        <test-method signature="method1()[pri:0, instance:testNGAnnotation_Flags.Flag3@25ce9dc4]" started-at="2023-07-23T12:53:40 IST" name="method1" finished-at="2023-07-23T12:53:40 IST" duration-ms="10" status="PASS">
          <reporter-output>
            <line>
              <![CDATA[Method1]]>
            </line>
          </reporter-output>
        </test-method> <!-- method1 -->
        <test-method signature="method1()[pri:0, instance:testNGAnnotation_Flags.Flag3@25ce9dc4]" started-at="2023-07-23T12:53:40 IST" name="method1" finished-at="2023-07-23T12:53:40 IST" duration-ms="2" status="PASS">
          <reporter-output>
            <line>
              <![CDATA[Method1]]>
            </line>
          </reporter-output>
        </test-method> <!-- method1 -->
        <test-method signature="method1()[pri:0, instance:testNGAnnotation_Flags.Flag3@25ce9dc4]" started-at="2023-07-23T12:53:40 IST" name="method1" finished-at="2023-07-23T12:53:40 IST" duration-ms="2" status="PASS">
          <reporter-output>
            <line>
              <![CDATA[Method1]]>
            </line>
          </reporter-output>
        </test-method> <!-- method1 -->
        <test-method signature="method1()[pri:0, instance:testNGAnnotation_Flags.Flag3@25ce9dc4]" started-at="2023-07-23T12:53:40 IST" name="method1" finished-at="2023-07-23T12:53:40 IST" duration-ms="4" status="PASS">
          <reporter-output>
            <line>
              <![CDATA[Method1]]>
            </line>
          </reporter-output>
        </test-method> <!-- method1 -->
        <test-method signature="method1()[pri:0, instance:testNGAnnotation_Flags.Flag3@25ce9dc4]" started-at="2023-07-23T12:53:40 IST" name="method1" finished-at="2023-07-23T12:53:40 IST" duration-ms="1" status="PASS">
          <reporter-output>
            <line>
              <![CDATA[Method1]]>
            </line>
          </reporter-output>
        </test-method> <!-- method1 -->
        <test-method signature="method1()[pri:0, instance:testNGAnnotation_Flags.Flag3@25ce9dc4]" started-at="2023-07-23T12:53:40 IST" name="method1" finished-at="2023-07-23T12:53:40 IST" duration-ms="1" status="PASS">
          <reporter-output>
            <line>
              <![CDATA[Method1]]>
            </line>
          </reporter-output>
        </test-method> <!-- method1 -->
        <test-method signature="method1()[pri:0, instance:testNGAnnotation_Flags.Flag3@25ce9dc4]" started-at="2023-07-23T12:53:40 IST" name="method1" finished-at="2023-07-23T12:53:40 IST" duration-ms="0" status="PASS">
          <reporter-output>
            <line>
              <![CDATA[Method1]]>
            </line>
          </reporter-output>
        </test-method> <!-- method1 -->
        <test-method signature="method1()[pri:0, instance:testNGAnnotation_Flags.Flag3@25ce9dc4]" started-at="2023-07-23T12:53:40 IST" name="method1" finished-at="2023-07-23T12:53:40 IST" duration-ms="3" status="PASS">
          <reporter-output>
            <line>
              <![CDATA[Method1]]>
            </line>
          </reporter-output>
        </test-method> <!-- method1 -->
        <test-method signature="method1()[pri:0, instance:testNGAnnotation_Flags.Flag3@25ce9dc4]" started-at="2023-07-23T12:53:40 IST" name="method1" finished-at="2023-07-23T12:53:40 IST" duration-ms="2" status="PASS">
          <reporter-output>
            <line>
              <![CDATA[Method1]]>
            </line>
          </reporter-output>
        </test-method> <!-- method1 -->
        <test-method signature="method1()[pri:0, instance:testNGAnnotation_Flags.Flag3@25ce9dc4]" started-at="2023-07-23T12:53:40 IST" name="method1" finished-at="2023-07-23T12:53:40 IST" duration-ms="4" status="PASS">
          <reporter-output>
            <line>
              <![CDATA[Method1]]>
            </line>
          </reporter-output>
        </test-method> <!-- method1 -->
        <test-method signature="method1()[pri:0, instance:testNGAnnotation_Flags.Flag3@25ce9dc4]" started-at="2023-07-23T12:53:40 IST" name="method1" finished-at="2023-07-23T12:53:40 IST" duration-ms="1" status="PASS">
          <reporter-output>
            <line>
              <![CDATA[Method1]]>
            </line>
          </reporter-output>
        </test-method> <!-- method1 -->
        <test-method signature="method1()[pri:0, instance:testNGAnnotation_Flags.Flag3@25ce9dc4]" started-at="2023-07-23T12:53:40 IST" name="method1" finished-at="2023-07-23T12:53:40 IST" duration-ms="1" status="PASS">
          <reporter-output>
            <line>
              <![CDATA[Method1]]>
            </line>
          </reporter-output>
        </test-method> <!-- method1 -->
        <test-method signature="method1()[pri:0, instance:testNGAnnotation_Flags.Flag3@25ce9dc4]" started-at="2023-07-23T12:53:40 IST" name="method1" finished-at="2023-07-23T12:53:40 IST" duration-ms="7" status="PASS">
          <reporter-output>
            <line>
              <![CDATA[Method1]]>
            </line>
          </reporter-output>
        </test-method> <!-- method1 -->
        <test-method signature="method1()[pri:0, instance:testNGAnnotation_Flags.Flag3@25ce9dc4]" started-at="2023-07-23T12:53:40 IST" name="method1" finished-at="2023-07-23T12:53:40 IST" duration-ms="2" status="PASS">
          <reporter-output>
            <line>
              <![CDATA[Method1]]>
            </line>
          </reporter-output>
        </test-method> <!-- method1 -->
        <test-method signature="method1()[pri:0, instance:testNGAnnotation_Flags.Flag3@25ce9dc4]" started-at="2023-07-23T12:53:40 IST" name="method1" finished-at="2023-07-23T12:53:40 IST" duration-ms="1" status="PASS">
          <reporter-output>
            <line>
              <![CDATA[Method1]]>
            </line>
          </reporter-output>
        </test-method> <!-- method1 -->
        <test-method signature="method1()[pri:0, instance:testNGAnnotation_Flags.Flag3@25ce9dc4]" started-at="2023-07-23T12:53:40 IST" name="method1" finished-at="2023-07-23T12:53:40 IST" duration-ms="1" status="PASS">
          <reporter-output>
            <line>
              <![CDATA[Method1]]>
            </line>
          </reporter-output>
        </test-method> <!-- method1 -->
        <test-method signature="method1()[pri:0, instance:testNGAnnotation_Flags.Flag3@25ce9dc4]" started-at="2023-07-23T12:53:40 IST" name="method1" finished-at="2023-07-23T12:53:40 IST" duration-ms="2" status="PASS">
          <reporter-output>
            <line>
              <![CDATA[Method1]]>
            </line>
          </reporter-output>
        </test-method> <!-- method1 -->
        <test-method signature="method1()[pri:0, instance:testNGAnnotation_Flags.Flag3@25ce9dc4]" started-at="2023-07-23T12:53:40 IST" name="method1" finished-at="2023-07-23T12:53:40 IST" duration-ms="2" status="PASS">
          <reporter-output>
            <line>
              <![CDATA[Method1]]>
            </line>
          </reporter-output>
        </test-method> <!-- method1 -->
        <test-method signature="method1()[pri:0, instance:testNGAnnotation_Flags.Flag3@25ce9dc4]" started-at="2023-07-23T12:53:40 IST" name="method1" finished-at="2023-07-23T12:53:40 IST" duration-ms="1" status="PASS">
          <reporter-output>
            <line>
              <![CDATA[Method1]]>
            </line>
          </reporter-output>
        </test-method> <!-- method1 -->
        <test-method signature="method1()[pri:0, instance:testNGAnnotation_Flags.Flag3@25ce9dc4]" started-at="2023-07-23T12:53:40 IST" name="method1" finished-at="2023-07-23T12:53:40 IST" duration-ms="1" status="PASS">
          <reporter-output>
            <line>
              <![CDATA[Method1]]>
            </line>
          </reporter-output>
        </test-method> <!-- method1 -->
        <test-method signature="method1()[pri:0, instance:testNGAnnotation_Flags.Flag3@25ce9dc4]" started-at="2023-07-23T12:53:40 IST" name="method1" finished-at="2023-07-23T12:53:40 IST" duration-ms="1" status="PASS">
          <reporter-output>
            <line>
              <![CDATA[Method1]]>
            </line>
          </reporter-output>
        </test-method> <!-- method1 -->
        <test-method signature="method1()[pri:0, instance:testNGAnnotation_Flags.Flag3@25ce9dc4]" started-at="2023-07-23T12:53:40 IST" name="method1" finished-at="2023-07-23T12:53:40 IST" duration-ms="2" status="PASS">
          <reporter-output>
            <line>
              <![CDATA[Method1]]>
            </line>
          </reporter-output>
        </test-method> <!-- method1 -->
        <test-method signature="method1()[pri:0, instance:testNGAnnotation_Flags.Flag3@25ce9dc4]" started-at="2023-07-23T12:53:41 IST" name="method1" finished-at="2023-07-23T12:53:41 IST" duration-ms="1" status="PASS">
          <reporter-output>
            <line>
              <![CDATA[Method1]]>
            </line>
          </reporter-output>
        </test-method> <!-- method1 -->
        <test-method signature="method1()[pri:0, instance:testNGAnnotation_Flags.Flag3@25ce9dc4]" started-at="2023-07-23T12:53:41 IST" name="method1" finished-at="2023-07-23T12:53:41 IST" duration-ms="1" status="PASS">
          <reporter-output>
            <line>
              <![CDATA[Method1]]>
            </line>
          </reporter-output>
        </test-method> <!-- method1 -->
        <test-method signature="method1()[pri:0, instance:testNGAnnotation_Flags.Flag3@25ce9dc4]" started-at="2023-07-23T12:53:41 IST" name="method1" finished-at="2023-07-23T12:53:41 IST" duration-ms="1" status="PASS">
          <reporter-output>
            <line>
              <![CDATA[Method1]]>
            </line>
          </reporter-output>
        </test-method> <!-- method1 -->
        <test-method signature="method1()[pri:0, instance:testNGAnnotation_Flags.Flag3@25ce9dc4]" started-at="2023-07-23T12:53:41 IST" name="method1" finished-at="2023-07-23T12:53:41 IST" duration-ms="7" status="PASS">
          <reporter-output>
            <line>
              <![CDATA[Method1]]>
            </line>
          </reporter-output>
        </test-method> <!-- method1 -->
        <test-method signature="method1()[pri:0, instance:testNGAnnotation_Flags.Flag3@25ce9dc4]" started-at="2023-07-23T12:53:41 IST" name="method1" finished-at="2023-07-23T12:53:41 IST" duration-ms="1" status="PASS">
          <reporter-output>
            <line>
              <![CDATA[Method1]]>
            </line>
          </reporter-output>
        </test-method> <!-- method1 -->
        <test-method signature="method1()[pri:0, instance:testNGAnnotation_Flags.Flag3@25ce9dc4]" started-at="2023-07-23T12:53:41 IST" name="method1" finished-at="2023-07-23T12:53:41 IST" duration-ms="2" status="PASS">
          <reporter-output>
            <line>
              <![CDATA[Method1]]>
            </line>
          </reporter-output>
        </test-method> <!-- method1 -->
        <test-method signature="method1()[pri:0, instance:testNGAnnotation_Flags.Flag3@25ce9dc4]" started-at="2023-07-23T12:53:41 IST" name="method1" finished-at="2023-07-23T12:53:41 IST" duration-ms="2" status="PASS">
          <reporter-output>
            <line>
              <![CDATA[Method1]]>
            </line>
          </reporter-output>
        </test-method> <!-- method1 -->
        <test-method signature="method1()[pri:0, instance:testNGAnnotation_Flags.Flag3@25ce9dc4]" started-at="2023-07-23T12:53:41 IST" name="method1" finished-at="2023-07-23T12:53:41 IST" duration-ms="1" status="PASS">
          <reporter-output>
            <line>
              <![CDATA[Method1]]>
            </line>
          </reporter-output>
        </test-method> <!-- method1 -->
        <test-method signature="method1()[pri:0, instance:testNGAnnotation_Flags.Flag3@25ce9dc4]" started-at="2023-07-23T12:53:41 IST" name="method1" finished-at="2023-07-23T12:53:41 IST" duration-ms="2" status="PASS">
          <reporter-output>
            <line>
              <![CDATA[Method1]]>
            </line>
          </reporter-output>
        </test-method> <!-- method1 -->
        <test-method signature="method1()[pri:0, instance:testNGAnnotation_Flags.Flag3@25ce9dc4]" started-at="2023-07-23T12:53:41 IST" name="method1" finished-at="2023-07-23T12:53:41 IST" duration-ms="1" status="PASS">
          <reporter-output>
            <line>
              <![CDATA[Method1]]>
            </line>
          </reporter-output>
        </test-method> <!-- method1 -->
        <test-method signature="method1()[pri:0, instance:testNGAnnotation_Flags.Flag3@25ce9dc4]" started-at="2023-07-23T12:53:41 IST" name="method1" finished-at="2023-07-23T12:53:41 IST" duration-ms="1" status="PASS">
          <reporter-output>
            <line>
              <![CDATA[Method1]]>
            </line>
          </reporter-output>
        </test-method> <!-- method1 -->
        <test-method signature="method1()[pri:0, instance:testNGAnnotation_Flags.Flag3@25ce9dc4]" started-at="2023-07-23T12:53:41 IST" name="method1" finished-at="2023-07-23T12:53:41 IST" duration-ms="2" status="PASS">
          <reporter-output>
            <line>
              <![CDATA[Method1]]>
            </line>
          </reporter-output>
        </test-method> <!-- method1 -->
        <test-method signature="method1()[pri:0, instance:testNGAnnotation_Flags.Flag3@25ce9dc4]" started-at="2023-07-23T12:53:41 IST" name="method1" finished-at="2023-07-23T12:53:41 IST" duration-ms="1" status="PASS">
          <reporter-output>
            <line>
              <![CDATA[Method1]]>
            </line>
          </reporter-output>
        </test-method> <!-- method1 -->
        <test-method signature="method1()[pri:0, instance:testNGAnnotation_Flags.Flag3@25ce9dc4]" started-at="2023-07-23T12:53:41 IST" name="method1" finished-at="2023-07-23T12:53:41 IST" duration-ms="3" status="PASS">
          <reporter-output>
            <line>
              <![CDATA[Method1]]>
            </line>
          </reporter-output>
        </test-method> <!-- method1 -->
        <test-method signature="method1()[pri:0, instance:testNGAnnotation_Flags.Flag3@25ce9dc4]" started-at="2023-07-23T12:53:41 IST" name="method1" finished-at="2023-07-23T12:53:41 IST" duration-ms="2" status="PASS">
          <reporter-output>
            <line>
              <![CDATA[Method1]]>
            </line>
          </reporter-output>
        </test-method> <!-- method1 -->
        <test-method signature="method1()[pri:0, instance:testNGAnnotation_Flags.Flag3@25ce9dc4]" started-at="2023-07-23T12:53:41 IST" name="method1" finished-at="2023-07-23T12:53:41 IST" duration-ms="3" status="PASS">
          <reporter-output>
            <line>
              <![CDATA[Method1]]>
            </line>
          </reporter-output>
        </test-method> <!-- method1 -->
        <test-method signature="method1()[pri:0, instance:testNGAnnotation_Flags.Flag3@25ce9dc4]" started-at="2023-07-23T12:53:41 IST" name="method1" finished-at="2023-07-23T12:53:41 IST" duration-ms="2" status="PASS">
          <reporter-output>
            <line>
              <![CDATA[Method1]]>
            </line>
          </reporter-output>
        </test-method> <!-- method1 -->
        <test-method signature="method1()[pri:0, instance:testNGAnnotation_Flags.Flag3@25ce9dc4]" started-at="2023-07-23T12:53:41 IST" name="method1" finished-at="2023-07-23T12:53:41 IST" duration-ms="2" status="PASS">
          <reporter-output>
            <line>
              <![CDATA[Method1]]>
            </line>
          </reporter-output>
        </test-method> <!-- method1 -->
        <test-method signature="method1()[pri:0, instance:testNGAnnotation_Flags.Flag3@25ce9dc4]" started-at="2023-07-23T12:53:41 IST" name="method1" finished-at="2023-07-23T12:53:41 IST" duration-ms="1" status="PASS">
          <reporter-output>
            <line>
              <![CDATA[Method1]]>
            </line>
          </reporter-output>
        </test-method> <!-- method1 -->
        <test-method signature="method1()[pri:0, instance:testNGAnnotation_Flags.Flag3@25ce9dc4]" started-at="2023-07-23T12:53:41 IST" name="method1" finished-at="2023-07-23T12:53:41 IST" duration-ms="3" status="PASS">
          <reporter-output>
            <line>
              <![CDATA[Method1]]>
            </line>
          </reporter-output>
        </test-method> <!-- method1 -->
        <test-method signature="method1()[pri:0, instance:testNGAnnotation_Flags.Flag3@25ce9dc4]" started-at="2023-07-23T12:53:41 IST" name="method1" finished-at="2023-07-23T12:53:41 IST" duration-ms="2" status="PASS">
          <reporter-output>
            <line>
              <![CDATA[Method1]]>
            </line>
          </reporter-output>
        </test-method> <!-- method1 -->
        <test-method signature="method1()[pri:0, instance:testNGAnnotation_Flags.Flag3@25ce9dc4]" started-at="2023-07-23T12:53:41 IST" name="method1" finished-at="2023-07-23T12:53:41 IST" duration-ms="1" status="PASS">
          <reporter-output>
            <line>
              <![CDATA[Method1]]>
            </line>
          </reporter-output>
        </test-method> <!-- method1 -->
        <test-method signature="method1()[pri:0, instance:testNGAnnotation_Flags.Flag3@25ce9dc4]" started-at="2023-07-23T12:53:41 IST" name="method1" finished-at="2023-07-23T12:53:41 IST" duration-ms="4" status="PASS">
          <reporter-output>
            <line>
              <![CDATA[Method1]]>
            </line>
          </reporter-output>
        </test-method> <!-- method1 -->
        <test-method signature="method1()[pri:0, instance:testNGAnnotation_Flags.Flag3@25ce9dc4]" started-at="2023-07-23T12:53:41 IST" name="method1" finished-at="2023-07-23T12:53:41 IST" duration-ms="1" status="PASS">
          <reporter-output>
            <line>
              <![CDATA[Method1]]>
            </line>
          </reporter-output>
        </test-method> <!-- method1 -->
        <test-method signature="method1()[pri:0, instance:testNGAnnotation_Flags.Flag3@25ce9dc4]" started-at="2023-07-23T12:53:41 IST" name="method1" finished-at="2023-07-23T12:53:41 IST" duration-ms="1" status="PASS">
          <reporter-output>
            <line>
              <![CDATA[Method1]]>
            </line>
          </reporter-output>
        </test-method> <!-- method1 -->
        <test-method signature="method1()[pri:0, instance:testNGAnnotation_Flags.Flag3@25ce9dc4]" started-at="2023-07-23T12:53:41 IST" name="method1" finished-at="2023-07-23T12:53:41 IST" duration-ms="1" status="PASS">
          <reporter-output>
            <line>
              <![CDATA[Method1]]>
            </line>
          </reporter-output>
        </test-method> <!-- method1 -->
        <test-method signature="method1()[pri:0, instance:testNGAnnotation_Flags.Flag3@25ce9dc4]" started-at="2023-07-23T12:53:41 IST" name="method1" finished-at="2023-07-23T12:53:41 IST" duration-ms="2" status="PASS">
          <reporter-output>
            <line>
              <![CDATA[Method1]]>
            </line>
          </reporter-output>
        </test-method> <!-- method1 -->
        <test-method signature="method1()[pri:0, instance:testNGAnnotation_Flags.Flag3@25ce9dc4]" started-at="2023-07-23T12:53:41 IST" name="method1" finished-at="2023-07-23T12:53:41 IST" duration-ms="1" status="PASS">
          <reporter-output>
            <line>
              <![CDATA[Method1]]>
            </line>
          </reporter-output>
        </test-method> <!-- method1 -->
        <test-method signature="method1()[pri:0, instance:testNGAnnotation_Flags.Flag3@25ce9dc4]" started-at="2023-07-23T12:53:41 IST" name="method1" finished-at="2023-07-23T12:53:41 IST" duration-ms="1" status="PASS">
          <reporter-output>
            <line>
              <![CDATA[Method1]]>
            </line>
          </reporter-output>
        </test-method> <!-- method1 -->
        <test-method signature="method1()[pri:0, instance:testNGAnnotation_Flags.Flag3@25ce9dc4]" started-at="2023-07-23T12:53:41 IST" name="method1" finished-at="2023-07-23T12:53:41 IST" duration-ms="45" status="PASS">
          <reporter-output>
            <line>
              <![CDATA[Method1]]>
            </line>
          </reporter-output>
        </test-method> <!-- method1 -->
        <test-method signature="method1()[pri:0, instance:testNGAnnotation_Flags.Flag3@25ce9dc4]" started-at="2023-07-23T12:53:41 IST" name="method1" finished-at="2023-07-23T12:53:41 IST" duration-ms="1" status="PASS">
          <reporter-output>
            <line>
              <![CDATA[Method1]]>
            </line>
          </reporter-output>
        </test-method> <!-- method1 -->
        <test-method signature="method1()[pri:0, instance:testNGAnnotation_Flags.Flag3@25ce9dc4]" started-at="2023-07-23T12:53:41 IST" name="method1" finished-at="2023-07-23T12:53:41 IST" duration-ms="3" status="PASS">
          <reporter-output>
            <line>
              <![CDATA[Method1]]>
            </line>
          </reporter-output>
        </test-method> <!-- method1 -->
        <test-method signature="method1()[pri:0, instance:testNGAnnotation_Flags.Flag3@25ce9dc4]" started-at="2023-07-23T12:53:41 IST" name="method1" finished-at="2023-07-23T12:53:41 IST" duration-ms="15" status="PASS">
          <reporter-output>
            <line>
              <![CDATA[Method1]]>
            </line>
          </reporter-output>
        </test-method> <!-- method1 -->
        <test-method signature="method1()[pri:0, instance:testNGAnnotation_Flags.Flag3@25ce9dc4]" started-at="2023-07-23T12:53:42 IST" name="method1" finished-at="2023-07-23T12:53:42 IST" duration-ms="5" status="PASS">
          <reporter-output>
            <line>
              <![CDATA[Method1]]>
            </line>
          </reporter-output>
        </test-method> <!-- method1 -->
        <test-method signature="method1()[pri:0, instance:testNGAnnotation_Flags.Flag3@25ce9dc4]" started-at="2023-07-23T12:53:42 IST" name="method1" finished-at="2023-07-23T12:53:42 IST" duration-ms="5" status="PASS">
          <reporter-output>
            <line>
              <![CDATA[Method1]]>
            </line>
          </reporter-output>
        </test-method> <!-- method1 -->
        <test-method signature="method1()[pri:0, instance:testNGAnnotation_Flags.Flag3@25ce9dc4]" started-at="2023-07-23T12:53:42 IST" name="method1" finished-at="2023-07-23T12:53:42 IST" duration-ms="1" status="PASS">
          <reporter-output>
            <line>
              <![CDATA[Method1]]>
            </line>
          </reporter-output>
        </test-method> <!-- method1 -->
        <test-method signature="method1()[pri:0, instance:testNGAnnotation_Flags.Flag3@25ce9dc4]" started-at="2023-07-23T12:53:42 IST" name="method1" finished-at="2023-07-23T12:53:42 IST" duration-ms="5" status="PASS">
          <reporter-output>
            <line>
              <![CDATA[Method1]]>
            </line>
          </reporter-output>
        </test-method> <!-- method1 -->
        <test-method signature="method1()[pri:0, instance:testNGAnnotation_Flags.Flag3@25ce9dc4]" started-at="2023-07-23T12:53:42 IST" name="method1" finished-at="2023-07-23T12:53:42 IST" duration-ms="1" status="PASS">
          <reporter-output>
            <line>
              <![CDATA[Method1]]>
            </line>
          </reporter-output>
        </test-method> <!-- method1 -->
        <test-method signature="method1()[pri:0, instance:testNGAnnotation_Flags.Flag3@25ce9dc4]" started-at="2023-07-23T12:53:42 IST" name="method1" finished-at="2023-07-23T12:53:42 IST" duration-ms="1" status="PASS">
          <reporter-output>
            <line>
              <![CDATA[Method1]]>
            </line>
          </reporter-output>
        </test-method> <!-- method1 -->
        <test-method signature="method1()[pri:0, instance:testNGAnnotation_Flags.Flag3@25ce9dc4]" started-at="2023-07-23T12:53:42 IST" name="method1" finished-at="2023-07-23T12:53:42 IST" duration-ms="2" status="PASS">
          <reporter-output>
            <line>
              <![CDATA[Method1]]>
            </line>
          </reporter-output>
        </test-method> <!-- method1 -->
        <test-method signature="method1()[pri:0, instance:testNGAnnotation_Flags.Flag3@25ce9dc4]" started-at="2023-07-23T12:53:42 IST" name="method1" finished-at="2023-07-23T12:53:42 IST" duration-ms="1" status="PASS">
          <reporter-output>
            <line>
              <![CDATA[Method1]]>
            </line>
          </reporter-output>
        </test-method> <!-- method1 -->
[...]
        </test-method> <!-- method1 -->
        <test-method signature="method1()[pri:0, instance:testNGAnnotation_Flags.Flag3@25ce9dc4]" started-at="2023-07-23T12:53:46 IST" name="method1" finished-at="2023-07-23T12:53:46 IST" duration-ms="0" status="PASS">
          <reporter-output>
            <line>
              <![CDATA[Method1]]>
            </line>
          </reporter-output>
        </test-method> <!-- method1 -->
        <test-method signature="method1()[pri:0, instance:testNGAnnotation_Flags.Flag3@25ce9dc4]" started-at="2023-07-23T12:53:46 IST" name="method1" finished-at="2023-07-23T12:53:46 IST" duration-ms="1" status="PASS">
          <reporter-output>
            <line>
              <![CDATA[Method1]]>
            </line>
          </reporter-output>
        </test-method> <!-- method1 -->
        <test-method signature="method1()[pri:0, instance:testNGAnnotation_Flags.Flag3@25ce9dc4]" started-at="2023-07-23T12:53:46 IST" name="method1" finished-at="2023-07-23T12:53:46 IST" duration-ms="1" status="PASS">
          <reporter-output>
            <line>
              <![CDATA[Method1]]>
            </line>
          </reporter-output>
        </test-method> <!-- method1 -->
        <test-method signature="method1()[pri:0, instance:testNGAnnotation_Flags.Flag3@25ce9dc4]" started-at="2023-07-23T12:53:46 IST" name="method1" finished-at="2023-07-23T12:53:46 IST" duration-ms="33" status="PASS">
          <reporter-output>
            <line>
              <![CDATA[Method1]]>
            </line>
          </reporter-output>
        </test-method> <!-- method1 -->
        <test-method signature="method1()[pri:0, instance:testNGAnnotation_Flags.Flag3@25ce9dc4]" started-at="2023-07-23T12:53:46 IST" name="method1" finished-at="2023-07-23T12:53:46 IST" duration-ms="0" status="PASS">
          <reporter-output>
            <line>
              <![CDATA[Method1]]>
            </line>
          </reporter-output>
        </test-method> <!-- method1 -->
        <test-method signature="method1()[pri:0, instance:testNGAnnotation_Flags.Flag3@25ce9dc4]" started-at="2023-07-23T12:53:46 IST" name="method1" finished-at="2023-07-23T12:53:46 IST" duration-ms="0" status="PASS">
          <reporter-output>
            <line>
              <![CDATA[Method1]]>
            </line>
          </reporter-output>
        </test-method> <!-- method1 -->
        <test-method signature="method1()[pri:0, instance:testNGAnnotation_Flags.Flag3@25ce9dc4]" started-at="2023-07-23T12:53:46 IST" name="method1" finished-at="2023-07-23T12:53:46 IST" duration-ms="1" status="PASS">
          <reporter-output>
            <line>
              <![CDATA[Method1]]>
            </line>
          </reporter-output>
        </test-method> <!-- method1 -->
        <test-method signature="method1()[pri:0, instance:testNGAnnotation_Flags.Flag3@25ce9dc4]" started-at="2023-07-23T12:53:46 IST" name="method1" finished-at="2023-07-23T12:53:46 IST" duration-ms="0" status="PASS">
          <reporter-output>
            <line>
              <![CDATA[Method1]]>
            </line>
          </reporter-output>
        </test-method> <!-- method1 -->
        <test-method signature="method1()[pri:0, instance:testNGAnnotation_Flags.Flag3@25ce9dc4]" started-at="2023-07-23T12:53:46 IST" name="method1" finished-at="2023-07-23T12:53:46 IST" duration-ms="0" status="PASS">
          <reporter-output>
            <line>
              <![CDATA[Method1]]>
            </line>
          </reporter-output>
        </test-method> <!-- method1 -->
        <test-method signature="method1()[pri:0, instance:testNGAnnotation_Flags.Flag3@25ce9dc4]" started-at="2023-07-23T12:53:46 IST" name="method1" finished-at="2023-07-23T12:53:46 IST" duration-ms="1" status="PASS">
          <reporter-output>
            <line>
              <![CDATA[Method1]]>
            </line>
          </reporter-output>
        </test-method> <!-- method1 -->
        <test-method signature="method1()[pri:0, instance:testNGAnnotation_Flags.Flag3@25ce9dc4]" started-at="2023-07-23T12:53:46 IST" name="method1" finished-at="2023-07-23T12:53:46 IST" duration-ms="0" status="PASS">
          <reporter-output>
            <line>
              <![CDATA[Method1]]>
            </line>
          </reporter-output>
        </test-method> <!-- method1 -->
        <test-method signature="method1()[pri:0, instance:testNGAnnotation_Flags.Flag3@25ce9dc4]" started-at="2023-07-23T12:53:46 IST" name="method1" finished-at="2023-07-23T12:53:46 IST" duration-ms="1" status="PASS">
          <reporter-output>
            <line>
              <![CDATA[Method1]]>
            </line>
          </reporter-output>
        </test-method> <!-- method1 -->
        <test-method signature="method1()[pri:0, instance:testNGAnnotation_Flags.Flag3@25ce9dc4]" started-at="2023-07-23T12:53:46 IST" name="method1" finished-at="2023-07-23T12:53:46 IST" duration-ms="1" status="PASS">
          <reporter-output>
            <line>
              <![CDATA[Method1]]>
            </line>
          </reporter-output>
        </test-method> <!-- method1 -->
        <test-method signature="method1()[pri:0, instance:testNGAnnotation_Flags.Flag3@25ce9dc4]" started-at="2023-07-23T12:53:46 IST" name="method1" finished-at="2023-07-23T12:53:46 IST" duration-ms="0" status="PASS">
          <reporter-output>
            <line>
              <![CDATA[Method1]]>
            </line>
          </reporter-output>
        </test-method> <!-- method1 -->
        <test-method signature="method1()[pri:0, instance:testNGAnnotation_Flags.Flag3@25ce9dc4]" started-at="2023-07-23T12:53:46 IST" name="method1" finished-at="2023-07-23T12:53:46 IST" duration-ms="0" status="PASS">
          <reporter-output>
            <line>
              <![CDATA[Method1]]>
            </line>
          </reporter-output>
        </test-method> <!-- method1 -->
        <test-method signature="method1()[pri:0, instance:testNGAnnotation_Flags.Flag3@25ce9dc4]" started-at="2023-07-23T12:53:46 IST" name="method1" finished-at="2023-07-23T12:53:46 IST" duration-ms="1" status="PASS">
          <reporter-output>
            <line>
              <![CDATA[Method1]]>
            </line>
          </reporter-output>
        </test-method> <!-- method1 -->
        <test-method signature="method1()[pri:0, instance:testNGAnnotation_Flags.Flag3@25ce9dc4]" started-at="2023-07-23T12:53:46 IST" name="method1" finished-at="2023-07-23T12:53:46 IST" duration-ms="0" status="PASS">
          <reporter-output>
            <line>
              <![CDATA[Method1]]>
            </line>
          </reporter-output>
        </test-method> <!-- method1 -->
        <test-method signature="method1()[pri:0, instance:testNGAnnotation_Flags.Flag3@25ce9dc4]" started-at="2023-07-23T12:53:46 IST" name="method1" finished-at="2023-07-23T12:53:46 IST" duration-ms="1" status="PASS">
          <reporter-output>
            <line>
              <![CDATA[Method1]]>
            </line>
          </reporter-output>
        </test-method> <!-- method1 -->
        <test-method signature="method1()[pri:0, instance:testNGAnnotation_Flags.Flag3@25ce9dc4]" started-at="2023-07-23T12:53:46 IST" name="method1" finished-at="2023-07-23T12:53:46 IST" duration-ms="0" status="PASS">
          <reporter-output>
            <line>
              <![CDATA[Method1]]>
            </line>
          </reporter-output>
        </test-method> <!-- method1 -->
        <test-method signature="method1()[pri:0, instance:testNGAnnotation_Flags.Flag3@25ce9dc4]" started-at="2023-07-23T12:53:46 IST" name="method1" finished-at="2023-07-23T12:53:46 IST" duration-ms="0" status="PASS">
          <reporter-output>
            <line>
              <![CDATA[Method1]]>
            </line>
          </reporter-output>
        </test-method> <!-- method1 -->
        <test-method signature="method1()[pri:0, instance:testNGAnnotation_Flags.Flag3@25ce9dc4]" started-at="2023-07-23T12:53:46 IST" name="method1" finished-at="2023-07-23T12:53:46 IST" duration-ms="3" status="PASS">
          <reporter-output>
            <line>
              <![CDATA[Method1]]>
            </line>
          </reporter-output>
        </test-method> <!-- method1 -->
        <test-method signature="method1()[pri:0, instance:testNGAnnotation_Flags.Flag3@25ce9dc4]" started-at="2023-07-23T12:53:46 IST" name="method1" finished-at="2023-07-23T12:53:46 IST" duration-ms="1" status="PASS">
          <reporter-output>
            <line>
              <![CDATA[Method1]]>
            </line>
          </reporter-output>
        </test-method> <!-- method1 -->
        <test-method signature="method1()[pri:0, instance:testNGAnnotation_Flags.Flag3@25ce9dc4]" started-at="2023-07-23T12:53:46 IST" name="method1" finished-at="2023-07-23T12:53:46 IST" duration-ms="6" status="PASS">
          <reporter-output>
            <line>
              <![CDATA[Method1]]>
            </line>
          </reporter-output>
        </test-method> <!-- method1 -->
        <test-method signature="method1()[pri:0, instance:testNGAnnotation_Flags.Flag3@25ce9dc4]" started-at="2023-07-23T12:53:46 IST" name="method1" finished-at="2023-07-23T12:53:46 IST" duration-ms="1" status="PASS">
          <reporter-output>
            <line>
              <![CDATA[Method1]]>
            </line>
          </reporter-output>
        </test-method> <!-- method1 -->
        <test-method signature="method1()[pri:0, instance:testNGAnnotation_Flags.Flag3@25ce9dc4]" started-at="2023-07-23T12:53:46 IST" name="method1" finished-at="2023-07-23T12:53:46 IST" duration-ms="3" status="PASS">
          <reporter-output>
            <line>
              <![CDATA[Method1]]>
            </line>
          </reporter-output>
        </test-method> <!-- method1 -->
        <test-method signature="method1()[pri:0, instance:testNGAnnotation_Flags.Flag3@25ce9dc4]" started-at="2023-07-23T12:53:46 IST" name="method1" finished-at="2023-07-23T12:53:46 IST" duration-ms="1" status="PASS">
          <reporter-output>
            <line>
              <![CDATA[Method1]]>
            </line>
          </reporter-output>
        </test-method> <!-- method1 -->
        <test-method signature="method1()[pri:0, instance:testNGAnnotation_Flags.Flag3@25ce9dc4]" started-at="2023-07-23T12:53:46 IST" name="method1" finished-at="2023-07-23T12:53:46 IST" duration-ms="0" status="PASS">
          <reporter-output>
            <line>
              <![CDATA[Method1]]>
            </line>
          </reporter-output>
        </test-method> <!-- method1 -->
        <test-method signature="method1()[pri:0, instance:testNGAnnotation_Flags.Flag3@25ce9dc4]" started-at="2023-07-23T12:53:46 IST" name="method1" finished-at="2023-07-23T12:53:46 IST" duration-ms="1" status="PASS">
          <reporter-output>
            <line>
              <![CDATA[Method1]]>
            </line>
          </reporter-output>
        </test-method> <!-- method1 -->
        <test-method signature="method1()[pri:0, instance:testNGAnnotation_Flags.Flag3@25ce9dc4]" started-at="2023-07-23T12:53:46 IST" name="method1" finished-at="2023-07-23T12:53:46 IST" duration-ms="1" status="PASS">
          <reporter-output>
            <line>
              <![CDATA[Method1]]>
            </line>
          </reporter-output>
        </test-method> <!-- method1 -->
        <test-method signature="method1()[pri:0, instance:testNGAnnotation_Flags.Flag3@25ce9dc4]" started-at="2023-07-23T12:53:46 IST" name="method1" finished-at="2023-07-23T12:53:46 IST" duration-ms="1" status="PASS">
          <reporter-output>
            <line>
              <![CDATA[Method1]]>
            </line>
          </reporter-output>
        </test-method> <!-- method1 -->
        <test-method signature="method1()[pri:0, instance:testNGAnnotation_Flags.Flag3@25ce9dc4]" started-at="2023-07-23T12:53:46 IST" name="method1" finished-at="2023-07-23T12:53:46 IST" duration-ms="0" status="PASS">
          <reporter-output>
            <line>
              <![CDATA[Method1]]>
            </line>
          </reporter-output>
        </test-method> <!-- method1 -->
        <test-method signature="method1()[pri:0, instance:testNGAnnotation_Flags.Flag3@25ce9dc4]" started-at="2023-07-23T12:53:46 IST" name="method1" finished-at="2023-07-23T12:53:46 IST" duration-ms="1" status="PASS">
          <reporter-output>
            <line>
              <![CDATA[Method1]]>
            </line>
          </reporter-output>
        </test-method> <!-- method1 -->
        <test-method signature="method1()[pri:0, instance:testNGAnnotation_Flags.Flag3@25ce9dc4]" started-at="2023-07-23T12:53:46 IST" name="method1" finished-at="2023-07-23T12:53:46 IST" duration-ms="1" status="PASS">
          <reporter-output>
            <line>
              <![CDATA[Method1]]>
            </line>
          </reporter-output>
        </test-method> <!-- method1 -->
        <test-method signature="method1()[pri:0, instance:testNGAnnotation_Flags.Flag3@25ce9dc4]" started-at="2023-07-23T12:53:46 IST" name="method1" finished-at="2023-07-23T12:53:46 IST" duration-ms="1" status="PASS">
          <reporter-output>
            <line>
              <![CDATA[Method1]]>
            </line>
          </reporter-output>
        </test-method> <!-- method1 -->
        <test-method signature="method1()[pri:0, instance:testNGAnnotation_Flags.Flag3@25ce9dc4]" started-at="2023-07-23T12:53:46 IST" name="method1" finished-at="2023-07-23T12:53:46 IST" duration-ms="1" status="PASS">
          <reporter-output>
            <line>
              <![CDATA[Method1]]>
            </line>
          </reporter-output>
        </test-method> <!-- method1 -->
        <test-method signature="method1()[pri:0, instance:testNGAnnotation_Flags.Flag3@25ce9dc4]" started-at="2023-07-23T12:53:46 IST" name="method1" finished-at="2023-07-23T12:53:46 IST" duration-ms="1" status="PASS">
          <reporter-output>
            <line>
              <![CDATA[Method1]]>
            </line>
          </reporter-output>
        </test-method> <!-- method1 -->
        <test-method signature="method1()[pri:0, instance:testNGAnnotation_Flags.Flag3@25ce9dc4]" started-at="2023-07-23T12:53:46 IST" name="method1" finished-at="2023-07-23T12:53:46 IST" duration-ms="0" status="PASS">
          <reporter-output>
            <line>
              <![CDATA[Method1]]>
            </line>
          </reporter-output>
        </test-method> <!-- method1 -->
        <test-method signature="method1()[pri:0, instance:testNGAnnotation_Flags.Flag3@25ce9dc4]" started-at="2023-07-23T12:53:46 IST" name="method1" finished-at="2023-07-23T12:53:46 IST" duration-ms="0" status="PASS">
          <reporter-output>
            <line>
              <![CDATA[Method1]]>
            </line>
          </reporter-output>
        </test-method> <!-- method1 -->
        <test-method signature="method1()[pri:0, instance:testNGAnnotation_Flags.Flag3@25ce9dc4]" started-at="2023-07-23T12:53:46 IST" name="method1" finished-at="2023-07-23T12:53:46 IST" duration-ms="0" status="PASS">
          <reporter-output>
            <line>
              <![CDATA[Method1]]>
            </line>
          </reporter-output>
        </test-method> <!-- method1 -->
        <test-method signature="method1()[pri:0, instance:testNGAnnotation_Flags.Flag3@25ce9dc4]" started-at="2023-07-23T12:53:46 IST" name="method1" finished-at="2023-07-23T12:53:46 IST" duration-ms="1" status="PASS">
          <reporter-output>
            <line>
              <![CDATA[Method1]]>
            </line>
          </reporter-output>
        </test-method> <!-- method1 -->
        <test-method signature="method1()[pri:0, instance:testNGAnnotation_Flags.Flag3@25ce9dc4]" started-at="2023-07-23T12:53:46 IST" name="method1" finished-at="2023-07-23T12:53:46 IST" duration-ms="0" status="PASS">
          <reporter-output>
            <line>
              <![CDATA[Method1]]>
            </line>
          </reporter-output>
        </test-method> <!-- method1 -->
        <test-method signature="method1()[pri:0, instance:testNGAnnotation_Flags.Flag3@25ce9dc4]" started-at="2023-07-23T12:53:46 IST" name="method1" finished-at="2023-07-23T12:53:46 IST" duration-ms="1" status="PASS">
          <reporter-output>
            <line>
              <![CDATA[Method1]]>
            </line>
          </reporter-output>
        </test-method> <!-- method1 -->
        <test-method signature="method1()[pri:0, instance:testNGAnnotation_Flags.Flag3@25ce9dc4]" started-at="2023-07-23T12:53:46 IST" name="method1" finished-at="2023-07-23T12:53:46 IST" duration-ms="0" status="PASS">
          <reporter-output>
            <line>
              <![CDATA[Method1]]>
            </line>
          </reporter-output>
        </test-method> <!-- method1 -->
        <test-method signature="method1()[pri:0, instance:testNGAnnotation_Flags.Flag3@25ce9dc4]" started-at="2023-07-23T12:53:46 IST" name="method1" finished-at="2023-07-23T12:53:46 IST" duration-ms="2" status="PASS">
          <reporter-output>
            <line>
              <![CDATA[Method1]]>
            </line>
          </reporter-output>
        </test-method> <!-- method1 -->
        <test-method signature="method1()[pri:0, instance:testNGAnnotation_Flags.Flag3@25ce9dc4]" started-at="2023-07-23T12:53:46 IST" name="method1" finished-at="2023-07-23T12:53:46 IST" duration-ms="1" status="PASS">
          <reporter-output>
            <line>
              <![CDATA[Method1]]>
            </line>
          </reporter-output>
        </test-method> <!-- method1 -->
        <test-method signature="method1()[pri:0, instance:testNGAnnotation_Flags.Flag3@25ce9dc4]" started-at="2023-07-23T12:53:46 IST" name="method1" finished-at="2023-07-23T12:53:46 IST" duration-ms="0" status="PASS">
          <reporter-output>
            <line>
              <![CDATA[Method1]]>
            </line>
          </reporter-output>
        </test-method> <!-- method1 -->
        <test-method signature="method1()[pri:0, instance:testNGAnnotation_Flags.Flag3@25ce9dc4]" started-at="2023-07-23T12:53:46 IST" name="method1" finished-at="2023-07-23T12:53:46 IST" duration-ms="0" status="PASS">
          <reporter-output>
            <line>
              <![CDATA[Method1]]>
            </line>
          </reporter-output>
        </test-method> <!-- method1 -->
        <test-method signature="method1()[pri:0, instance:testNGAnnotation_Flags.Flag3@25ce9dc4]" started-at="2023-07-23T12:53:46 IST" name="method1" finished-at="2023-07-23T12:53:46 IST" duration-ms="0" status="PASS">
          <reporter-output>
            <line>
              <![CDATA[Method1]]>
            </line>
          </reporter-output>
        </test-method> <!-- method1 -->
        <test-method signature="method1()[pri:0, instance:testNGAnnotation_Flags.Flag3@25ce9dc4]" started-at="2023-07-23T12:53:46 IST" name="method1" finished-at="2023-07-23T12:53:46 IST" duration-ms="0" status="PASS">
          <reporter-output>
            <line>
              <![CDATA[Method1]]>
            </line>
          </reporter-output>
        </test-method> <!-- method1 -->
        <test-method signature="method1()[pri:0, instance:testNGAnnotation_Flags.Flag3@25ce9dc4]" started-at="2023-07-23T12:53:46 IST" name="method1" finished-at="2023-07-23T12:53:46 IST" duration-ms="0" status="PASS">
          <reporter-output>
            <line>
              <![CDATA[Method1]]>
            </line>
          </reporter-output>
        </test-method> <!-- method1 -->
      </class> <!-- testNGAnnotation_Flags.Flag3 -->
    </test> <!-- Default test -->
  </suite> <!-- Default suite -->
</testng-results>
