<?xml version="1.0" encoding="UTF-8"?>
<!-- Generated by org.testng.reporters.JUnitXMLReporter -->
<testsuite ignored="0" hostname="SOMNATH-PC" failures="0" tests="1000" name="Default test" time="5.587" errors="0" timestamp="2023-07-23T12:53:46 IST">
  <testcase classname="testNGAnnotation_Flags.Flag3" name="method1" time="0.017"/>
  <testcase classname="testNGAnnotation_Flags.Flag3" name="method1" time="0.002"/>
  <testcase classname="testNGAnnotation_Flags.Flag3" name="method1" time="0.003"/>
  <testcase classname="testNGAnnotation_Flags.Flag3" name="method1" time="0.002"/>
  <testcase classname="testNGAnnotation_Flags.Flag3" name="method1" time="0.004"/>
  <testcase classname="testNGAnnotation_Flags.Flag3" name="method1" time="0.008"/>
  <testcase classname="testNGAnnotation_Flags.Flag3" name="method1" time="0.01"/>
  <testcase classname="testNGAnnotation_Flags.Flag3" name="method1" time="0.002"/>
  <testcase classname="testNGAnnotation_Flags.Flag3" name="method1" time="0.002"/>
  <testcase classname="testNGAnnotation_Flags.Flag3" name="method1" time="0.004"/>
  <testcase classname="testNGAnnotation_Flags.Flag3" name="method1" time="0.001"/>
  <testcase classname="testNGAnnotation_Flags.Flag3" name="method1" time="0.001"/>
  <testcase classname="testNGAnnotation_Flags.Flag3" name="method1" time="0.0"/>
  <testcase classname="testNGAnnotation_Flags.Flag3" name="method1" time="0.003"/>
  <testcase classname="testNGAnnotation_Flags.Flag3" name="method1" time="0.002"/>
  <testcase classname="testNGAnnotation_Flags.Flag3" name="method1" time="0.004"/>
  <testcase classname="testNGAnnotation_Flags.Flag3" name="method1" time="0.001"/>
  <testcase classname="testNGAnnotation_Flags.Flag3" name="method1" time="0.001"/>
  <testcase classname="testNGAnnotation_Flags.Flag3" name="method1" time="0.007"/>
  <testcase classname="testNGAnnotation_Flags.Flag3" name="method1" time="0.002"/>
  <testcase classname="testNGAnnotation_Flags.Flag3" name="method1" time="0.001"/>
  <testcase classname="testNGAnnotation_Flags.Flag3" name="method1" time="0.001"/>
  <testcase classname="testNGAnnotation_Flags.Flag3" name="method1" time="0.002"/>
  <testcase classname="testNGAnnotation_Flags.Flag3" name="method1" time="0.002"/>
  <testcase classname="testNGAnnotation_Flags.Flag3" name="method1" time="0.001"/>
  <testcase classname="testNGAnnotation_Flags.Flag3" name="method1" time="0.001"/>
  <testcase classname="testNGAnnotation_Flags.Flag3" name="method1" time="0.001"/>
  <testcase classname="testNGAnnotation_Flags.Flag3" name="method1" time="0.002"/>
  <testcase classname="testNGAnnotation_Flags.Flag3" name="method1" time="0.001"/>
  <testcase classname="testNGAnnotation_Flags.Flag3" name="method1" time="0.001"/>
  <testcase classname="testNGAnnotation_Flags.Flag3" name="method1" time="0.001"/>
  <testcase classname="testNGAnnotation_Flags.Flag3" name="method1" time="0.007"/>
  <testcase classname="testNGAnnotation_Flags.Flag3" name="method1" time="0.001"/>
  <testcase classname="testNGAnnotation_Flags.Flag3" name="method1" time="0.002"/>
  <testcase classname="testNGAnnotation_Flags.Flag3" name="method1" time="0.002"/>
  <testcase classname="testNGAnnotation_Flags.Flag3" name="method1" time="0.001"/>
  <testcase classname="testNGAnnotation_Flags.Flag3" name="method1" time="0.002"/>
  <testcase classname="testNGAnnotation_Flags.Flag3" name="method1" time="0.001"/>
  <testcase classname="testNGAnnotation_Flags.Flag3" name="method1" time="0.001"/>
  <testcase classname="testNGAnnotation_Flags.Flag3" name="method1" time="0.002"/>
  <testcase classname="testNGAnnotation_Flags.Flag3" name="method1" time="0.001"/>
  <testcase classname="testNGAnnotation_Flags.Flag3" name="method1" time="0.003"/>
  <testcase classname="testNGAnnotation_Flags.Flag3" name="method1" time="0.002"/>
  <testcase classname="testNGAnnotation_Flags.Flag3" name="method1" time="0.003"/>
  <testcase classname="testNGAnnotation_Flags.Flag3" name="method1" time="0.002"/>
  <testcase classname="testNGAnnotation_Flags.Flag3" name="method1" time="0.002"/>
  <testcase classname="testNGAnnotation_Flags.Flag3" name="method1" time="0.001"/>
  <testcase classname="testNGAnnotation_Flags.Flag3" name="method1" time="0.003"/>
  <testcase classname="testNGAnnotation_Flags.Flag3" name="method1" time="0.002"/>
  <testcase classname="testNGAnnotation_Flags.Flag3" name="method1" time="0.001"/>
  <testcase classname="testNGAnnotation_Flags.Flag3" name="method1" time="0.004"/>
  <testcase classname="testNGAnnotation_Flags.Flag3" name="method1" time="0.001"/>
  <testcase classname="testNGAnnotation_Flags.Flag3" name="method1" time="0.001"/>
  <testcase classname="testNGAnnotation_Flags.Flag3" name="method1" time="0.001"/>
  <testcase classname="testNGAnnotation_Flags.Flag3" name="method1" time="0.002"/>
  <testcase classname="testNGAnnotation_Flags.Flag3" name="method1" time="0.001"/>
  <testcase classname="testNGAnnotation_Flags.Flag3" name="method1" time="0.001"/>
  <testcase classname="testNGAnnotation_Flags.Flag3" name="method1" time="0.045"/>
  <testcase classname="testNGAnnotation_Flags.Flag3" name="method1" time="0.001"/>
  <testcase classname="testNGAnnotation_Flags.Flag3" name="method1" time="0.003"/>
  <testcase classname="testNGAnnotation_Flags.Flag3" name="method1" time="0.015"/>
  <testcase classname="testNGAnnotation_Flags.Flag3" name="method1" time="0.005"/>
  <testcase classname="testNGAnnotation_Flags.Flag3" name="method1" time="0.005"/>
  <testcase classname="testNGAnnotation_Flags.Flag3" name="method1" time="0.001"/>
  <testcase classname="testNGAnnotation_Flags.Flag3" name="method1" time="0.005"/>
  <testcase classname="testNGAnnotation_Flags.Flag3" name="method1" time="0.001"/>
  <testcase classname="testNGAnnotation_Flags.Flag3" name="method1" time="0.001"/>
  <testcase classname="testNGAnnotation_Flags.Flag3" name="method1" time="0.002"/>
  <testcase classname="testNGAnnotation_Flags.Flag3" name="method1" time="0.001"/>
  <testcase classname="testNGAnnotation_Flags.Flag3" name="method1" time="0.001"/>
  <testcase classname="testNGAnnotation_Flags.Flag3" name="method1" time="0.002"/>
  <testcase classname="testNGAnnotation_Flags.Flag3" name="method1" time="0.002"/>
  <testcase classname="testNGAnnotation_Flags.Flag3" name="method1" time="0.002"/>
  <testcase classname="testNGAnnotation_Flags.Flag3" name="method1" time="0.005"/>
  <testcase classname="testNGAnnotation_Flags.Flag3" name="method1" time="0.001"/>
  <testcase classname="testNGAnnotation_Flags.Flag3" name="method1" time="0.002"/>
  <testcase classname="testNGAnnotation_Flags.Flag3" name="method1" time="0.001"/>
  <testcase classname="testNGAnnotation_Flags.Flag3" name="method1" time="0.001"/>
  <testcase classname="testNGAnnotation_Flags.Flag3" name="method1" time="0.166"/>
  <testcase classname="testNGAnnotation_Flags.Flag3" name="method1" time="0.001"/>
  <testcase classname="testNGAnnotation_Flags.Flag3" name="method1" time="0.002"/>
  <testcase classname="testNGAnnotation_Flags.Flag3" name="method1" time="0.159"/>
  <testcase classname="testNGAnnotation_Flags.Flag3" name="method1" time="0.0"/>
  <testcase classname="testNGAnnotation_Flags.Flag3" name="method1" time="0.003"/>
  <testcase classname="testNGAnnotation_Flags.Flag3" name="method1" time="0.001"/>
  <testcase classname="testNGAnnotation_Flags.Flag3" name="method1" time="0.001"/>
  <testcase classname="testNGAnnotation_Flags.Flag3" name="method1" time="0.002"/>
  <testcase classname="testNGAnnotation_Flags.Flag3" name="method1" time="0.003"/>
  <testcase classname="testNGAnnotation_Flags.Flag3" name="method1" time="0.001"/>
  <testcase classname="testNGAnnotation_Flags.Flag3" name="method1" time="0.007"/>
  <testcase classname="testNGAnnotation_Flags.Flag3" name="method1" time="0.001"/>
  <testcase classname="testNGAnnotation_Flags.Flag3" name="method1" time="0.003"/>
  <testcase classname="testNGAnnotation_Flags.Flag3" name="method1" time="0.001"/>
  <testcase classname="testNGAnnotation_Flags.Flag3" name="method1" time="0.005"/>
  <testcase classname="testNGAnnotation_Flags.Flag3" name="method1" time="0.017"/>
  <testcase classname="testNGAnnotation_Flags.Flag3" name="method1" time="0.002"/>
  <testcase classname="testNGAnnotation_Flags.Flag3" name="method1" time="0.002"/>
  <testcase classname="testNGAnnotation_Flags.Flag3" name="method1" time="0.001"/>
  <testcase classname="testNGAnnotation_Flags.Flag3" name="method1" time="0.0"/>
  <testcase classname="testNGAnnotation_Flags.Flag3" name="method1" time="0.002"/>
  <testcase classname="testNGAnnotation_Flags.Flag3" name="method1" time="0.001"/>
  <testcase classname="testNGAnnotation_Flags.Flag3" name="method1" time="0.0"/>
  <testcase classname="testNGAnnotation_Flags.Flag3" name="method1" time="0.001"/>
  <testcase classname="testNGAnnotation_Flags.Flag3" name="method1" time="0.0"/>
  <testcase classname="testNGAnnotation_Flags.Flag3" name="method1" time="0.002"/>
  <testcase classname="testNGAnnotation_Flags.Flag3" name="method1" time="0.002"/>
  <testcase classname="testNGAnnotation_Flags.Flag3" name="method1" time="0.001"/>
  <testcase classname="testNGAnnotation_Flags.Flag3" name="method1" time="0.002"/>
  <testcase classname="testNGAnnotation_Flags.Flag3" name="method1" time="0.004"/>
  <testcase classname="testNGAnnotation_Flags.Flag3" name="method1" time="0.002"/>
  <testcase classname="testNGAnnotation_Flags.Flag3" name="method1" time="0.002"/>
  <testcase classname="testNGAnnotation_Flags.Flag3" name="method1" time="0.001"/>
  <testcase classname="testNGAnnotation_Flags.Flag3" name="method1" time="0.001"/>
  <testcase classname="testNGAnnotation_Flags.Flag3" name="method1" time="0.004"/>
  <testcase classname="testNGAnnotation_Flags.Flag3" name="method1" time="0.002"/>
  <testcase classname="testNGAnnotation_Flags.Flag3" name="method1" time="0.001"/>
  <testcase classname="testNGAnnotation_Flags.Flag3" name="method1" time="0.001"/>
  <testcase classname="testNGAnnotation_Flags.Flag3" name="method1" time="0.001"/>
  <testcase classname="testNGAnnotation_Flags.Flag3" name="method1" time="0.001"/>
  <testcase classname="testNGAnnotation_Flags.Flag3" name="method1" time="0.001"/>
  <testcase classname="testNGAnnotation_Flags.Flag3" name="method1" time="0.003"/>
  <testcase classname="testNGAnnotation_Flags.Flag3" name="method1" time="0.002"/>
  <testcase classname="testNGAnnotation_Flags.Flag3" name="method1" time="0.001"/>
  <testcase classname="testNGAnnotation_Flags.Flag3" name="method1" time="0.001"/>
  <testcase classname="testNGAnnotation_Flags.Flag3" name="method1" time="0.001"/>
  <testcase classname="testNGAnnotation_Flags.Flag3" name="method1" time="0.001"/>
  <testcase classname="testNGAnnotation_Flags.Flag3" name="method1" time="0.014"/>
  <testcase classname="testNGAnnotation_Flags.Flag3" name="method1" time="0.001"/>
  <testcase classname="testNGAnnotation_Flags.Flag3" name="method1" time="0.001"/>
  <testcase classname="testNGAnnotation_Flags.Flag3" name="method1" time="0.001"/>
  <testcase classname="testNGAnnotation_Flags.Flag3" name="method1" time="0.001"/>
  <testcase classname="testNGAnnotation_Flags.Flag3" name="method1" time="0.001"/>
  <testcase classname="testNGAnnotation_Flags.Flag3" name="method1" time="0.001"/>
  <testcase classname="testNGAnnotation_Flags.Flag3" name="method1" time="0.001"/>
  <testcase classname="testNGAnnotation_Flags.Flag3" name="method1" time="0.002"/>
  <testcase classname="testNGAnnotation_Flags.Flag3" name="method1" time="0.001"/>
  <testcase classname="testNGAnnotation_Flags.Flag3" name="method1" time="0.0"/>
  <testcase classname="testNGAnnotation_Flags.Flag3" name="method1" time="0.001"/>
  <testcase classname="testNGAnnotation_Flags.Flag3" name="method1" time="0.001"/>
  <testcase classname="testNGAnnotation_Flags.Flag3" name="method1" time="0.001"/>
  <testcase classname="testNGAnnotation_Flags.Flag3" name="method1" time="0.004"/>
  <testcase classname="testNGAnnotation_Flags.Flag3" name="method1" time="0.001"/>
  <testcase classname="testNGAnnotation_Flags.Flag3" name="method1" time="0.001"/>
  <testcase classname="testNGAnnotation_Flags.Flag3" name="method1" time="0.001"/>
  <testcase classname="testNGAnnotation_Flags.Flag3" name="method1" time="0.002"/>
  <testcase classname="testNGAnnotation_Flags.Flag3" name="method1" time="0.0"/>
  <testcase classname="testNGAnnotation_Flags.Flag3" name="method1" time="0.001"/>
  <testcase classname="testNGAnnotation_Flags.Flag3" name="method1" time="0.001"/>
  <testcase classname="testNGAnnotation_Flags.Flag3" name="method1" time="0.001"/>
  <testcase classname="testNGAnnotation_Flags.Flag3" name="method1" time="0.001"/>
  <testcase classname="testNGAnnotation_Flags.Flag3" name="method1" time="0.002"/>
  <testcase classname="testNGAnnotation_Flags.Flag3" name="method1" time="0.001"/>
  <testcase classname="testNGAnnotation_Flags.Flag3" name="method1" time="0.001"/>
  <testcase classname="testNGAnnotation_Flags.Flag3" name="method1" time="0.0"/>
  <testcase classname="testNGAnnotation_Flags.Flag3" name="method1" time="0.0"/>
  <testcase classname="testNGAnnotation_Flags.Flag3" name="method1" time="0.001"/>
  <testcase classname="testNGAnnotation_Flags.Flag3" name="method1" time="0.0"/>
  <testcase classname="testNGAnnotation_Flags.Flag3" name="method1" time="0.005"/>
  <testcase classname="testNGAnnotation_Flags.Flag3" name="method1" time="0.0"/>
  <testcase classname="testNGAnnotation_Flags.Flag3" name="method1" time="0.0"/>
  <testcase classname="testNGAnnotation_Flags.Flag3" name="method1" time="0.001"/>
  <testcase classname="testNGAnnotation_Flags.Flag3" name="method1" time="0.0"/>
  <testcase classname="testNGAnnotation_Flags.Flag3" name="method1" time="0.001"/>
  <testcase classname="testNGAnnotation_Flags.Flag3" name="method1" time="0.003"/>
  <testcase classname="testNGAnnotation_Flags.Flag3" name="method1" time="0.0"/>
  <testcase classname="testNGAnnotation_Flags.Flag3" name="method1" time="0.0"/>
  <testcase classname="testNGAnnotation_Flags.Flag3" name="method1" time="0.001"/>
  <testcase classname="testNGAnnotation_Flags.Flag3" name="method1" time="0.001"/>
  <testcase classname="testNGAnnotation_Flags.Flag3" name="method1" time="0.001"/>
  <testcase classname="testNGAnnotation_Flags.Flag3" name="method1" time="0.001"/>
  <testcase classname="testNGAnnotation_Flags.Flag3" name="method1" time="0.002"/>
  <testcase classname="testNGAnnotation_Flags.Flag3" name="method1" time="0.001"/>
  <testcase classname="testNGAnnotation_Flags.Flag3" name="method1" time="0.002"/>
  <testcase classname="testNGAnnotation_Flags.Flag3" name="method1" time="0.0"/>
  <testcase classname="testNGAnnotation_Flags.Flag3" name="method1" time="0.001"/>
  <testcase classname="testNGAnnotation_Flags.Flag3" name="method1" time="0.0"/>
  <testcase classname="testNGAnnotation_Flags.Flag3" name="method1" time="0.002"/>
  <testcase classname="testNGAnnotation_Flags.Flag3" name="method1" time="0.001"/>
  <testcase classname="testNGAnnotation_Flags.Flag3" name="method1" time="0.006"/>
  <testcase classname="testNGAnnotation_Flags.Flag3" name="method1" time="0.001"/>
  <testcase classname="testNGAnnotation_Flags.Flag3" name="method1" time="0.001"/>
  <testcase classname="testNGAnnotation_Flags.Flag3" name="method1" time="0.001"/>
  <testcase classname="testNGAnnotation_Flags.Flag3" name="method1" time="0.001"/>
  <testcase classname="testNGAnnotation_Flags.Flag3" name="method1" time="0.0"/>
  <testcase classname="testNGAnnotation_Flags.Flag3" name="method1" time="0.007"/>
  <testcase classname="testNGAnnotation_Flags.Flag3" name="method1" time="0.001"/>
  <testcase classname="testNGAnnotation_Flags.Flag3" name="method1" time="0.001"/>
  <testcase classname="testNGAnnotation_Flags.Flag3" name="method1" time="0.002"/>
  <testcase classname="testNGAnnotation_Flags.Flag3" name="method1" time="0.002"/>
  <testcase classname="testNGAnnotation_Flags.Flag3" name="method1" time="0.0"/>
  <testcase classname="testNGAnnotation_Flags.Flag3" name="method1" time="0.003"/>
  <testcase classname="testNGAnnotation_Flags.Flag3" name="method1" time="0.001"/>
  <testcase classname="testNGAnnotation_Flags.Flag3" name="method1" time="0.003"/>
  <testcase classname="testNGAnnotation_Flags.Flag3" name="method1" time="0.018"/>
  <testcase classname="testNGAnnotation_Flags.Flag3" name="method1" time="0.001"/>
  <testcase classname="testNGAnnotation_Flags.Flag3" name="method1" time="0.0"/>
  <testcase classname="testNGAnnotation_Flags.Flag3" name="method1" time="0.023"/>
  <testcase classname="testNGAnnotation_Flags.Flag3" name="method1" time="0.002"/>
  <testcase classname="testNGAnnotation_Flags.Flag3" name="method1" time="0.003"/>
  <testcase classname="testNGAnnotation_Flags.Flag3" name="method1" time="0.001"/>
  <testcase classname="testNGAnnotation_Flags.Flag3" name="method1" time="0.0"/>
  <testcase classname="testNGAnnotation_Flags.Flag3" name="method1" time="0.001"/>
  <testcase classname="testNGAnnotation_Flags.Flag3" name="method1" time="0.001"/>
  <testcase classname="testNGAnnotation_Flags.Flag3" name="method1" time="0.002"/>
  <testcase classname="testNGAnnotation_Flags.Flag3" name="method1" time="0.001"/>
  <testcase classname="testNGAnnotation_Flags.Flag3" name="method1" time="0.001"/>
  <testcase classname="testNGAnnotation_Flags.Flag3" name="method1" time="0.001"/>
  <testcase classname="testNGAnnotation_Flags.Flag3" name="method1" time="0.001"/>
  <testcase classname="testNGAnnotation_Flags.Flag3" name="method1" time="0.0"/>
  <testcase classname="testNGAnnotation_Flags.Flag3" name="method1" time="0.001"/>
  <testcase classname="testNGAnnotation_Flags.Flag3" name="method1" time="0.001"/>
  <testcase classname="testNGAnnotation_Flags.Flag3" name="method1" time="0.0"/>
  <testcase classname="testNGAnnotation_Flags.Flag3" name="method1" time="0.001"/>
  <testcase classname="testNGAnnotation_Flags.Flag3" name="method1" time="0.001"/>
  <testcase classname="testNGAnnotation_Flags.Flag3" name="method1" time="0.002"/>
  <testcase classname="testNGAnnotation_Flags.Flag3" name="method1" time="0.0"/>
  <testcase classname="testNGAnnotation_Flags.Flag3" name="method1" time="0.033"/>
  <testcase classname="testNGAnnotation_Flags.Flag3" name="method1" time="0.0"/>
  <testcase classname="testNGAnnotation_Flags.Flag3" name="method1" time="0.001"/>
  <testcase classname="testNGAnnotation_Flags.Flag3" name="method1" time="0.0"/>
  <testcase classname="testNGAnnotation_Flags.Flag3" name="method1" time="0.003"/>
  <testcase classname="testNGAnnotation_Flags.Flag3" name="method1" time="0.002"/>
  <testcase classname="testNGAnnotation_Flags.Flag3" name="method1" time="0.009"/>
  <testcase classname="testNGAnnotation_Flags.Flag3" name="method1" time="0.002"/>
  <testcase classname="testNGAnnotation_Flags.Flag3" name="method1" time="0.001"/>
  <testcase classname="testNGAnnotation_Flags.Flag3" name="method1" time="0.003"/>
  <testcase classname="testNGAnnotation_Flags.Flag3" name="method1" time="0.002"/>
  <testcase classname="testNGAnnotation_Flags.Flag3" name="method1" time="0.001"/>
  <testcase classname="testNGAnnotation_Flags.Flag3" name="method1" time="0.056"/>
  <testcase classname="testNGAnnotation_Flags.Flag3" name="method1" time="0.001"/>
  <testcase classname="testNGAnnotation_Flags.Flag3" name="method1" time="0.001"/>
  <testcase classname="testNGAnnotation_Flags.Flag3" name="method1" time="0.001"/>
  <testcase classname="testNGAnnotation_Flags.Flag3" name="method1" time="0.004"/>
  <testcase classname="testNGAnnotation_Flags.Flag3" name="method1" time="0.0"/>
  <testcase classname="testNGAnnotation_Flags.Flag3" name="method1" time="0.0"/>
  <testcase classname="testNGAnnotation_Flags.Flag3" name="method1" time="0.001"/>
  <testcase classname="testNGAnnotation_Flags.Flag3" name="method1" time="0.001"/>
  <testcase classname="testNGAnnotation_Flags.Flag3" name="method1" time="0.0"/>
  <testcase classname="testNGAnnotation_Flags.Flag3" name="method1" time="0.001"/>
  <testcase classname="testNGAnnotation_Flags.Flag3" name="method1" time="0.001"/>
  <testcase classname="testNGAnnotation_Flags.Flag3" name="method1" time="0.001"/>
  <testcase classname="testNGAnnotation_Flags.Flag3" name="method1" time="0.001"/>
  <testcase classname="testNGAnnotation_Flags.Flag3" name="method1" time="0.001"/>
  <testcase classname="testNGAnnotation_Flags.Flag3" name="method1" time="0.0"/>
  <testcase classname="testNGAnnotation_Flags.Flag3" name="method1" time="0.004"/>
  <testcase classname="testNGAnnotation_Flags.Flag3" name="method1" time="0.0"/>
  <testcase classname="testNGAnnotation_Flags.Flag3" name="method1" time="0.001"/>
  <testcase classname="testNGAnnotation_Flags.Flag3" name="method1" time="0.0"/>
  <testcase classname="testNGAnnotation_Flags.Flag3" name="method1" time="0.001"/>
  <testcase classname="testNGAnnotation_Flags.Flag3" name="method1" time="0.002"/>
  <testcase classname="testNGAnnotation_Flags.Flag3" name="method1" time="0.001"/>
  <testcase classname="testNGAnnotation_Flags.Flag3" name="method1" time="0.001"/>
  <testcase classname="testNGAnnotation_Flags.Flag3" name="method1" time="0.001"/>
  <testcase classname="testNGAnnotation_Flags.Flag3" name="method1" time="0.004"/>
  <testcase classname="testNGAnnotation_Flags.Flag3" name="method1" time="0.035"/>
  <testcase classname="testNGAnnotation_Flags.Flag3" name="method1" time="0.012"/>
  <testcase classname="testNGAnnotation_Flags.Flag3" name="method1" time="0.001"/>
  <testcase classname="testNGAnnotation_Flags.Flag3" name="method1" time="0.0"/>
  <testcase classname="testNGAnnotation_Flags.Flag3" name="method1" time="0.001"/>
  <testcase classname="testNGAnnotation_Flags.Flag3" name="method1" time="0.001"/>
  <testcase classname="testNGAnnotation_Flags.Flag3" name="method1" time="0.001"/>
  <testcase classname="testNGAnnotation_Flags.Flag3" name="method1" time="0.001"/>
  <testcase classname="testNGAnnotation_Flags.Flag3" name="method1" time="0.0"/>
  <testcase classname="testNGAnnotation_Flags.Flag3" name="method1" time="0.0"/>
  <testcase classname="testNGAnnotation_Flags.Flag3" name="method1" time="0.0"/>
  <testcase classname="testNGAnnotation_Flags.Flag3" name="method1" time="0.001"/>
  <testcase classname="testNGAnnotation_Flags.Flag3" name="method1" time="0.001"/>
  <testcase classname="testNGAnnotation_Flags.Flag3" name="method1" time="0.001"/>
  <testcase classname="testNGAnnotation_Flags.Flag3" name="method1" time="0.0"/>
  <testcase classname="testNGAnnotation_Flags.Flag3" name="method1" time="0.0"/>
  <testcase classname="testNGAnnotation_Flags.Flag3" name="method1" time="0.0"/>
  <testcase classname="testNGAnnotation_Flags.Flag3" name="method1" time="0.002"/>
  <testcase classname="testNGAnnotation_Flags.Flag3" name="method1" time="0.001"/>
  <testcase classname="testNGAnnotation_Flags.Flag3" name="method1" time="0.001"/>
  <testcase classname="testNGAnnotation_Flags.Flag3" name="method1" time="0.001"/>
  <testcase classname="testNGAnnotation_Flags.Flag3" name="method1" time="0.001"/>
  <testcase classname="testNGAnnotation_Flags.Flag3" name="method1" time="0.001"/>
  <testcase classname="testNGAnnotation_Flags.Flag3" name="method1" time="0.001"/>
  <testcase classname="testNGAnnotation_Flags.Flag3" name="method1" time="0.0"/>
  <testcase classname="testNGAnnotation_Flags.Flag3" name="method1" time="0.01"/>
  <testcase classname="testNGAnnotation_Flags.Flag3" name="method1" time="0.001"/>
  <testcase classname="testNGAnnotation_Flags.Flag3" name="method1" time="0.002"/>
  <testcase classname="testNGAnnotation_Flags.Flag3" name="method1" time="0.001"/>
  <testcase classname="testNGAnnotation_Flags.Flag3" name="method1" time="0.0"/>
  <testcase classname="testNGAnnotation_Flags.Flag3" name="method1" time="0.008"/>
  <testcase classname="testNGAnnotation_Flags.Flag3" name="method1" time="0.0"/>
  <testcase classname="testNGAnnotation_Flags.Flag3" name="method1" time="0.001"/>
  <testcase classname="testNGAnnotation_Flags.Flag3" name="method1" time="0.001"/>
  <testcase classname="testNGAnnotation_Flags.Flag3" name="method1" time="0.001"/>
  <testcase classname="testNGAnnotation_Flags.Flag3" name="method1" time="0.001"/>
  <testcase classname="testNGAnnotation_Flags.Flag3" name="method1" time="0.0"/>
  <testcase classname="testNGAnnotation_Flags.Flag3" name="method1" time="0.0"/>
  <testcase classname="testNGAnnotation_Flags.Flag3" name="method1" time="0.0"/>
  <testcase classname="testNGAnnotation_Flags.Flag3" name="method1" time="0.001"/>
  <testcase classname="testNGAnnotation_Flags.Flag3" name="method1" time="0.0"/>
  <testcase classname="testNGAnnotation_Flags.Flag3" name="method1" time="0.0"/>
  <testcase classname="testNGAnnotation_Flags.Flag3" name="method1" time="0.001"/>
  <testcase classname="testNGAnnotation_Flags.Flag3" name="method1" time="0.001"/>
  <testcase classname="testNGAnnotation_Flags.Flag3" name="method1" time="0.002"/>
  <testcase classname="testNGAnnotation_Flags.Flag3" name="method1" time="0.001"/>
  <testcase classname="testNGAnnotation_Flags.Flag3" name="method1" time="0.0"/>
  <testcase classname="testNGAnnotation_Flags.Flag3" name="method1" time="0.001"/>
  <testcase classname="testNGAnnotation_Flags.Flag3" name="method1" time="0.001"/>
  <testcase classname="testNGAnnotation_Flags.Flag3" name="method1" time="0.0"/>
  <testcase classname="testNGAnnotation_Flags.Flag3" name="method1" time="0.0"/>
  <testcase classname="testNGAnnotation_Flags.Flag3" name="method1" time="0.001"/>
  <testcase classname="testNGAnnotation_Flags.Flag3" name="method1" time="0.0"/>
  <testcase classname="testNGAnnotation_Flags.Flag3" name="method1" time="0.0"/>
  <testcase classname="testNGAnnotation_Flags.Flag3" name="method1" time="0.0"/>
  <testcase classname="testNGAnnotation_Flags.Flag3" name="method1" time="0.001"/>
  <testcase classname="testNGAnnotation_Flags.Flag3" name="method1" time="0.001"/>
  <testcase classname="testNGAnnotation_Flags.Flag3" name="method1" time="0.0"/>
  <testcase classname="testNGAnnotation_Flags.Flag3" name="method1" time="0.003"/>
  <testcase classname="testNGAnnotation_Flags.Flag3" name="method1" time="0.002"/>
  <testcase classname="testNGAnnotation_Flags.Flag3" name="method1" time="0.001"/>
  <testcase classname="testNGAnnotation_Flags.Flag3" name="method1" time="0.0"/>
  <testcase classname="testNGAnnotation_Flags.Flag3" name="method1" time="0.001"/>
  <testcase classname="testNGAnnotation_Flags.Flag3" name="method1" time="0.001"/>
  <testcase classname="testNGAnnotation_Flags.Flag3" name="method1" time="0.005"/>
  <testcase classname="testNGAnnotation_Flags.Flag3" name="method1" time="0.003"/>
  <testcase classname="testNGAnnotation_Flags.Flag3" name="method1" time="0.001"/>
  <testcase classname="testNGAnnotation_Flags.Flag3" name="method1" time="0.001"/>
  <testcase classname="testNGAnnotation_Flags.Flag3" name="method1" time="0.001"/>
  <testcase classname="testNGAnnotation_Flags.Flag3" name="method1" time="0.0"/>
  <testcase classname="testNGAnnotation_Flags.Flag3" name="method1" time="0.019"/>
  <testcase classname="testNGAnnotation_Flags.Flag3" name="method1" time="0.001"/>
  <testcase classname="testNGAnnotation_Flags.Flag3" name="method1" time="0.001"/>
  <testcase classname="testNGAnnotation_Flags.Flag3" name="method1" time="0.001"/>
  <testcase classname="testNGAnnotation_Flags.Flag3" name="method1" time="0.0"/>
  <testcase classname="testNGAnnotation_Flags.Flag3" name="method1" time="0.0"/>
  <testcase classname="testNGAnnotation_Flags.Flag3" name="method1" time="0.009"/>
  <testcase classname="testNGAnnotation_Flags.Flag3" name="method1" time="0.001"/>
  <testcase classname="testNGAnnotation_Flags.Flag3" name="method1" time="0.001"/>
  <testcase classname="testNGAnnotation_Flags.Flag3" name="method1" time="0.0"/>
  <testcase classname="testNGAnnotation_Flags.Flag3" name="method1" time="0.001"/>
  <testcase classname="testNGAnnotation_Flags.Flag3" name="method1" time="0.004"/>
  <testcase classname="testNGAnnotation_Flags.Flag3" name="method1" time="0.002"/>
  <testcase classname="testNGAnnotation_Flags.Flag3" name="method1" time="0.001"/>
  <testcase classname="testNGAnnotation_Flags.Flag3" name="method1" time="0.001"/>
  <testcase classname="testNGAnnotation_Flags.Flag3" name="method1" time="0.001"/>
  <testcase classname="testNGAnnotation_Flags.Flag3" name="method1" time="0.001"/>
  <testcase classname="testNGAnnotation_Flags.Flag3" name="method1" time="0.001"/>
  <testcase classname="testNGAnnotation_Flags.Flag3" name="method1" time="0.033"/>
  <testcase classname="testNGAnnotation_Flags.Flag3" name="method1" time="0.0"/>
  <testcase classname="testNGAnnotation_Flags.Flag3" name="method1" time="0.001"/>
  <testcase classname="testNGAnnotation_Flags.Flag3" name="method1" time="0.002"/>
  <testcase classname="testNGAnnotation_Flags.Flag3" name="method1" time="0.001"/>
  <testcase classname="testNGAnnotation_Flags.Flag3" name="method1" time="0.0"/>
  <testcase classname="testNGAnnotation_Flags.Flag3" name="method1" time="0.001"/>
  <testcase classname="testNGAnnotation_Flags.Flag3" name="method1" time="0.002"/>
  <testcase classname="testNGAnnotation_Flags.Flag3" name="method1" time="0.009"/>
  <testcase classname="testNGAnnotation_Flags.Flag3" name="method1" time="0.001"/>
  <testcase classname="testNGAnnotation_Flags.Flag3" name="method1" time="0.001"/>
  <testcase classname="testNGAnnotation_Flags.Flag3" name="method1" time="0.0"/>
  <testcase classname="testNGAnnotation_Flags.Flag3" name="method1" time="0.0"/>
  <testcase classname="testNGAnnotation_Flags.Flag3" name="method1" time="0.0"/>
  <testcase classname="testNGAnnotation_Flags.Flag3" name="method1" time="0.001"/>
  <testcase classname="testNGAnnotation_Flags.Flag3" name="method1" time="0.0"/>
  <testcase classname="testNGAnnotation_Flags.Flag3" name="method1" time="0.0"/>
  <testcase classname="testNGAnnotation_Flags.Flag3" name="method1" time="0.0"/>
  <testcase classname="testNGAnnotation_Flags.Flag3" name="method1" time="0.001"/>
  <testcase classname="testNGAnnotation_Flags.Flag3" name="method1" time="0.001"/>
  <testcase classname="testNGAnnotation_Flags.Flag3" name="method1" time="0.0"/>
  <testcase classname="testNGAnnotation_Flags.Flag3" name="method1" time="0.0"/>
  <testcase classname="testNGAnnotation_Flags.Flag3" name="method1" time="0.0"/>
  <testcase classname="testNGAnnotation_Flags.Flag3" name="method1" time="0.001"/>
  <testcase classname="testNGAnnotation_Flags.Flag3" name="method1" time="0.001"/>
  <testcase classname="testNGAnnotation_Flags.Flag3" name="method1" time="0.001"/>
  <testcase classname="testNGAnnotation_Flags.Flag3" name="method1" time="0.0"/>
  <testcase classname="testNGAnnotation_Flags.Flag3" name="method1" time="0.001"/>
  <testcase classname="testNGAnnotation_Flags.Flag3" name="method1" time="0.0"/>
  <testcase classname="testNGAnnotation_Flags.Flag3" name="method1" time="0.0"/>
  <testcase classname="testNGAnnotation_Flags.Flag3" name="method1" time="0.0"/>
  <testcase classname="testNGAnnotation_Flags.Flag3" name="method1" time="0.0"/>
  <testcase classname="testNGAnnotation_Flags.Flag3" name="method1" time="0.001"/>
  <testcase classname="testNGAnnotation_Flags.Flag3" name="method1" time="0.001"/>
  <testcase classname="testNGAnnotation_Flags.Flag3" name="method1" time="0.001"/>
  <testcase classname="testNGAnnotation_Flags.Flag3" name="method1" time="0.0"/>
  <testcase classname="testNGAnnotation_Flags.Flag3" name="method1" time="0.0"/>
  <testcase classname="testNGAnnotation_Flags.Flag3" name="method1" time="0.0"/>
  <testcase classname="testNGAnnotation_Flags.Flag3" name="method1" time="0.0"/>
  <testcase classname="testNGAnnotation_Flags.Flag3" name="method1" time="0.001"/>
  <testcase classname="testNGAnnotation_Flags.Flag3" name="method1" time="0.0"/>
  <testcase classname="testNGAnnotation_Flags.Flag3" name="method1" time="0.001"/>
  <testcase classname="testNGAnnotation_Flags.Flag3" name="method1" time="0.0"/>
  <testcase classname="testNGAnnotation_Flags.Flag3" name="method1" time="0.0"/>
  <testcase classname="testNGAnnotation_Flags.Flag3" name="method1" time="0.0"/>
  <testcase classname="testNGAnnotation_Flags.Flag3" name="method1" time="0.001"/>
  <testcase classname="testNGAnnotation_Flags.Flag3" name="method1" time="0.001"/>
  <testcase classname="testNGAnnotation_Flags.Flag3" name="method1" time="0.0"/>
  <testcase classname="testNGAnnotation_Flags.Flag3" name="method1" time="0.0"/>
  <testcase classname="testNGAnnotation_Flags.Flag3" name="method1" time="0.0"/>
  <testcase classname="testNGAnnotation_Flags.Flag3" name="method1" time="0.0"/>
  <testcase classname="testNGAnnotation_Flags.Flag3" name="method1" time="0.0"/>
  <testcase classname="testNGAnnotation_Flags.Flag3" name="method1" time="0.0"/>
  <testcase classname="testNGAnnotation_Flags.Flag3" name="method1" time="0.0"/>
  <testcase classname="testNGAnnotation_Flags.Flag3" name="method1" time="0.0"/>
  <testcase classname="testNGAnnotation_Flags.Flag3" name="method1" time="0.001"/>
  <testcase classname="testNGAnnotation_Flags.Flag3" name="method1" time="0.001"/>
  <testcase classname="testNGAnnotation_Flags.Flag3" name="method1" time="0.001"/>
  <testcase classname="testNGAnnotation_Flags.Flag3" name="method1" time="0.0"/>
  <testcase classname="testNGAnnotation_Flags.Flag3" name="method1" time="0.0"/>
  <testcase classname="testNGAnnotation_Flags.Flag3" name="method1" time="0.001"/>
  <testcase classname="testNGAnnotation_Flags.Flag3" name="method1" time="0.0"/>
  <testcase classname="testNGAnnotation_Flags.Flag3" name="method1" time="0.0"/>
  <testcase classname="testNGAnnotation_Flags.Flag3" name="method1" time="0.0"/>
  <testcase classname="testNGAnnotation_Flags.Flag3" name="method1" time="0.0"/>
  <testcase classname="testNGAnnotation_Flags.Flag3" name="method1" time="0.0"/>
  <testcase classname="testNGAnnotation_Flags.Flag3" name="method1" time="0.0"/>
  <testcase classname="testNGAnnotation_Flags.Flag3" name="method1" time="0.001"/>
  <testcase classname="testNGAnnotation_Flags.Flag3" name="method1" time="0.0"/>
  <testcase classname="testNGAnnotation_Flags.Flag3" name="method1" time="0.0"/>
  <testcase classname="testNGAnnotation_Flags.Flag3" name="method1" time="0.001"/>
  <testcase classname="testNGAnnotation_Flags.Flag3" name="method1" time="0.0"/>
  <testcase classname="testNGAnnotation_Flags.Flag3" name="method1" time="0.0"/>
  <testcase classname="testNGAnnotation_Flags.Flag3" name="method1" time="0.001"/>
  <testcase classname="testNGAnnotation_Flags.Flag3" name="method1" time="0.0"/>
  <testcase classname="testNGAnnotation_Flags.Flag3" name="method1" time="0.0"/>
  <testcase classname="testNGAnnotation_Flags.Flag3" name="method1" time="0.001"/>
  <testcase classname="testNGAnnotation_Flags.Flag3" name="method1" time="0.0"/>
  <testcase classname="testNGAnnotation_Flags.Flag3" name="method1" time="0.0"/>
  <testcase classname="testNGAnnotation_Flags.Flag3" name="method1" time="0.001"/>
  <testcase classname="testNGAnnotation_Flags.Flag3" name="method1" time="0.0"/>
  <testcase classname="testNGAnnotation_Flags.Flag3" name="method1" time="0.0"/>
  <testcase classname="testNGAnnotation_Flags.Flag3" name="method1" time="0.001"/>
  <testcase classname="testNGAnnotation_Flags.Flag3" name="method1" time="0.001"/>
  <testcase classname="testNGAnnotation_Flags.Flag3" name="method1" time="0.0"/>
  <testcase classname="testNGAnnotation_Flags.Flag3" name="method1" time="0.0"/>
  <testcase classname="testNGAnnotation_Flags.Flag3" name="method1" time="0.001"/>
  <testcase classname="testNGAnnotation_Flags.Flag3" name="method1" time="0.0"/>
  <testcase classname="testNGAnnotation_Flags.Flag3" name="method1" time="0.0"/>
  <testcase classname="testNGAnnotation_Flags.Flag3" name="method1" time="0.0"/>
  <testcase classname="testNGAnnotation_Flags.Flag3" name="method1" time="0.001"/>
  <testcase classname="testNGAnnotation_Flags.Flag3" name="method1" time="0.0"/>
  <testcase classname="testNGAnnotation_Flags.Flag3" name="method1" time="0.0"/>
  <testcase classname="testNGAnnotation_Flags.Flag3" name="method1" time="0.001"/>
  <testcase classname="testNGAnnotation_Flags.Flag3" name="method1" time="0.0"/>
  <testcase classname="testNGAnnotation_Flags.Flag3" name="method1" time="0.0"/>
  <testcase classname="testNGAnnotation_Flags.Flag3" name="method1" time="0.001"/>
  <testcase classname="testNGAnnotation_Flags.Flag3" name="method1" time="0.0"/>
  <testcase classname="testNGAnnotation_Flags.Flag3" name="method1" time="0.0"/>
  <testcase classname="testNGAnnotation_Flags.Flag3" name="method1" time="0.0"/>
  <testcase classname="testNGAnnotation_Flags.Flag3" name="method1" time="0.001"/>
  <testcase classname="testNGAnnotation_Flags.Flag3" name="method1" time="0.001"/>
  <testcase classname="testNGAnnotation_Flags.Flag3" name="method1" time="0.0"/>
  <testcase classname="testNGAnnotation_Flags.Flag3" name="method1" time="0.0"/>
  <testcase classname="testNGAnnotation_Flags.Flag3" name="method1" time="0.001"/>
  <testcase classname="testNGAnnotation_Flags.Flag3" name="method1" time="0.0"/>
  <testcase classname="testNGAnnotation_Flags.Flag3" name="method1" time="0.0"/>
  <testcase classname="testNGAnnotation_Flags.Flag3" name="method1" time="0.0"/>
  <testcase classname="testNGAnnotation_Flags.Flag3" name="method1" time="0.001"/>
  <testcase classname="testNGAnnotation_Flags.Flag3" name="method1" time="0.0"/>
  <testcase classname="testNGAnnotation_Flags.Flag3" name="method1" time="0.0"/>
  <testcase classname="testNGAnnotation_Flags.Flag3" name="method1" time="0.001"/>
  <testcase classname="testNGAnnotation_Flags.Flag3" name="method1" time="0.0"/>
  <testcase classname="testNGAnnotation_Flags.Flag3" name="method1" time="0.0"/>
  <testcase classname="testNGAnnotation_Flags.Flag3" name="method1" time="0.001"/>
  <testcase classname="testNGAnnotation_Flags.Flag3" name="method1" time="0.001"/>
  <testcase classname="testNGAnnotation_Flags.Flag3" name="method1" time="0.0"/>
  <testcase classname="testNGAnnotation_Flags.Flag3" name="method1" time="0.0"/>
  <testcase classname="testNGAnnotation_Flags.Flag3" name="method1" time="0.001"/>
  <testcase classname="testNGAnnotation_Flags.Flag3" name="method1" time="0.001"/>
  <testcase classname="testNGAnnotation_Flags.Flag3" name="method1" time="0.001"/>
  <testcase classname="testNGAnnotation_Flags.Flag3" name="method1" time="0.0"/>
  <testcase classname="testNGAnnotation_Flags.Flag3" name="method1" time="0.0"/>
  <testcase classname="testNGAnnotation_Flags.Flag3" name="method1" time="0.0"/>
  <testcase classname="testNGAnnotation_Flags.Flag3" name="method1" time="0.001"/>
  <testcase classname="testNGAnnotation_Flags.Flag3" name="method1" time="0.0"/>
  <testcase classname="testNGAnnotation_Flags.Flag3" name="method1" time="0.0"/>
  <testcase classname="testNGAnnotation_Flags.Flag3" name="method1" time="0.0"/>
  <testcase classname="testNGAnnotation_Flags.Flag3" name="method1" time="0.0"/>
  <testcase classname="testNGAnnotation_Flags.Flag3" name="method1" time="0.0"/>
  <testcase classname="testNGAnnotation_Flags.Flag3" name="method1" time="0.0"/>
  <testcase classname="testNGAnnotation_Flags.Flag3" name="method1" time="0.0"/>
  <testcase classname="testNGAnnotation_Flags.Flag3" name="method1" time="0.001"/>
  <testcase classname="testNGAnnotation_Flags.Flag3" name="method1" time="0.001"/>
  <testcase classname="testNGAnnotation_Flags.Flag3" name="method1" time="0.001"/>
  <testcase classname="testNGAnnotation_Flags.Flag3" name="method1" time="0.0"/>
  <testcase classname="testNGAnnotation_Flags.Flag3" name="method1" time="0.0"/>
  <testcase classname="testNGAnnotation_Flags.Flag3" name="method1" time="0.0"/>
  <testcase classname="testNGAnnotation_Flags.Flag3" name="method1" time="0.001"/>
  <testcase classname="testNGAnnotation_Flags.Flag3" name="method1" time="0.001"/>
  <testcase classname="testNGAnnotation_Flags.Flag3" name="method1" time="0.001"/>
  <testcase classname="testNGAnnotation_Flags.Flag3" name="method1" time="0.001"/>
  <testcase classname="testNGAnnotation_Flags.Flag3" name="method1" time="0.001"/>
  <testcase classname="testNGAnnotation_Flags.Flag3" name="method1" time="0.0"/>
  <testcase classname="testNGAnnotation_Flags.Flag3" name="method1" time="0.0"/>
  <testcase classname="testNGAnnotation_Flags.Flag3" name="method1" time="0.0"/>
  <testcase classname="testNGAnnotation_Flags.Flag3" name="method1" time="0.0"/>
  <testcase classname="testNGAnnotation_Flags.Flag3" name="method1" time="0.0"/>
  <testcase classname="testNGAnnotation_Flags.Flag3" name="method1" time="0.001"/>
  <testcase classname="testNGAnnotation_Flags.Flag3" name="method1" time="0.001"/>
  <testcase classname="testNGAnnotation_Flags.Flag3" name="method1" time="0.001"/>
  <testcase classname="testNGAnnotation_Flags.Flag3" name="method1" time="0.0"/>
  <testcase classname="testNGAnnotation_Flags.Flag3" name="method1" time="0.0"/>
  <testcase classname="testNGAnnotation_Flags.Flag3" name="method1" time="0.0"/>
  <testcase classname="testNGAnnotation_Flags.Flag3" name="method1" time="0.0"/>
  <testcase classname="testNGAnnotation_Flags.Flag3" name="method1" time="0.0"/>
  <testcase classname="testNGAnnotation_Flags.Flag3" name="method1" time="0.001"/>
  <testcase classname="testNGAnnotation_Flags.Flag3" name="method1" time="0.001"/>
  <testcase classname="testNGAnnotation_Flags.Flag3" name="method1" time="0.001"/>
  <testcase classname="testNGAnnotation_Flags.Flag3" name="method1" time="0.0"/>
  <testcase classname="testNGAnnotation_Flags.Flag3" name="method1" time="0.0"/>
  <testcase classname="testNGAnnotation_Flags.Flag3" name="method1" time="0.0"/>
  <testcase classname="testNGAnnotation_Flags.Flag3" name="method1" time="0.0"/>
  <testcase classname="testNGAnnotation_Flags.Flag3" name="method1" time="0.0"/>
  <testcase classname="testNGAnnotation_Flags.Flag3" name="method1" time="0.001"/>
  <testcase classname="testNGAnnotation_Flags.Flag3" name="method1" time="0.001"/>
  <testcase classname="testNGAnnotation_Flags.Flag3" name="method1" time="0.0"/>
  <testcase classname="testNGAnnotation_Flags.Flag3" name="method1" time="0.0"/>
  <testcase classname="testNGAnnotation_Flags.Flag3" name="method1" time="0.0"/>
  <testcase classname="testNGAnnotation_Flags.Flag3" name="method1" time="0.001"/>
  <testcase classname="testNGAnnotation_Flags.Flag3" name="method1" time="0.001"/>
  <testcase classname="testNGAnnotation_Flags.Flag3" name="method1" time="0.001"/>
  <testcase classname="testNGAnnotation_Flags.Flag3" name="method1" time="0.001"/>
  <testcase classname="testNGAnnotation_Flags.Flag3" name="method1" time="0.0"/>
  <testcase classname="testNGAnnotation_Flags.Flag3" name="method1" time="0.0"/>
  <testcase classname="testNGAnnotation_Flags.Flag3" name="method1" time="0.0"/>
  <testcase classname="testNGAnnotation_Flags.Flag3" name="method1" time="0.0"/>
  <testcase classname="testNGAnnotation_Flags.Flag3" name="method1" time="0.0"/>
  <testcase classname="testNGAnnotation_Flags.Flag3" name="method1" time="0.001"/>
  <testcase classname="testNGAnnotation_Flags.Flag3" name="method1" time="0.001"/>
  <testcase classname="testNGAnnotation_Flags.Flag3" name="method1" time="0.001"/>
  <testcase classname="testNGAnnotation_Flags.Flag3" name="method1" time="0.001"/>
  <testcase classname="testNGAnnotation_Flags.Flag3" name="method1" time="0.0"/>
  <testcase classname="testNGAnnotation_Flags.Flag3" name="method1" time="0.0"/>
  <testcase classname="testNGAnnotation_Flags.Flag3" name="method1" time="0.0"/>
  <testcase classname="testNGAnnotation_Flags.Flag3" name="method1" time="0.001"/>
  <testcase classname="testNGAnnotation_Flags.Flag3" name="method1" time="0.001"/>
  <testcase classname="testNGAnnotation_Flags.Flag3" name="method1" time="0.001"/>
  <testcase classname="testNGAnnotation_Flags.Flag3" name="method1" time="0.0"/>
  <testcase classname="testNGAnnotation_Flags.Flag3" name="method1" time="0.0"/>
  <testcase classname="testNGAnnotation_Flags.Flag3" name="method1" time="0.0"/>
  <testcase classname="testNGAnnotation_Flags.Flag3" name="method1" time="0.001"/>
  <testcase classname="testNGAnnotation_Flags.Flag3" name="method1" time="0.001"/>
  <testcase classname="testNGAnnotation_Flags.Flag3" name="method1" time="0.001"/>
  <testcase classname="testNGAnnotation_Flags.Flag3" name="method1" time="0.001"/>
  <testcase classname="testNGAnnotation_Flags.Flag3" name="method1" time="0.001"/>
  <testcase classname="testNGAnnotation_Flags.Flag3" name="method1" time="0.0"/>
  <testcase classname="testNGAnnotation_Flags.Flag3" name="method1" time="0.0"/>
  <testcase classname="testNGAnnotation_Flags.Flag3" name="method1" time="0.0"/>
  <testcase classname="testNGAnnotation_Flags.Flag3" name="method1" time="0.0"/>
  <testcase classname="testNGAnnotation_Flags.Flag3" name="method1" time="0.0"/>
  <testcase classname="testNGAnnotation_Flags.Flag3" name="method1" time="0.0"/>
  <testcase classname="testNGAnnotation_Flags.Flag3" name="method1" time="0.001"/>
  <testcase classname="testNGAnnotation_Flags.Flag3" name="method1" time="0.001"/>
  <testcase classname="testNGAnnotation_Flags.Flag3" name="method1" time="0.001"/>
  <testcase classname="testNGAnnotation_Flags.Flag3" name="method1" time="0.0"/>
  <testcase classname="testNGAnnotation_Flags.Flag3" name="method1" time="0.0"/>
  <testcase classname="testNGAnnotation_Flags.Flag3" name="method1" time="0.001"/>
  <testcase classname="testNGAnnotation_Flags.Flag3" name="method1" time="0.001"/>
  <testcase classname="testNGAnnotation_Flags.Flag3" name="method1" time="0.0"/>
  <testcase classname="testNGAnnotation_Flags.Flag3" name="method1" time="0.0"/>
  <testcase classname="testNGAnnotation_Flags.Flag3" name="method1" time="0.001"/>
  <testcase classname="testNGAnnotation_Flags.Flag3" name="method1" time="0.0"/>
  <testcase classname="testNGAnnotation_Flags.Flag3" name="method1" time="0.0"/>
  <testcase classname="testNGAnnotation_Flags.Flag3" name="method1" time="0.001"/>
  <testcase classname="testNGAnnotation_Flags.Flag3" name="method1" time="0.0"/>
  <testcase classname="testNGAnnotation_Flags.Flag3" name="method1" time="0.0"/>
  <testcase classname="testNGAnnotation_Flags.Flag3" name="method1" time="0.0"/>
  <testcase classname="testNGAnnotation_Flags.Flag3" name="method1" time="0.0"/>
  <testcase classname="testNGAnnotation_Flags.Flag3" name="method1" time="0.0"/>
  <testcase classname="testNGAnnotation_Flags.Flag3" name="method1" time="0.0"/>
  <testcase classname="testNGAnnotation_Flags.Flag3" name="method1" time="0.001"/>
  <testcase classname="testNGAnnotation_Flags.Flag3" name="method1" time="0.0"/>
  <testcase classname="testNGAnnotation_Flags.Flag3" name="method1" time="0.0"/>
  <testcase classname="testNGAnnotation_Flags.Flag3" name="method1" time="0.001"/>
  <testcase classname="testNGAnnotation_Flags.Flag3" name="method1" time="0.0"/>
  <testcase classname="testNGAnnotation_Flags.Flag3" name="method1" time="0.0"/>
  <testcase classname="testNGAnnotation_Flags.Flag3" name="method1" time="0.0"/>
  <testcase classname="testNGAnnotation_Flags.Flag3" name="method1" time="0.001"/>
  <testcase classname="testNGAnnotation_Flags.Flag3" name="method1" time="0.0"/>
  <testcase classname="testNGAnnotation_Flags.Flag3" name="method1" time="0.0"/>
  <testcase classname="testNGAnnotation_Flags.Flag3" name="method1" time="0.001"/>
  <testcase classname="testNGAnnotation_Flags.Flag3" name="method1" time="0.0"/>
  <testcase classname="testNGAnnotation_Flags.Flag3" name="method1" time="0.0"/>
  <testcase classname="testNGAnnotation_Flags.Flag3" name="method1" time="0.001"/>
  <testcase classname="testNGAnnotation_Flags.Flag3" name="method1" time="0.0"/>
  <testcase classname="testNGAnnotation_Flags.Flag3" name="method1" time="0.0"/>
  <testcase classname="testNGAnnotation_Flags.Flag3" name="method1" time="0.0"/>
  <testcase classname="testNGAnnotation_Flags.Flag3" name="method1" time="0.0"/>
  <testcase classname="testNGAnnotation_Flags.Flag3" name="method1" time="0.0"/>
  <testcase classname="testNGAnnotation_Flags.Flag3" name="method1" time="0.001"/>
  <testcase classname="testNGAnnotation_Flags.Flag3" name="method1" time="0.0"/>
  <testcase classname="testNGAnnotation_Flags.Flag3" name="method1" time="0.0"/>
  <testcase classname="testNGAnnotation_Flags.Flag3" name="method1" time="0.001"/>
  <testcase classname="testNGAnnotation_Flags.Flag3" name="method1" time="0.0"/>
  <testcase classname="testNGAnnotation_Flags.Flag3" name="method1" time="0.0"/>
  <testcase classname="testNGAnnotation_Flags.Flag3" name="method1" time="0.0"/>
  <testcase classname="testNGAnnotation_Flags.Flag3" name="method1" time="0.001"/>
  <testcase classname="testNGAnnotation_Flags.Flag3" name="method1" time="0.0"/>
  <testcase classname="testNGAnnotation_Flags.Flag3" name="method1" time="0.0"/>
  <testcase classname="testNGAnnotation_Flags.Flag3" name="method1" time="0.001"/>
  <testcase classname="testNGAnnotation_Flags.Flag3" name="method1" time="0.0"/>
  <testcase classname="testNGAnnotation_Flags.Flag3" name="method1" time="0.0"/>
  <testcase classname="testNGAnnotation_Flags.Flag3" name="method1" time="0.001"/>
  <testcase classname="testNGAnnotation_Flags.Flag3" name="method1" time="0.001"/>
  <testcase classname="testNGAnnotation_Flags.Flag3" name="method1" time="0.001"/>
  <testcase classname="testNGAnnotation_Flags.Flag3" name="method1" time="0.0"/>
  <testcase classname="testNGAnnotation_Flags.Flag3" name="method1" time="0.0"/>
  <testcase classname="testNGAnnotation_Flags.Flag3" name="method1" time="0.0"/>
  <testcase classname="testNGAnnotation_Flags.Flag3" name="method1" time="0.001"/>
  <testcase classname="testNGAnnotation_Flags.Flag3" name="method1" time="0.0"/>
  <testcase classname="testNGAnnotation_Flags.Flag3" name="method1" time="0.0"/>
  <testcase classname="testNGAnnotation_Flags.Flag3" name="method1" time="0.0"/>
  <testcase classname="testNGAnnotation_Flags.Flag3" name="method1" time="0.001"/>
  <testcase classname="testNGAnnotation_Flags.Flag3" name="method1" time="0.001"/>
  <testcase classname="testNGAnnotation_Flags.Flag3" name="method1" time="0.001"/>
  <testcase classname="testNGAnnotation_Flags.Flag3" name="method1" time="0.0"/>
  <testcase classname="testNGAnnotation_Flags.Flag3" name="method1" time="0.0"/>
  <testcase classname="testNGAnnotation_Flags.Flag3" name="method1" time="0.017"/>
  <testcase classname="testNGAnnotation_Flags.Flag3" name="method1" time="0.001"/>
  <testcase classname="testNGAnnotation_Flags.Flag3" name="method1" time="0.0"/>
  <testcase classname="testNGAnnotation_Flags.Flag3" name="method1" time="0.0"/>
  <testcase classname="testNGAnnotation_Flags.Flag3" name="method1" time="0.0"/>
  <testcase classname="testNGAnnotation_Flags.Flag3" name="method1" time="0.0"/>
  <testcase classname="testNGAnnotation_Flags.Flag3" name="method1" time="0.0"/>
  <testcase classname="testNGAnnotation_Flags.Flag3" name="method1" time="0.001"/>
  <testcase classname="testNGAnnotation_Flags.Flag3" name="method1" time="0.001"/>
  <testcase classname="testNGAnnotation_Flags.Flag3" name="method1" time="0.001"/>
  <testcase classname="testNGAnnotation_Flags.Flag3" name="method1" time="0.001"/>
  <testcase classname="testNGAnnotation_Flags.Flag3" name="method1" time="0.007"/>
  <testcase classname="testNGAnnotation_Flags.Flag3" name="method1" time="0.006"/>
  <testcase classname="testNGAnnotation_Flags.Flag3" name="method1" time="0.001"/>
  <testcase classname="testNGAnnotation_Flags.Flag3" name="method1" time="0.0"/>
  <testcase classname="testNGAnnotation_Flags.Flag3" name="method1" time="0.0"/>
  <testcase classname="testNGAnnotation_Flags.Flag3" name="method1" time="0.001"/>
  <testcase classname="testNGAnnotation_Flags.Flag3" name="method1" time="0.001"/>
  <testcase classname="testNGAnnotation_Flags.Flag3" name="method1" time="0.01"/>
  <testcase classname="testNGAnnotation_Flags.Flag3" name="method1" time="0.001"/>
  <testcase classname="testNGAnnotation_Flags.Flag3" name="method1" time="0.001"/>
  <testcase classname="testNGAnnotation_Flags.Flag3" name="method1" time="0.0"/>
  <testcase classname="testNGAnnotation_Flags.Flag3" name="method1" time="0.0"/>
  <testcase classname="testNGAnnotation_Flags.Flag3" name="method1" time="0.0"/>
  <testcase classname="testNGAnnotation_Flags.Flag3" name="method1" time="0.001"/>
  <testcase classname="testNGAnnotation_Flags.Flag3" name="method1" time="0.001"/>
  <testcase classname="testNGAnnotation_Flags.Flag3" name="method1" time="0.001"/>
  <testcase classname="testNGAnnotation_Flags.Flag3" name="method1" time="0.001"/>
  <testcase classname="testNGAnnotation_Flags.Flag3" name="method1" time="0.019"/>
  <testcase classname="testNGAnnotation_Flags.Flag3" name="method1" time="0.011"/>
  <testcase classname="testNGAnnotation_Flags.Flag3" name="method1" time="0.001"/>
  <testcase classname="testNGAnnotation_Flags.Flag3" name="method1" time="0.001"/>
  <testcase classname="testNGAnnotation_Flags.Flag3" name="method1" time="0.0"/>
  <testcase classname="testNGAnnotation_Flags.Flag3" name="method1" time="0.0"/>
  <testcase classname="testNGAnnotation_Flags.Flag3" name="method1" time="0.0"/>
  <testcase classname="testNGAnnotation_Flags.Flag3" name="method1" time="0.002"/>
  <testcase classname="testNGAnnotation_Flags.Flag3" name="method1" time="0.001"/>
  <testcase classname="testNGAnnotation_Flags.Flag3" name="method1" time="0.001"/>
  <testcase classname="testNGAnnotation_Flags.Flag3" name="method1" time="0.011"/>
  <testcase classname="testNGAnnotation_Flags.Flag3" name="method1" time="0.0"/>
  <testcase classname="testNGAnnotation_Flags.Flag3" name="method1" time="0.0"/>
  <testcase classname="testNGAnnotation_Flags.Flag3" name="method1" time="0.0"/>
  <testcase classname="testNGAnnotation_Flags.Flag3" name="method1" time="0.001"/>
  <testcase classname="testNGAnnotation_Flags.Flag3" name="method1" time="0.0"/>
  <testcase classname="testNGAnnotation_Flags.Flag3" name="method1" time="0.001"/>
  <testcase classname="testNGAnnotation_Flags.Flag3" name="method1" time="0.0"/>
  <testcase classname="testNGAnnotation_Flags.Flag3" name="method1" time="0.0"/>
  <testcase classname="testNGAnnotation_Flags.Flag3" name="method1" time="0.001"/>
  <testcase classname="testNGAnnotation_Flags.Flag3" name="method1" time="0.0"/>
  <testcase classname="testNGAnnotation_Flags.Flag3" name="method1" time="0.0"/>
  <testcase classname="testNGAnnotation_Flags.Flag3" name="method1" time="0.0"/>
  <testcase classname="testNGAnnotation_Flags.Flag3" name="method1" time="0.001"/>
  <testcase classname="testNGAnnotation_Flags.Flag3" name="method1" time="0.001"/>
  <testcase classname="testNGAnnotation_Flags.Flag3" name="method1" time="0.001"/>
  <testcase classname="testNGAnnotation_Flags.Flag3" name="method1" time="0.0"/>
  <testcase classname="testNGAnnotation_Flags.Flag3" name="method1" time="0.0"/>
  <testcase classname="testNGAnnotation_Flags.Flag3" name="method1" time="0.0"/>
  <testcase classname="testNGAnnotation_Flags.Flag3" name="method1" time="0.001"/>
  <testcase classname="testNGAnnotation_Flags.Flag3" name="method1" time="0.0"/>
  <testcase classname="testNGAnnotation_Flags.Flag3" name="method1" time="0.0"/>
  <testcase classname="testNGAnnotation_Flags.Flag3" name="method1" time="0.0"/>
  <testcase classname="testNGAnnotation_Flags.Flag3" name="method1" time="0.0"/>
  <testcase classname="testNGAnnotation_Flags.Flag3" name="method1" time="0.0"/>
  <testcase classname="testNGAnnotation_Flags.Flag3" name="method1" time="0.0"/>
  <testcase classname="testNGAnnotation_Flags.Flag3" name="method1" time="0.0"/>
  <testcase classname="testNGAnnotation_Flags.Flag3" name="method1" time="0.0"/>
  <testcase classname="testNGAnnotation_Flags.Flag3" name="method1" time="0.001"/>
  <testcase classname="testNGAnnotation_Flags.Flag3" name="method1" time="0.001"/>
  <testcase classname="testNGAnnotation_Flags.Flag3" name="method1" time="0.0"/>
  <testcase classname="testNGAnnotation_Flags.Flag3" name="method1" time="0.0"/>
  <testcase classname="testNGAnnotation_Flags.Flag3" name="method1" time="0.0"/>
  <testcase classname="testNGAnnotation_Flags.Flag3" name="method1" time="0.0"/>
  <testcase classname="testNGAnnotation_Flags.Flag3" name="method1" time="0.001"/>
  <testcase classname="testNGAnnotation_Flags.Flag3" name="method1" time="0.0"/>
  <testcase classname="testNGAnnotation_Flags.Flag3" name="method1" time="0.0"/>
  <testcase classname="testNGAnnotation_Flags.Flag3" name="method1" time="0.0"/>
  <testcase classname="testNGAnnotation_Flags.Flag3" name="method1" time="0.0"/>
  <testcase classname="testNGAnnotation_Flags.Flag3" name="method1" time="0.0"/>
  <testcase classname="testNGAnnotation_Flags.Flag3" name="method1" time="0.0"/>
  <testcase classname="testNGAnnotation_Flags.Flag3" name="method1" time="0.0"/>
  <testcase classname="testNGAnnotation_Flags.Flag3" name="method1" time="0.0"/>
  <testcase classname="testNGAnnotation_Flags.Flag3" name="method1" time="0.0"/>
  <testcase classname="testNGAnnotation_Flags.Flag3" name="method1" time="0.001"/>
  <testcase classname="testNGAnnotation_Flags.Flag3" name="method1" time="0.0"/>
  <testcase classname="testNGAnnotation_Flags.Flag3" name="method1" time="0.001"/>
  <testcase classname="testNGAnnotation_Flags.Flag3" name="method1" time="0.001"/>
  <testcase classname="testNGAnnotation_Flags.Flag3" name="method1" time="0.0"/>
  <testcase classname="testNGAnnotation_Flags.Flag3" name="method1" time="0.0"/>
  <testcase classname="testNGAnnotation_Flags.Flag3" name="method1" time="0.0"/>
  <testcase classname="testNGAnnotation_Flags.Flag3" name="method1" time="0.007"/>
  <testcase classname="testNGAnnotation_Flags.Flag3" name="method1" time="0.001"/>
  <testcase classname="testNGAnnotation_Flags.Flag3" name="method1" time="0.001"/>
  <testcase classname="testNGAnnotation_Flags.Flag3" name="method1" time="0.0"/>
  <testcase classname="testNGAnnotation_Flags.Flag3" name="method1" time="0.0"/>
  <testcase classname="testNGAnnotation_Flags.Flag3" name="method1" time="0.0"/>
  <testcase classname="testNGAnnotation_Flags.Flag3" name="method1" time="0.0"/>
  <testcase classname="testNGAnnotation_Flags.Flag3" name="method1" time="0.0"/>
  <testcase classname="testNGAnnotation_Flags.Flag3" name="method1" time="0.0"/>
  <testcase classname="testNGAnnotation_Flags.Flag3" name="method1" time="0.0"/>
  <testcase classname="testNGAnnotation_Flags.Flag3" name="method1" time="0.001"/>
  <testcase classname="testNGAnnotation_Flags.Flag3" name="method1" time="0.0"/>
  <testcase classname="testNGAnnotation_Flags.Flag3" name="method1" time="0.001"/>
  <testcase classname="testNGAnnotation_Flags.Flag3" name="method1" time="0.0"/>
  <testcase classname="testNGAnnotation_Flags.Flag3" name="method1" time="0.0"/>
  <testcase classname="testNGAnnotation_Flags.Flag3" name="method1" time="0.0"/>
  <testcase classname="testNGAnnotation_Flags.Flag3" name="method1" time="0.0"/>
  <testcase classname="testNGAnnotation_Flags.Flag3" name="method1" time="0.001"/>
  <testcase classname="testNGAnnotation_Flags.Flag3" name="method1" time="0.001"/>
  <testcase classname="testNGAnnotation_Flags.Flag3" name="method1" time="0.001"/>
  <testcase classname="testNGAnnotation_Flags.Flag3" name="method1" time="0.0"/>
  <testcase classname="testNGAnnotation_Flags.Flag3" name="method1" time="0.0"/>
  <testcase classname="testNGAnnotation_Flags.Flag3" name="method1" time="0.0"/>
  <testcase classname="testNGAnnotation_Flags.Flag3" name="method1" time="0.0"/>
  <testcase classname="testNGAnnotation_Flags.Flag3" name="method1" time="0.0"/>
  <testcase classname="testNGAnnotation_Flags.Flag3" name="method1" time="0.001"/>
  <testcase classname="testNGAnnotation_Flags.Flag3" name="method1" time="0.001"/>
  <testcase classname="testNGAnnotation_Flags.Flag3" name="method1" time="0.0"/>
  <testcase classname="testNGAnnotation_Flags.Flag3" name="method1" time="0.0"/>
  <testcase classname="testNGAnnotation_Flags.Flag3" name="method1" time="0.001"/>
  <testcase classname="testNGAnnotation_Flags.Flag3" name="method1" time="0.001"/>
  <testcase classname="testNGAnnotation_Flags.Flag3" name="method1" time="0.0"/>
  <testcase classname="testNGAnnotation_Flags.Flag3" name="method1" time="0.0"/>
  <testcase classname="testNGAnnotation_Flags.Flag3" name="method1" time="0.0"/>
  <testcase classname="testNGAnnotation_Flags.Flag3" name="method1" time="0.0"/>
  <testcase classname="testNGAnnotation_Flags.Flag3" name="method1" time="0.0"/>
  <testcase classname="testNGAnnotation_Flags.Flag3" name="method1" time="0.001"/>
  <testcase classname="testNGAnnotation_Flags.Flag3" name="method1" time="0.001"/>
  <testcase classname="testNGAnnotation_Flags.Flag3" name="method1" time="0.0"/>
  <testcase classname="testNGAnnotation_Flags.Flag3" name="method1" time="0.0"/>
  <testcase classname="testNGAnnotation_Flags.Flag3" name="method1" time="0.001"/>
  <testcase classname="testNGAnnotation_Flags.Flag3" name="method1" time="0.002"/>
  <testcase classname="testNGAnnotation_Flags.Flag3" name="method1" time="0.0"/>
  <testcase classname="testNGAnnotation_Flags.Flag3" name="method1" time="0.0"/>
  <testcase classname="testNGAnnotation_Flags.Flag3" name="method1" time="0.0"/>
  <testcase classname="testNGAnnotation_Flags.Flag3" name="method1" time="0.0"/>
  <testcase classname="testNGAnnotation_Flags.Flag3" name="method1" time="0.0"/>
  <testcase classname="testNGAnnotation_Flags.Flag3" name="method1" time="0.0"/>
  <testcase classname="testNGAnnotation_Flags.Flag3" name="method1" time="0.0"/>
  <testcase classname="testNGAnnotation_Flags.Flag3" name="method1" time="0.001"/>
  <testcase classname="testNGAnnotation_Flags.Flag3" name="method1" time="0.001"/>
  <testcase classname="testNGAnnotation_Flags.Flag3" name="method1" time="0.001"/>
  <testcase classname="testNGAnnotation_Flags.Flag3" name="method1" time="0.001"/>
  <testcase classname="testNGAnnotation_Flags.Flag3" name="method1" time="0.0"/>
  <testcase classname="testNGAnnotation_Flags.Flag3" name="method1" time="0.0"/>
  <testcase classname="testNGAnnotation_Flags.Flag3" name="method1" time="0.0"/>
  <testcase classname="testNGAnnotation_Flags.Flag3" name="method1" time="0.0"/>
  <testcase classname="testNGAnnotation_Flags.Flag3" name="method1" time="0.0"/>
  <testcase classname="testNGAnnotation_Flags.Flag3" name="method1" time="0.001"/>
  <testcase classname="testNGAnnotation_Flags.Flag3" name="method1" time="0.001"/>
  <testcase classname="testNGAnnotation_Flags.Flag3" name="method1" time="0.001"/>
  <testcase classname="testNGAnnotation_Flags.Flag3" name="method1" time="0.001"/>
  <testcase classname="testNGAnnotation_Flags.Flag3" name="method1" time="0.001"/>
  <testcase classname="testNGAnnotation_Flags.Flag3" name="method1" time="0.001"/>
  <testcase classname="testNGAnnotation_Flags.Flag3" name="method1" time="0.0"/>
  <testcase classname="testNGAnnotation_Flags.Flag3" name="method1" time="0.0"/>
  <testcase classname="testNGAnnotation_Flags.Flag3" name="method1" time="0.0"/>
  <testcase classname="testNGAnnotation_Flags.Flag3" name="method1" time="0.004"/>
  <testcase classname="testNGAnnotation_Flags.Flag3" name="method1" time="0.001"/>
  <testcase classname="testNGAnnotation_Flags.Flag3" name="method1" time="0.001"/>
  <testcase classname="testNGAnnotation_Flags.Flag3" name="method1" time="0.001"/>
  <testcase classname="testNGAnnotation_Flags.Flag3" name="method1" time="0.001"/>
  <testcase classname="testNGAnnotation_Flags.Flag3" name="method1" time="0.001"/>
  <testcase classname="testNGAnnotation_Flags.Flag3" name="method1" time="0.001"/>
  <testcase classname="testNGAnnotation_Flags.Flag3" name="method1" time="0.0"/>
  <testcase classname="testNGAnnotation_Flags.Flag3" name="method1" time="0.0"/>
  <testcase classname="testNGAnnotation_Flags.Flag3" name="method1" time="0.001"/>
  <testcase classname="testNGAnnotation_Flags.Flag3" name="method1" time="0.0"/>
  <testcase classname="testNGAnnotation_Flags.Flag3" name="method1" time="0.0"/>
  <testcase classname="testNGAnnotation_Flags.Flag3" name="method1" time="0.0"/>
  <testcase classname="testNGAnnotation_Flags.Flag3" name="method1" time="0.001"/>
  <testcase classname="testNGAnnotation_Flags.Flag3" name="method1" time="0.001"/>
  <testcase classname="testNGAnnotation_Flags.Flag3" name="method1" time="0.001"/>
  <testcase classname="testNGAnnotation_Flags.Flag3" name="method1" time="0.0"/>
  <testcase classname="testNGAnnotation_Flags.Flag3" name="method1" time="0.0"/>
  <testcase classname="testNGAnnotation_Flags.Flag3" name="method1" time="0.0"/>
  <testcase classname="testNGAnnotation_Flags.Flag3" name="method1" time="0.0"/>
  <testcase classname="testNGAnnotation_Flags.Flag3" name="method1" time="0.0"/>
  <testcase classname="testNGAnnotation_Flags.Flag3" name="method1" time="0.0"/>
  <testcase classname="testNGAnnotation_Flags.Flag3" name="method1" time="0.001"/>
  <testcase classname="testNGAnnotation_Flags.Flag3" name="method1" time="0.001"/>
  <testcase classname="testNGAnnotation_Flags.Flag3" name="method1" time="0.001"/>
  <testcase classname="testNGAnnotation_Flags.Flag3" name="method1" time="0.002"/>
  <testcase classname="testNGAnnotation_Flags.Flag3" name="method1" time="0.001"/>
  <testcase classname="testNGAnnotation_Flags.Flag3" name="method1" time="0.001"/>
  <testcase classname="testNGAnnotation_Flags.Flag3" name="method1" time="0.0"/>
  <testcase classname="testNGAnnotation_Flags.Flag3" name="method1" time="0.0"/>
  <testcase classname="testNGAnnotation_Flags.Flag3" name="method1" time="0.0"/>
  <testcase classname="testNGAnnotation_Flags.Flag3" name="method1" time="0.001"/>
  <testcase classname="testNGAnnotation_Flags.Flag3" name="method1" time="0.001"/>
  <testcase classname="testNGAnnotation_Flags.Flag3" name="method1" time="0.118"/>
  <testcase classname="testNGAnnotation_Flags.Flag3" name="method1" time="0.001"/>
  <testcase classname="testNGAnnotation_Flags.Flag3" name="method1" time="0.0"/>
  <testcase classname="testNGAnnotation_Flags.Flag3" name="method1" time="0.004"/>
  <testcase classname="testNGAnnotation_Flags.Flag3" name="method1" time="0.001"/>
  <testcase classname="testNGAnnotation_Flags.Flag3" name="method1" time="0.001"/>
  <testcase classname="testNGAnnotation_Flags.Flag3" name="method1" time="0.036"/>
  <testcase classname="testNGAnnotation_Flags.Flag3" name="method1" time="0.001"/>
  <testcase classname="testNGAnnotation_Flags.Flag3" name="method1" time="0.0"/>
  <testcase classname="testNGAnnotation_Flags.Flag3" name="method1" time="0.001"/>
  <testcase classname="testNGAnnotation_Flags.Flag3" name="method1" time="0.012"/>
  <testcase classname="testNGAnnotation_Flags.Flag3" name="method1" time="0.001"/>
  <testcase classname="testNGAnnotation_Flags.Flag3" name="method1" time="0.002"/>
  <testcase classname="testNGAnnotation_Flags.Flag3" name="method1" time="0.003"/>
  <testcase classname="testNGAnnotation_Flags.Flag3" name="method1" time="0.001"/>
  <testcase classname="testNGAnnotation_Flags.Flag3" name="method1" time="0.001"/>
  <testcase classname="testNGAnnotation_Flags.Flag3" name="method1" time="0.0"/>
  <testcase classname="testNGAnnotation_Flags.Flag3" name="method1" time="0.002"/>
  <testcase classname="testNGAnnotation_Flags.Flag3" name="method1" time="0.002"/>
  <testcase classname="testNGAnnotation_Flags.Flag3" name="method1" time="0.0"/>
  <testcase classname="testNGAnnotation_Flags.Flag3" name="method1" time="0.001"/>
  <testcase classname="testNGAnnotation_Flags.Flag3" name="method1" time="0.0"/>
  <testcase classname="testNGAnnotation_Flags.Flag3" name="method1" time="0.001"/>
  <testcase classname="testNGAnnotation_Flags.Flag3" name="method1" time="0.0"/>
  <testcase classname="testNGAnnotation_Flags.Flag3" name="method1" time="0.113"/>
  <testcase classname="testNGAnnotation_Flags.Flag3" name="method1" time="0.002"/>
  <testcase classname="testNGAnnotation_Flags.Flag3" name="method1" time="0.001"/>
  <testcase classname="testNGAnnotation_Flags.Flag3" name="method1" time="0.0"/>
  <testcase classname="testNGAnnotation_Flags.Flag3" name="method1" time="0.0"/>
  <testcase classname="testNGAnnotation_Flags.Flag3" name="method1" time="0.103"/>
  <testcase classname="testNGAnnotation_Flags.Flag3" name="method1" time="0.001"/>
  <testcase classname="testNGAnnotation_Flags.Flag3" name="method1" time="0.0"/>
  <testcase classname="testNGAnnotation_Flags.Flag3" name="method1" time="0.0"/>
  <testcase classname="testNGAnnotation_Flags.Flag3" name="method1" time="0.001"/>
  <testcase classname="testNGAnnotation_Flags.Flag3" name="method1" time="0.001"/>
  <testcase classname="testNGAnnotation_Flags.Flag3" name="method1" time="0.0"/>
  <testcase classname="testNGAnnotation_Flags.Flag3" name="method1" time="0.001"/>
  <testcase classname="testNGAnnotation_Flags.Flag3" name="method1" time="0.004"/>
  <testcase classname="testNGAnnotation_Flags.Flag3" name="method1" time="0.001"/>
  <testcase classname="testNGAnnotation_Flags.Flag3" name="method1" time="0.001"/>
  <testcase classname="testNGAnnotation_Flags.Flag3" name="method1" time="0.001"/>
  <testcase classname="testNGAnnotation_Flags.Flag3" name="method1" time="0.0"/>
  <testcase classname="testNGAnnotation_Flags.Flag3" name="method1" time="0.002"/>
  <testcase classname="testNGAnnotation_Flags.Flag3" name="method1" time="0.001"/>
  <testcase classname="testNGAnnotation_Flags.Flag3" name="method1" time="0.0"/>
  <testcase classname="testNGAnnotation_Flags.Flag3" name="method1" time="0.001"/>
  <testcase classname="testNGAnnotation_Flags.Flag3" name="method1" time="0.0"/>
  <testcase classname="testNGAnnotation_Flags.Flag3" name="method1" time="0.002"/>
  <testcase classname="testNGAnnotation_Flags.Flag3" name="method1" time="0.005"/>
  <testcase classname="testNGAnnotation_Flags.Flag3" name="method1" time="0.001"/>
  <testcase classname="testNGAnnotation_Flags.Flag3" name="method1" time="0.0"/>
  <testcase classname="testNGAnnotation_Flags.Flag3" name="method1" time="0.0"/>
  <testcase classname="testNGAnnotation_Flags.Flag3" name="method1" time="0.001"/>
  <testcase classname="testNGAnnotation_Flags.Flag3" name="method1" time="0.0"/>
  <testcase classname="testNGAnnotation_Flags.Flag3" name="method1" time="0.0"/>
  <testcase classname="testNGAnnotation_Flags.Flag3" name="method1" time="0.001"/>
  <testcase classname="testNGAnnotation_Flags.Flag3" name="method1" time="0.006"/>
  <testcase classname="testNGAnnotation_Flags.Flag3" name="method1" time="0.001"/>
  <testcase classname="testNGAnnotation_Flags.Flag3" name="method1" time="0.0"/>
  <testcase classname="testNGAnnotation_Flags.Flag3" name="method1" time="0.0"/>
  <testcase classname="testNGAnnotation_Flags.Flag3" name="method1" time="0.114"/>
  <testcase classname="testNGAnnotation_Flags.Flag3" name="method1" time="0.0"/>
  <testcase classname="testNGAnnotation_Flags.Flag3" name="method1" time="0.0"/>
  <testcase classname="testNGAnnotation_Flags.Flag3" name="method1" time="0.013"/>
  <testcase classname="testNGAnnotation_Flags.Flag3" name="method1" time="0.001"/>
  <testcase classname="testNGAnnotation_Flags.Flag3" name="method1" time="0.0"/>
  <testcase classname="testNGAnnotation_Flags.Flag3" name="method1" time="0.0"/>
  <testcase classname="testNGAnnotation_Flags.Flag3" name="method1" time="0.0"/>
  <testcase classname="testNGAnnotation_Flags.Flag3" name="method1" time="0.0"/>
  <testcase classname="testNGAnnotation_Flags.Flag3" name="method1" time="0.0"/>
  <testcase classname="testNGAnnotation_Flags.Flag3" name="method1" time="0.001"/>
  <testcase classname="testNGAnnotation_Flags.Flag3" name="method1" time="0.001"/>
  <testcase classname="testNGAnnotation_Flags.Flag3" name="method1" time="0.001"/>
  <testcase classname="testNGAnnotation_Flags.Flag3" name="method1" time="0.0"/>
  <testcase classname="testNGAnnotation_Flags.Flag3" name="method1" time="0.0"/>
  <testcase classname="testNGAnnotation_Flags.Flag3" name="method1" time="0.0"/>
  <testcase classname="testNGAnnotation_Flags.Flag3" name="method1" time="0.0"/>
  <testcase classname="testNGAnnotation_Flags.Flag3" name="method1" time="0.0"/>
  <testcase classname="testNGAnnotation_Flags.Flag3" name="method1" time="0.0"/>
  <testcase classname="testNGAnnotation_Flags.Flag3" name="method1" time="0.012"/>
  <testcase classname="testNGAnnotation_Flags.Flag3" name="method1" time="0.001"/>
  <testcase classname="testNGAnnotation_Flags.Flag3" name="method1" time="0.001"/>
  <testcase classname="testNGAnnotation_Flags.Flag3" name="method1" time="0.0"/>
  <testcase classname="testNGAnnotation_Flags.Flag3" name="method1" time="0.005"/>
  <testcase classname="testNGAnnotation_Flags.Flag3" name="method1" time="0.0"/>
  <testcase classname="testNGAnnotation_Flags.Flag3" name="method1" time="0.001"/>
  <testcase classname="testNGAnnotation_Flags.Flag3" name="method1" time="0.001"/>
  <testcase classname="testNGAnnotation_Flags.Flag3" name="method1" time="0.0"/>
  <testcase classname="testNGAnnotation_Flags.Flag3" name="method1" time="0.001"/>
  <testcase classname="testNGAnnotation_Flags.Flag3" name="method1" time="0.005"/>
  <testcase classname="testNGAnnotation_Flags.Flag3" name="method1" time="0.001"/>
  <testcase classname="testNGAnnotation_Flags.Flag3" name="method1" time="0.0"/>
  <testcase classname="testNGAnnotation_Flags.Flag3" name="method1" time="0.0"/>
  <testcase classname="testNGAnnotation_Flags.Flag3" name="method1" time="0.001"/>
  <testcase classname="testNGAnnotation_Flags.Flag3" name="method1" time="0.001"/>
  <testcase classname="testNGAnnotation_Flags.Flag3" name="method1" time="0.012"/>
  <testcase classname="testNGAnnotation_Flags.Flag3" name="method1" time="0.001"/>
  <testcase classname="testNGAnnotation_Flags.Flag3" name="method1" time="0.0"/>
  <testcase classname="testNGAnnotation_Flags.Flag3" name="method1" time="0.001"/>
  <testcase classname="testNGAnnotation_Flags.Flag3" name="method1" time="0.001"/>
  <testcase classname="testNGAnnotation_Flags.Flag3" name="method1" time="0.0"/>
  <testcase classname="testNGAnnotation_Flags.Flag3" name="method1" time="0.0"/>
  <testcase classname="testNGAnnotation_Flags.Flag3" name="method1" time="0.011"/>
  <testcase classname="testNGAnnotation_Flags.Flag3" name="method1" time="0.0"/>
  <testcase classname="testNGAnnotation_Flags.Flag3" name="method1" time="0.0"/>
  <testcase classname="testNGAnnotation_Flags.Flag3" name="method1" time="0.0"/>
  <testcase classname="testNGAnnotation_Flags.Flag3" name="method1" time="0.0"/>
  <testcase classname="testNGAnnotation_Flags.Flag3" name="method1" time="0.0"/>
  <testcase classname="testNGAnnotation_Flags.Flag3" name="method1" time="0.0"/>
  <testcase classname="testNGAnnotation_Flags.Flag3" name="method1" time="0.0"/>
  <testcase classname="testNGAnnotation_Flags.Flag3" name="method1" time="0.0"/>
  <testcase classname="testNGAnnotation_Flags.Flag3" name="method1" time="0.0"/>
  <testcase classname="testNGAnnotation_Flags.Flag3" name="method1" time="0.0"/>
  <testcase classname="testNGAnnotation_Flags.Flag3" name="method1" time="0.0"/>
  <testcase classname="testNGAnnotation_Flags.Flag3" name="method1" time="0.0"/>
  <testcase classname="testNGAnnotation_Flags.Flag3" name="method1" time="0.0"/>
  <testcase classname="testNGAnnotation_Flags.Flag3" name="method1" time="0.0"/>
  <testcase classname="testNGAnnotation_Flags.Flag3" name="method1" time="0.0"/>
  <testcase classname="testNGAnnotation_Flags.Flag3" name="method1" time="0.001"/>
  <testcase classname="testNGAnnotation_Flags.Flag3" name="method1" time="0.0"/>
  <testcase classname="testNGAnnotation_Flags.Flag3" name="method1" time="0.0"/>
  <testcase classname="testNGAnnotation_Flags.Flag3" name="method1" time="0.0"/>
  <testcase classname="testNGAnnotation_Flags.Flag3" name="method1" time="0.0"/>
  <testcase classname="testNGAnnotation_Flags.Flag3" name="method1" time="0.0"/>
  <testcase classname="testNGAnnotation_Flags.Flag3" name="method1" time="0.0"/>
  <testcase classname="testNGAnnotation_Flags.Flag3" name="method1" time="0.0"/>
  <testcase classname="testNGAnnotation_Flags.Flag3" name="method1" time="0.0"/>
  <testcase classname="testNGAnnotation_Flags.Flag3" name="method1" time="0.0"/>
  <testcase classname="testNGAnnotation_Flags.Flag3" name="method1" time="0.022"/>
  <testcase classname="testNGAnnotation_Flags.Flag3" name="method1" time="0.001"/>
  <testcase classname="testNGAnnotation_Flags.Flag3" name="method1" time="0.0"/>
  <testcase classname="testNGAnnotation_Flags.Flag3" name="method1" time="0.0"/>
  <testcase classname="testNGAnnotation_Flags.Flag3" name="method1" time="0.001"/>
  <testcase classname="testNGAnnotation_Flags.Flag3" name="method1" time="0.0"/>
  <testcase classname="testNGAnnotation_Flags.Flag3" name="method1" time="0.001"/>
  <testcase classname="testNGAnnotation_Flags.Flag3" name="method1" time="0.0"/>
  <testcase classname="testNGAnnotation_Flags.Flag3" name="method1" time="0.0"/>
  <testcase classname="testNGAnnotation_Flags.Flag3" name="method1" time="0.001"/>
  <testcase classname="testNGAnnotation_Flags.Flag3" name="method1" time="0.005"/>
  <testcase classname="testNGAnnotation_Flags.Flag3" name="method1" time="0.0"/>
  <testcase classname="testNGAnnotation_Flags.Flag3" name="method1" time="0.0"/>
  <testcase classname="testNGAnnotation_Flags.Flag3" name="method1" time="0.001"/>
  <testcase classname="testNGAnnotation_Flags.Flag3" name="method1" time="0.001"/>
  <testcase classname="testNGAnnotation_Flags.Flag3" name="method1" time="0.004"/>
  <testcase classname="testNGAnnotation_Flags.Flag3" name="method1" time="0.001"/>
  <testcase classname="testNGAnnotation_Flags.Flag3" name="method1" time="0.0"/>
  <testcase classname="testNGAnnotation_Flags.Flag3" name="method1" time="0.0"/>
  <testcase classname="testNGAnnotation_Flags.Flag3" name="method1" time="0.0"/>
  <testcase classname="testNGAnnotation_Flags.Flag3" name="method1" time="0.0"/>
  <testcase classname="testNGAnnotation_Flags.Flag3" name="method1" time="0.001"/>
  <testcase classname="testNGAnnotation_Flags.Flag3" name="method1" time="0.0"/>
  <testcase classname="testNGAnnotation_Flags.Flag3" name="method1" time="0.0"/>
  <testcase classname="testNGAnnotation_Flags.Flag3" name="method1" time="0.001"/>
  <testcase classname="testNGAnnotation_Flags.Flag3" name="method1" time="0.001"/>
  <testcase classname="testNGAnnotation_Flags.Flag3" name="method1" time="0.033"/>
  <testcase classname="testNGAnnotation_Flags.Flag3" name="method1" time="0.0"/>
  <testcase classname="testNGAnnotation_Flags.Flag3" name="method1" time="0.0"/>
  <testcase classname="testNGAnnotation_Flags.Flag3" name="method1" time="0.001"/>
  <testcase classname="testNGAnnotation_Flags.Flag3" name="method1" time="0.0"/>
  <testcase classname="testNGAnnotation_Flags.Flag3" name="method1" time="0.0"/>
  <testcase classname="testNGAnnotation_Flags.Flag3" name="method1" time="0.0"/>
  <testcase classname="testNGAnnotation_Flags.Flag3" name="method1" time="0.001"/>
  <testcase classname="testNGAnnotation_Flags.Flag3" name="method1" time="0.001"/>
  <testcase classname="testNGAnnotation_Flags.Flag3" name="method1" time="0.001"/>
  <testcase classname="testNGAnnotation_Flags.Flag3" name="method1" time="0.0"/>
  <testcase classname="testNGAnnotation_Flags.Flag3" name="method1" time="0.0"/>
  <testcase classname="testNGAnnotation_Flags.Flag3" name="method1" time="0.001"/>
  <testcase classname="testNGAnnotation_Flags.Flag3" name="method1" time="0.0"/>
  <testcase classname="testNGAnnotation_Flags.Flag3" name="method1" time="0.001"/>
  <testcase classname="testNGAnnotation_Flags.Flag3" name="method1" time="0.0"/>
  <testcase classname="testNGAnnotation_Flags.Flag3" name="method1" time="0.0"/>
  <testcase classname="testNGAnnotation_Flags.Flag3" name="method1" time="0.003"/>
  <testcase classname="testNGAnnotation_Flags.Flag3" name="method1" time="0.001"/>
  <testcase classname="testNGAnnotation_Flags.Flag3" name="method1" time="0.006"/>
  <testcase classname="testNGAnnotation_Flags.Flag3" name="method1" time="0.001"/>
  <testcase classname="testNGAnnotation_Flags.Flag3" name="method1" time="0.003"/>
  <testcase classname="testNGAnnotation_Flags.Flag3" name="method1" time="0.0"/>
  <testcase classname="testNGAnnotation_Flags.Flag3" name="method1" time="0.001"/>
  <testcase classname="testNGAnnotation_Flags.Flag3" name="method1" time="0.001"/>
  <testcase classname="testNGAnnotation_Flags.Flag3" name="method1" time="0.001"/>
  <testcase classname="testNGAnnotation_Flags.Flag3" name="method1" time="0.001"/>
  <testcase classname="testNGAnnotation_Flags.Flag3" name="method1" time="0.0"/>
  <testcase classname="testNGAnnotation_Flags.Flag3" name="method1" time="0.001"/>
  <testcase classname="testNGAnnotation_Flags.Flag3" name="method1" time="0.001"/>
  <testcase classname="testNGAnnotation_Flags.Flag3" name="method1" time="0.001"/>
  <testcase classname="testNGAnnotation_Flags.Flag3" name="method1" time="0.001"/>
  <testcase classname="testNGAnnotation_Flags.Flag3" name="method1" time="0.001"/>
  <testcase classname="testNGAnnotation_Flags.Flag3" name="method1" time="0.0"/>
  <testcase classname="testNGAnnotation_Flags.Flag3" name="method1" time="0.0"/>
  <testcase classname="testNGAnnotation_Flags.Flag3" name="method1" time="0.0"/>
  <testcase classname="testNGAnnotation_Flags.Flag3" name="method1" time="0.001"/>
  <testcase classname="testNGAnnotation_Flags.Flag3" name="method1" time="0.0"/>
  <testcase classname="testNGAnnotation_Flags.Flag3" name="method1" time="0.0"/>
  <testcase classname="testNGAnnotation_Flags.Flag3" name="method1" time="0.001"/>
  <testcase classname="testNGAnnotation_Flags.Flag3" name="method1" time="0.002"/>
  <testcase classname="testNGAnnotation_Flags.Flag3" name="method1" time="0.0"/>
  <testcase classname="testNGAnnotation_Flags.Flag3" name="method1" time="0.001"/>
  <testcase classname="testNGAnnotation_Flags.Flag3" name="method1" time="0.0"/>
  <testcase classname="testNGAnnotation_Flags.Flag3" name="method1" time="0.0"/>
  <testcase classname="testNGAnnotation_Flags.Flag3" name="method1" time="0.0"/>
  <testcase classname="testNGAnnotation_Flags.Flag3" name="method1" time="0.0"/>
</testsuite> <!-- Default test -->
