<?xml version="1.0" encoding="UTF-8"?>
<!-- Generated by org.testng.reporters.JUnitXMLReporter -->
<testsuite ignored="0" hostname="SOMNATH-PC" failures="0" tests="18" name="Default test" time="0.281" errors="0" timestamp="2023-07-22T15:28:42 IST">
  <testcase classname="testNGAnnotation_Flags.Flag6" name="ft1" time="0.016"/>
  <testcase classname="testNGAnnotation_Flags.Flag6" name="ft2" time="0.003"/>
  <testcase classname="testNGAnnotation_Flags.Flag6" name="ft3" time="0.004"/>
  <testcase classname="testNGAnnotation_Flags.Flag6" name="ft4" time="0.003"/>
  <testcase classname="testNGAnnotation_Flags.Flag6" name="ft5" time="0.005"/>
  <testcase classname="testNGAnnotation_Flags.Flag6" name="ft6" time="0.005"/>
  <testcase classname="testNGAnnotation_Flags.Flag6" name="it1" time="0.004"/>
  <testcase classname="testNGAnnotation_Flags.Flag6" name="it2" time="0.003"/>
  <testcase classname="testNGAnnotation_Flags.Flag6" name="it3" time="0.003"/>
  <testcase classname="testNGAnnotation_Flags.Flag6" name="it4" time="0.001"/>
  <testcase classname="testNGAnnotation_Flags.Flag6" name="it5" time="0.003"/>
  <testcase classname="testNGAnnotation_Flags.Flag6" name="it6" time="0.002"/>
  <testcase classname="testNGAnnotation_Flags.Flag6" name="st1" time="0.007"/>
  <testcase classname="testNGAnnotation_Flags.Flag6" name="st2" time="0.003"/>
  <testcase classname="testNGAnnotation_Flags.Flag6" name="st3" time="0.002"/>
  <testcase classname="testNGAnnotation_Flags.Flag6" name="st4" time="0.002"/>
  <testcase classname="testNGAnnotation_Flags.Flag6" name="st5" time="0.004"/>
  <testcase classname="testNGAnnotation_Flags.Flag6" name="st6" time="0.002"/>
</testsuite> <!-- Default test -->
