<?xml version="1.0" encoding="UTF-8"?>
<!-- Generated by org.testng.reporters.JUnitXMLReporter -->
<testsuite ignored="0" hostname="SOMNATH-PC" failures="1" tests="1" name="FirefoxTest" time="2.303" errors="0" timestamp="2023-07-19T15:11:45 IST">
  <testcase classname="testNGExecution.SelectBrowser" name="chromeMethod" time="2.296">
    <failure type="org.openqa.selenium.SessionNotCreatedException" message="Could not start a new session. Response code 500. Message: Process unexpectedly closed with status 0 
Host info: host: &amp;apos;SOMNATH-PC&amp;apos;, ip: &amp;apos;192.168.159.1&amp;apos;
Build info: version: &amp;apos;4.9.0&amp;apos;, revision: &amp;apos;d7057100a6&amp;apos;
System info: os.name: &amp;apos;Windows 10&amp;apos;, os.arch: &amp;apos;amd64&amp;apos;, os.version: &amp;apos;10.0&amp;apos;, java.version: &amp;apos;16.0.2&amp;apos;
Driver info: org.openqa.selenium.firefox.FirefoxDriver
Command: [null, newSession {capabilities=[Capabilities {acceptInsecureCerts: true, browserName: firefox, moz:debuggerAddress: true, moz:firefoxOptions: {}}]}]">
      <![CDATA[org.openqa.selenium.SessionNotCreatedException: Could not start a new session. Response code 500. Message: Process unexpectedly closed with status 0 
Host info: host: 'SOMNATH-PC', ip: '192.168.159.1'
Build info: version: '4.9.0', revision: 'd7057100a6'
System info: os.name: 'Windows 10', os.arch: 'amd64', os.version: '10.0', java.version: '16.0.2'
Driver info: org.openqa.selenium.firefox.FirefoxDriver
Command: [null, newSession {capabilities=[Capabilities {acceptInsecureCerts: true, browserName: firefox, moz:debuggerAddress: true, moz:firefoxOptions: {}}]}]
at org.openqa.selenium.remote.ProtocolHandshake.createSession(ProtocolHandshake.java:136)
at org.openqa.selenium.remote.ProtocolHandshake.createSession(ProtocolHandshake.java:94)
at org.openqa.selenium.remote.ProtocolHandshake.createSession(ProtocolHandshake.java:68)
at org.openqa.selenium.remote.HttpCommandExecutor.execute(HttpCommandExecutor.java:165)
at org.openqa.selenium.remote.service.DriverCommandExecutor.invokeExecute(DriverCommandExecutor.java:183)
at org.openqa.selenium.remote.service.DriverCommandExecutor.execute(DriverCommandExecutor.java:158)
at org.openqa.selenium.remote.RemoteWebDriver.execute(RemoteWebDriver.java:543)
at org.openqa.selenium.remote.RemoteWebDriver.startSession(RemoteWebDriver.java:229)
at org.openqa.selenium.remote.RemoteWebDriver.<init>(RemoteWebDriver.java:157)
at org.openqa.selenium.firefox.FirefoxDriver.<init>(FirefoxDriver.java:150)
at org.openqa.selenium.firefox.FirefoxDriver.<init>(FirefoxDriver.java:146)
at org.openqa.selenium.firefox.FirefoxDriver.<init>(FirefoxDriver.java:131)
at org.openqa.selenium.firefox.FirefoxDriver.<init>(FirefoxDriver.java:127)
at org.openqa.selenium.firefox.FirefoxDriver.<init>(FirefoxDriver.java:112)
at org.openqa.selenium.firefox.FirefoxDriver.<init>(FirefoxDriver.java:102)
at testNGExecution.SelectBrowser.chromeMethod(SelectBrowser.java:34)
at java.base/java.util.ArrayList.forEach(ArrayList.java:1511)
... Removed 27 stack frames]]>
    </failure>
  </testcase> <!-- chromeMethod -->
</testsuite> <!-- FirefoxTest -->
